2025-07-08 22:52:29,393 - INFO - Bot iniciado.
2025-07-08 22:52:30,107 - INFO - 📨 Sistema de Telegram inicializado.
2025-07-08 22:52:30,107 - INFO - 
🔄 Ejecutando análisis: 2025-07-08 22:52:30
2025-07-08 22:52:30,107 - WARNING - ⚠️ No se encontraron señales de Triángulo Dorado en esta ejecución.
2025-07-08 22:57:54,030 - INFO - Bot iniciado.
2025-07-08 22:57:54,679 - INFO - 📨 Sistema de Telegram inicializado.
2025-07-08 22:57:54,680 - INFO - 
🔄 Ejecutando análisis: 2025-07-08 22:57:54
2025-07-08 22:57:55,589 - DEBUG - bitcoin - Último RSI: 53.92221595317736
2025-07-08 22:57:55,591 - DEBUG - bitcoin - Último MACD: 412.55797333801456
2025-07-08 22:57:55,591 - DEBUG - bitcoin - Último MACD Signal: nan
2025-07-08 22:57:55,598 - DEBUG - bitcoin - Señal generada: ⏳ Sin señal clara
2025-07-08 22:57:56,462 - DEBUG - ethereum - Último RSI: 54.835086323935876
2025-07-08 22:57:56,464 - DEBUG - ethereum - Último MACD: -4.7742652535785055
2025-07-08 22:57:56,465 - DEBUG - ethereum - Último MACD Signal: nan
2025-07-08 22:57:56,470 - DEBUG - ethereum - Señal generada: ⏳ Sin señal clara
2025-07-08 22:57:57,327 - WARNING - No hay datos válidos para tether. Saltando.
2025-07-08 22:57:58,192 - DEBUG - binance-coin - Último RSI: 55.00971905759923
2025-07-08 22:57:58,194 - DEBUG - binance-coin - Último MACD: 1.5473420232004855
2025-07-08 22:57:58,195 - DEBUG - binance-coin - Último MACD Signal: nan
2025-07-08 22:57:58,200 - DEBUG - binance-coin - Señal generada: ⏳ Sin señal clara
2025-07-08 22:57:59,068 - DEBUG - bnb - Último RSI: 55.00971905759923
2025-07-08 22:57:59,070 - DEBUG - bnb - Último MACD: 1.5473420232004855
2025-07-08 22:57:59,070 - DEBUG - bnb - Último MACD Signal: nan
2025-07-08 22:57:59,075 - DEBUG - bnb - Señal generada: ⏳ Sin señal clara
2025-07-08 22:57:59,935 - DEBUG - solana - Último RSI: 51.61503960308908
2025-07-08 22:57:59,936 - DEBUG - solana - Último MACD: -0.5226517479878225
2025-07-08 22:57:59,937 - DEBUG - solana - Último MACD Signal: nan
2025-07-08 22:57:59,939 - DEBUG - solana - Señal generada: ⏳ Sin señal clara
2025-07-08 22:58:00,821 - DEBUG - ripple - Último RSI: 60.23293755566765
2025-07-08 22:58:00,822 - DEBUG - ripple - Último MACD: 0.02011993689681768
2025-07-08 22:58:00,822 - DEBUG - ripple - Último MACD Signal: nan
2025-07-08 22:58:00,824 - DEBUG - ripple - Señal generada: ⏳ Sin señal clara
2025-07-08 22:58:01,670 - DEBUG - cardano - Último RSI: 46.583841834911425
2025-07-08 22:58:01,672 - DEBUG - cardano - Último MACD: -0.015018420522481812
2025-07-08 22:58:01,672 - DEBUG - cardano - Último MACD Signal: nan
2025-07-08 22:58:01,677 - DEBUG - cardano - Señal generada: ⏳ Sin señal clara
2025-07-08 22:58:02,536 - DEBUG - dogecoin - Último RSI: 50.778906207244056
2025-07-08 22:58:02,538 - DEBUG - dogecoin - Último MACD: -0.0025367610710099187
2025-07-08 22:58:02,538 - DEBUG - dogecoin - Último MACD Signal: nan
2025-07-08 22:58:02,543 - DEBUG - dogecoin - Señal generada: ⏳ Sin señal clara
2025-07-08 22:58:04,029 - DEBUG - litecoin - Último RSI: 51.93334273297855
2025-07-08 22:58:04,030 - DEBUG - litecoin - Último MACD: -0.15212006605999306
2025-07-08 22:58:04,030 - DEBUG - litecoin - Último MACD Signal: nan
2025-07-08 22:58:04,032 - DEBUG - litecoin - Señal generada: ⏳ Sin señal clara
2025-07-08 22:58:04,897 - DEBUG - polkadot - Último RSI: 43.891119554999825
2025-07-08 22:58:04,897 - DEBUG - polkadot - Último MACD: -0.11280397020859656
2025-07-08 22:58:04,897 - DEBUG - polkadot - Último MACD Signal: nan
2025-07-08 22:58:04,899 - DEBUG - polkadot - Señal generada: ⏳ Sin señal clara
2025-07-08 22:58:05,760 - DEBUG - tron - Último RSI: 61.03965692227229
2025-07-08 22:58:05,762 - DEBUG - tron - Último MACD: 0.0018801290236210577
2025-07-08 22:58:05,762 - DEBUG - tron - Último MACD Signal: nan
2025-07-08 22:58:05,766 - DEBUG - tron - Señal generada: ⏳ Sin señal clara
2025-07-08 22:58:06,624 - DEBUG - chainlink - Último RSI: 53.98437558447234
2025-07-08 22:58:06,627 - DEBUG - chainlink - Último MACD: -0.07519792578492535
2025-07-08 22:58:06,627 - DEBUG - chainlink - Último MACD Signal: nan
2025-07-08 22:58:06,632 - DEBUG - chainlink - Señal generada: ⏳ Sin señal clara
2025-07-08 22:58:07,495 - DEBUG - avalanche-2 - Último RSI: 46.03215026951056
2025-07-08 22:58:07,496 - DEBUG - avalanche-2 - Último MACD: -0.45205417890165833
2025-07-08 22:58:07,496 - DEBUG - avalanche-2 - Último MACD Signal: nan
2025-07-08 22:58:07,498 - DEBUG - avalanche-2 - Señal generada: ⏳ Sin señal clara
2025-07-08 22:58:08,430 - DEBUG - stellar - Último RSI: 57.85432245928622
2025-07-08 22:58:08,432 - DEBUG - stellar - Último MACD: -0.0019749696282105877
2025-07-08 22:58:08,433 - DEBUG - stellar - Último MACD Signal: nan
2025-07-08 22:58:08,439 - DEBUG - stellar - Señal generada: ⏳ Sin señal clara
2025-07-08 22:58:09,300 - DEBUG - uniswap - Último RSI: 53.009803367074745
2025-07-08 22:58:09,303 - DEBUG - uniswap - Último MACD: -0.06057852860915869
2025-07-08 22:58:09,304 - DEBUG - uniswap - Último MACD Signal: nan
2025-07-08 22:58:09,309 - DEBUG - uniswap - Señal generada: ⏳ Sin señal clara
2025-07-08 22:58:10,167 - DEBUG - aptos - Último RSI: 42.20459866112659
2025-07-08 22:58:10,168 - DEBUG - aptos - Último MACD: -0.08748531486760847
2025-07-08 22:58:10,168 - DEBUG - aptos - Último MACD Signal: nan
2025-07-08 22:58:10,170 - DEBUG - aptos - Señal generada: ⏳ Sin señal clara
2025-07-08 22:58:11,030 - DEBUG - hedera-hashgraph - Último RSI: 54.48663570377505
2025-07-08 22:58:11,034 - DEBUG - hedera-hashgraph - Último MACD: -0.0004835899957607859
2025-07-08 22:58:11,034 - DEBUG - hedera-hashgraph - Último MACD Signal: nan
2025-07-08 22:58:11,039 - DEBUG - hedera-hashgraph - Señal generada: ⏳ Sin señal clara
2025-07-08 22:58:11,913 - DEBUG - arbitrum - Último RSI: 49.29689532893241
2025-07-08 22:58:11,914 - DEBUG - arbitrum - Último MACD: -0.004524712614231874
2025-07-08 22:58:11,914 - DEBUG - arbitrum - Último MACD Signal: nan
2025-07-08 22:58:11,917 - DEBUG - arbitrum - Señal generada: ⏳ Sin señal clara
2025-07-08 22:58:12,776 - DEBUG - optimism - Último RSI: 42.88186044426553
2025-07-08 22:58:12,777 - DEBUG - optimism - Último MACD: -0.02126381088307361
2025-07-08 22:58:12,777 - DEBUG - optimism - Último MACD Signal: nan
2025-07-08 22:58:12,779 - DEBUG - optimism - Señal generada: ⏳ Sin señal clara
2025-07-08 22:58:13,631 - DEBUG - sui - Último RSI: 48.58325299306878
2025-07-08 22:58:13,633 - DEBUG - sui - Último MACD: -0.04857072956980435
2025-07-08 22:58:13,633 - DEBUG - sui - Último MACD Signal: nan
2025-07-08 22:58:13,636 - DEBUG - sui - Señal generada: ⏳ Sin señal clara
2025-07-08 22:58:14,488 - DEBUG - pepe - Último RSI: 46.95174219476694
2025-07-08 22:58:14,490 - DEBUG - pepe - Último MACD: -3.3577127006028206e-07
2025-07-08 22:58:14,491 - DEBUG - pepe - Último MACD Signal: nan
2025-07-08 22:58:14,494 - DEBUG - pepe - Señal generada: ⏳ Sin señal clara
2025-07-08 22:58:15,341 - DEBUG - floki - Último RSI: 59.90745107967215
2025-07-08 22:58:15,342 - DEBUG - floki - Último MACD: 8.698798648907929e-07
2025-07-08 22:58:15,342 - DEBUG - floki - Último MACD Signal: nan
2025-07-08 22:58:15,343 - DEBUG - floki - Señal generada: ⏳ Sin señal clara
2025-07-08 22:58:16,210 - DEBUG - shiba-inu - Último RSI: 50.339854713571725
2025-07-08 22:58:16,212 - DEBUG - shiba-inu - Último MACD: -1.370445798782433e-07
2025-07-08 22:58:16,212 - DEBUG - shiba-inu - Último MACD Signal: nan
2025-07-08 22:58:16,218 - DEBUG - shiba-inu - Señal generada: ⏳ Sin señal clara
2025-07-08 22:58:17,088 - DEBUG - the-open-network - Último RSI: 42.83834935064363
2025-07-08 22:58:17,090 - DEBUG - the-open-network - Último MACD: -0.07892096907065893
2025-07-08 22:58:17,090 - DEBUG - the-open-network - Último MACD Signal: nan
2025-07-08 22:58:17,095 - DEBUG - the-open-network - Señal generada: ⏳ Sin señal clara
2025-07-08 22:58:17,097 - WARNING - ⚠️ No se encontraron señales de Triángulo Dorado en esta ejecución.
2025-07-08 22:58:17,097 - INFO - 📊 APTOS - 2025-07-08 22:58:10
💰 Precio: $4.42
📉 RSI: 42.20 | MACD: -0.0875
🔔 ⏳ Sin señal clara

2025-07-08 22:58:17,097 - INFO - 📊 THE-OPEN-NETWORK - 2025-07-08 22:58:17
💰 Precio: $2.81
📉 RSI: 42.84 | MACD: -0.0789
🔔 ⏳ Sin señal clara

2025-07-08 22:58:17,097 - INFO - 📊 OPTIMISM - 2025-07-08 22:58:12
💰 Precio: $0.54
📉 RSI: 42.88 | MACD: -0.0213
🔔 ⏳ Sin señal clara

2025-07-08 22:58:17,098 - INFO - 📊 POLKADOT - 2025-07-08 22:58:04
💰 Precio: $3.43
📉 RSI: 43.89 | MACD: -0.1128
🔔 ⏳ Sin señal clara

2025-07-08 22:58:17,098 - INFO - 📊 AVALANCHE-2 - 2025-07-08 22:58:07
💰 Precio: $18.17
📉 RSI: 46.03 | MACD: -0.4521
🔔 ⏳ Sin señal clara

2025-07-08 22:58:17,098 - INFO - 📊 CARDANO - 2025-07-08 22:58:01
💰 Precio: $0.59
📉 RSI: 46.58 | MACD: -0.0150
🔔 ⏳ Sin señal clara

2025-07-08 22:58:17,098 - INFO - 📊 PEPE - 2025-07-08 22:58:14
💰 Precio: $0.00
📉 RSI: 46.95 | MACD: -0.0000
🔔 ⏳ Sin señal clara

2025-07-08 22:58:17,098 - INFO - 📊 SUI - 2025-07-08 22:58:13
💰 Precio: $2.89
📉 RSI: 48.58 | MACD: -0.0486
🔔 ⏳ Sin señal clara

2025-07-08 22:58:17,098 - INFO - 📊 ARBITRUM - 2025-07-08 22:58:11
💰 Precio: $0.33
📉 RSI: 49.30 | MACD: -0.0045
🔔 ⏳ Sin señal clara

2025-07-08 22:58:17,098 - INFO - 📊 SHIBA-INU - 2025-07-08 22:58:16
💰 Precio: $0.00
📉 RSI: 50.34 | MACD: -0.0000
🔔 ⏳ Sin señal clara

2025-07-08 22:58:17,098 - INFO - 📊 DOGECOIN - 2025-07-08 22:58:02
💰 Precio: $0.17
📉 RSI: 50.78 | MACD: -0.0025
🔔 ⏳ Sin señal clara

2025-07-08 22:58:17,098 - INFO - 📊 SOLANA - 2025-07-08 22:57:59
💰 Precio: $151.71
📉 RSI: 51.62 | MACD: -0.5227
🔔 ⏳ Sin señal clara

2025-07-08 22:58:17,098 - INFO - 📊 LITECOIN - 2025-07-08 22:58:04
💰 Precio: $87.66
📉 RSI: 51.93 | MACD: -0.1521
🔔 ⏳ Sin señal clara

2025-07-08 22:58:17,098 - INFO - 📊 UNISWAP - 2025-07-08 22:58:09
💰 Precio: $7.60
📉 RSI: 53.01 | MACD: -0.0606
🔔 ⏳ Sin señal clara

2025-07-08 22:58:17,098 - INFO - 📊 BITCOIN - 2025-07-08 22:57:55
💰 Precio: $108614.00
📉 RSI: 53.92 | MACD: 412.5580
🔔 ⏳ Sin señal clara

2025-07-08 23:07:15,517 - INFO - Bot iniciado.
2025-07-08 23:07:16,298 - INFO - 📨 Sistema de Telegram inicializado.
2025-07-08 23:07:16,298 - INFO - 
🔄 Ejecutando análisis: 2025-07-08 23:07:16
2025-07-08 23:07:17,234 - ERROR - ❌ Error analizando bitcoin: analyze_coin() missing 1 required positional argument: 'data'
2025-07-08 23:07:18,103 - ERROR - ❌ Error analizando ethereum: analyze_coin() missing 1 required positional argument: 'data'
2025-07-08 23:07:19,127 - WARNING - No hay datos válidos para tether. Saltando.
2025-07-08 23:07:20,052 - ERROR - ❌ Error analizando binance-coin: analyze_coin() missing 1 required positional argument: 'data'
2025-07-08 23:07:20,901 - ERROR - ❌ Error analizando bnb: analyze_coin() missing 1 required positional argument: 'data'
2025-07-08 23:07:21,752 - ERROR - ❌ Error analizando solana: analyze_coin() missing 1 required positional argument: 'data'
2025-07-08 23:07:22,643 - ERROR - ❌ Error analizando ripple: analyze_coin() missing 1 required positional argument: 'data'
2025-07-08 23:07:23,537 - ERROR - ❌ Error analizando cardano: analyze_coin() missing 1 required positional argument: 'data'
2025-07-08 23:07:24,556 - ERROR - ❌ Error analizando dogecoin: analyze_coin() missing 1 required positional argument: 'data'
2025-07-08 23:07:25,577 - ERROR - ❌ Error analizando litecoin: analyze_coin() missing 1 required positional argument: 'data'
2025-07-08 23:07:26,528 - ERROR - ❌ Error analizando polkadot: analyze_coin() missing 1 required positional argument: 'data'
2025-07-08 23:07:27,429 - ERROR - ❌ Error analizando tron: analyze_coin() missing 1 required positional argument: 'data'
2025-07-08 23:07:28,277 - ERROR - ❌ Error analizando chainlink: analyze_coin() missing 1 required positional argument: 'data'
2025-07-08 23:07:29,165 - ERROR - ❌ Error analizando avalanche-2: analyze_coin() missing 1 required positional argument: 'data'
2025-07-08 23:07:30,083 - ERROR - ❌ Error analizando stellar: analyze_coin() missing 1 required positional argument: 'data'
2025-07-08 23:07:31,005 - ERROR - ❌ Error analizando uniswap: analyze_coin() missing 1 required positional argument: 'data'
2025-07-08 23:07:31,955 - ERROR - ❌ Error analizando aptos: analyze_coin() missing 1 required positional argument: 'data'
2025-07-08 23:07:32,952 - ERROR - ❌ Error analizando hedera-hashgraph: analyze_coin() missing 1 required positional argument: 'data'
2025-07-08 23:07:33,977 - ERROR - ❌ Error analizando arbitrum: analyze_coin() missing 1 required positional argument: 'data'
2025-07-08 23:07:34,964 - ERROR - ❌ Error analizando optimism: analyze_coin() missing 1 required positional argument: 'data'
2025-07-08 23:07:35,922 - ERROR - ❌ Error analizando sui: analyze_coin() missing 1 required positional argument: 'data'
2025-07-08 23:07:36,944 - ERROR - ❌ Error analizando pepe: analyze_coin() missing 1 required positional argument: 'data'
2025-07-08 23:07:37,970 - ERROR - ❌ Error analizando floki: analyze_coin() missing 1 required positional argument: 'data'
2025-07-08 23:07:38,995 - ERROR - ❌ Error analizando shiba-inu: analyze_coin() missing 1 required positional argument: 'data'
2025-07-08 23:07:39,938 - ERROR - ❌ Error analizando the-open-network: analyze_coin() missing 1 required positional argument: 'data'
2025-07-08 23:07:39,939 - WARNING - ⚠️ No se encontraron señales de Triángulo Dorado en esta ejecución.
2025-07-08 23:09:35,265 - INFO - Bot iniciado.
2025-07-08 23:09:35,958 - INFO - 📨 Sistema de Telegram inicializado.
2025-07-08 23:09:35,958 - INFO - 
🔄 Ejecutando análisis: 2025-07-08 23:09:35
2025-07-08 23:09:36,873 - DEBUG - bitcoin - Último RSI: 53.8641305028829
2025-07-08 23:09:36,875 - DEBUG - bitcoin - Último MACD: 411.44196194197866
2025-07-08 23:09:36,875 - DEBUG - bitcoin - Último MACD Signal: nan
2025-07-08 23:09:36,882 - DEBUG - bitcoin - Señal generada: ⏳ Sin señal clara
2025-07-08 23:09:37,748 - DEBUG - ethereum - Último RSI: 54.77632891429697
2025-07-08 23:09:37,750 - DEBUG - ethereum - Último MACD: -4.82771254702584
2025-07-08 23:09:37,750 - DEBUG - ethereum - Último MACD Signal: nan
2025-07-08 23:09:37,756 - DEBUG - ethereum - Señal generada: ⏳ Sin señal clara
2025-07-08 23:09:38,625 - WARNING - No hay datos válidos para tether. Saltando.
2025-07-08 23:09:39,499 - DEBUG - binance-coin - Último RSI: 55.17423483484566
2025-07-08 23:09:39,501 - DEBUG - binance-coin - Último MACD: 1.566487322345779
2025-07-08 23:09:39,502 - DEBUG - binance-coin - Último MACD Signal: nan
2025-07-08 23:09:39,507 - DEBUG - binance-coin - Señal generada: ⏳ Sin señal clara
2025-07-08 23:09:40,372 - DEBUG - bnb - Último RSI: 55.17423483484566
2025-07-08 23:09:40,374 - DEBUG - bnb - Último MACD: 1.566487322345779
2025-07-08 23:09:40,374 - DEBUG - bnb - Último MACD Signal: nan
2025-07-08 23:09:40,376 - DEBUG - bnb - Señal generada: ⏳ Sin señal clara
2025-07-08 23:09:41,220 - DEBUG - solana - Último RSI: 51.85955553246079
2025-07-08 23:09:41,221 - DEBUG - solana - Último MACD: -0.5051018904379703
2025-07-08 23:09:41,221 - DEBUG - solana - Último MACD Signal: nan
2025-07-08 23:09:41,222 - DEBUG - solana - Señal generada: ⏳ Sin señal clara
2025-07-08 23:09:42,084 - DEBUG - ripple - Último RSI: 60.43376931788038
2025-07-08 23:09:42,087 - DEBUG - ripple - Último MACD: 0.020255549432430353
2025-07-08 23:09:42,087 - DEBUG - ripple - Último MACD Signal: nan
2025-07-08 23:09:42,092 - DEBUG - ripple - Señal generada: ⏳ Sin señal clara
2025-07-08 23:09:42,961 - DEBUG - cardano - Último RSI: 46.722295840643206
2025-07-08 23:09:42,962 - DEBUG - cardano - Último MACD: -0.014978534482595673
2025-07-08 23:09:42,963 - DEBUG - cardano - Último MACD Signal: nan
2025-07-08 23:09:42,967 - DEBUG - cardano - Señal generada: ⏳ Sin señal clara
2025-07-08 23:09:43,840 - DEBUG - dogecoin - Último RSI: 50.85764266014731
2025-07-08 23:09:43,841 - DEBUG - dogecoin - Último MACD: -0.0025295815838304314
2025-07-08 23:09:43,841 - DEBUG - dogecoin - Último MACD Signal: nan
2025-07-08 23:09:43,843 - DEBUG - dogecoin - Señal generada: ⏳ Sin señal clara
2025-07-08 23:09:44,722 - DEBUG - litecoin - Último RSI: 52.049749692965
2025-07-08 23:09:44,724 - DEBUG - litecoin - Último MACD: -0.14892918286911083
2025-07-08 23:09:44,724 - DEBUG - litecoin - Último MACD Signal: nan
2025-07-08 23:09:44,730 - DEBUG - litecoin - Señal generada: ⏳ Sin señal clara
2025-07-08 23:09:45,618 - DEBUG - polkadot - Último RSI: 44.01419254537274
2025-07-08 23:09:45,621 - DEBUG - polkadot - Último MACD: -0.11256465396928039
2025-07-08 23:09:45,621 - DEBUG - polkadot - Último MACD Signal: nan
2025-07-08 23:09:45,626 - DEBUG - polkadot - Señal generada: ⏳ Sin señal clara
2025-07-08 23:09:46,486 - DEBUG - tron - Último RSI: 60.906316686396856
2025-07-08 23:09:46,487 - DEBUG - tron - Último MACD: 0.0018721518156438188
2025-07-08 23:09:46,487 - DEBUG - tron - Último MACD Signal: nan
2025-07-08 23:09:46,489 - DEBUG - tron - Señal generada: ⏳ Sin señal clara
2025-07-08 23:09:47,359 - DEBUG - chainlink - Último RSI: 54.25126886311456
2025-07-08 23:09:47,362 - DEBUG - chainlink - Último MACD: -0.07360248418948423
2025-07-08 23:09:47,362 - DEBUG - chainlink - Último MACD Signal: nan
2025-07-08 23:09:47,368 - DEBUG - chainlink - Señal generada: ⏳ Sin señal clara
2025-07-08 23:09:48,214 - DEBUG - avalanche-2 - Último RSI: 46.18301360499707
2025-07-08 23:09:48,215 - DEBUG - avalanche-2 - Último MACD: -0.4504587373062172
2025-07-08 23:09:48,215 - DEBUG - avalanche-2 - Último MACD Signal: nan
2025-07-08 23:09:48,217 - DEBUG - avalanche-2 - Señal generada: ⏳ Sin señal clara
2025-07-08 23:09:49,084 - DEBUG - stellar - Último RSI: 58.25987812492044
2025-07-08 23:09:49,086 - DEBUG - stellar - Último MACD: -0.0019191291723701098
2025-07-08 23:09:49,086 - DEBUG - stellar - Último MACD Signal: nan
2025-07-08 23:09:49,091 - DEBUG - stellar - Señal generada: ⏳ Sin señal clara
2025-07-08 23:09:49,971 - DEBUG - uniswap - Último RSI: 53.15006150198453
2025-07-08 23:09:49,974 - DEBUG - uniswap - Último MACD: -0.0598605798912093
2025-07-08 23:09:49,974 - DEBUG - uniswap - Último MACD Signal: nan
2025-07-08 23:09:49,979 - DEBUG - uniswap - Señal generada: ⏳ Sin señal clara
2025-07-08 23:09:50,837 - DEBUG - aptos - Último RSI: 42.56769629522574
2025-07-08 23:09:50,837 - DEBUG - aptos - Último MACD: -0.08644827783057174
2025-07-08 23:09:50,837 - DEBUG - aptos - Último MACD Signal: nan
2025-07-08 23:09:50,839 - DEBUG - aptos - Señal generada: ⏳ Sin señal clara
2025-07-08 23:09:51,698 - DEBUG - hedera-hashgraph - Último RSI: 54.63238045582477
2025-07-08 23:09:51,701 - DEBUG - hedera-hashgraph - Último MACD: -0.0004732196253904031
2025-07-08 23:09:51,701 - DEBUG - hedera-hashgraph - Último MACD Signal: nan
2025-07-08 23:09:51,706 - DEBUG - hedera-hashgraph - Señal generada: ⏳ Sin señal clara
2025-07-08 23:09:52,574 - DEBUG - arbitrum - Último RSI: 49.460703641639086
2025-07-08 23:09:52,576 - DEBUG - arbitrum - Último MACD: -0.0044848265743457905
2025-07-08 23:09:52,576 - DEBUG - arbitrum - Último MACD Signal: nan
2025-07-08 23:09:52,577 - DEBUG - arbitrum - Señal generada: ⏳ Sin señal clara
2025-07-08 23:09:53,440 - DEBUG - optimism - Último RSI: 43.24237587175296
2025-07-08 23:09:53,443 - DEBUG - optimism - Último MACD: -0.021104266723529386
2025-07-08 23:09:53,443 - DEBUG - optimism - Último MACD Signal: nan
2025-07-08 23:09:53,448 - DEBUG - optimism - Señal generada: ⏳ Sin señal clara
2025-07-08 23:09:54,318 - DEBUG - sui - Último RSI: 48.61446352341276
2025-07-08 23:09:54,321 - DEBUG - sui - Último MACD: -0.04851488911396373
2025-07-08 23:09:54,321 - DEBUG - sui - Último MACD Signal: nan
2025-07-08 23:09:54,326 - DEBUG - sui - Señal generada: ⏳ Sin señal clara
2025-07-08 23:09:55,177 - DEBUG - pepe - Último RSI: 47.2694408893202
2025-07-08 23:09:55,178 - DEBUG - pepe - Último MACD: -3.333781076671193e-07
2025-07-08 23:09:55,178 - DEBUG - pepe - Último MACD Signal: nan
2025-07-08 23:09:55,180 - DEBUG - pepe - Señal generada: ⏳ Sin señal clara
2025-07-08 23:09:56,029 - DEBUG - floki - Último RSI: 61.22347828973064
2025-07-08 23:09:56,032 - DEBUG - floki - Último MACD: 9.568314318423557e-07
2025-07-08 23:09:56,032 - DEBUG - floki - Último MACD Signal: nan
2025-07-08 23:09:56,037 - DEBUG - floki - Señal generada: ⏳ Sin señal clara
2025-07-08 23:09:56,926 - DEBUG - shiba-inu - Último RSI: 50.49623683173052
2025-07-08 23:09:56,927 - DEBUG - shiba-inu - Último MACD: -1.3624685908052182e-07
2025-07-08 23:09:56,927 - DEBUG - shiba-inu - Último MACD Signal: nan
2025-07-08 23:09:56,930 - DEBUG - shiba-inu - Señal generada: ⏳ Sin señal clara
2025-07-08 23:09:57,790 - DEBUG - the-open-network - Último RSI: 43.00106174999591
2025-07-08 23:09:57,792 - DEBUG - the-open-network - Último MACD: -0.07876142491111437
2025-07-08 23:09:57,792 - DEBUG - the-open-network - Último MACD Signal: nan
2025-07-08 23:09:57,796 - DEBUG - the-open-network - Señal generada: ⏳ Sin señal clara
2025-07-08 23:09:57,798 - WARNING - ⚠️ No se encontraron señales de Triángulo Dorado en esta ejecución.
2025-07-08 23:09:57,798 - INFO - 📊 APTOS - 2025-07-08 23:09:50
💰 Precio: $4.43
📉 RSI: 42.57 | MACD: -0.0864
🔔 ⏳ Sin señal clara

2025-07-08 23:09:57,799 - INFO - 📊 THE-OPEN-NETWORK - 2025-07-08 23:09:57
💰 Precio: $2.81
📉 RSI: 43.00 | MACD: -0.0788
🔔 ⏳ Sin señal clara

2025-07-08 23:09:57,799 - INFO - 📊 OPTIMISM - 2025-07-08 23:09:53
💰 Precio: $0.54
📉 RSI: 43.24 | MACD: -0.0211
🔔 ⏳ Sin señal clara

2025-07-08 23:09:57,799 - INFO - 📊 POLKADOT - 2025-07-08 23:09:45
💰 Precio: $3.43
📉 RSI: 44.01 | MACD: -0.1126
🔔 ⏳ Sin señal clara

2025-07-08 23:09:57,799 - INFO - 📊 AVALANCHE-2 - 2025-07-08 23:09:48
💰 Precio: $18.19
📉 RSI: 46.18 | MACD: -0.4505
🔔 ⏳ Sin señal clara

2025-07-08 23:09:57,799 - INFO - 📊 CARDANO - 2025-07-08 23:09:42
💰 Precio: $0.59
📉 RSI: 46.72 | MACD: -0.0150
🔔 ⏳ Sin señal clara

2025-07-08 23:09:57,799 - INFO - 📊 PEPE - 2025-07-08 23:09:55
💰 Precio: $0.00
📉 RSI: 47.27 | MACD: -0.0000
🔔 ⏳ Sin señal clara

2025-07-08 23:09:57,799 - INFO - 📊 SUI - 2025-07-08 23:09:54
💰 Precio: $2.89
📉 RSI: 48.61 | MACD: -0.0485
🔔 ⏳ Sin señal clara

2025-07-08 23:09:57,799 - INFO - 📊 ARBITRUM - 2025-07-08 23:09:52
💰 Precio: $0.34
📉 RSI: 49.46 | MACD: -0.0045
🔔 ⏳ Sin señal clara

2025-07-08 23:09:57,799 - INFO - 📊 SHIBA-INU - 2025-07-08 23:09:56
💰 Precio: $0.00
📉 RSI: 50.50 | MACD: -0.0000
🔔 ⏳ Sin señal clara

2025-07-08 23:09:57,799 - INFO - 📊 DOGECOIN - 2025-07-08 23:09:43
💰 Precio: $0.17
📉 RSI: 50.86 | MACD: -0.0025
🔔 ⏳ Sin señal clara

2025-07-08 23:09:57,799 - INFO - 📊 SOLANA - 2025-07-08 23:09:41
💰 Precio: $151.93
📉 RSI: 51.86 | MACD: -0.5051
🔔 ⏳ Sin señal clara

2025-07-08 23:09:57,799 - INFO - 📊 LITECOIN - 2025-07-08 23:09:44
💰 Precio: $87.70
📉 RSI: 52.05 | MACD: -0.1489
🔔 ⏳ Sin señal clara

2025-07-08 23:09:57,799 - INFO - 📊 UNISWAP - 2025-07-08 23:09:49
💰 Precio: $7.61
📉 RSI: 53.15 | MACD: -0.0599
🔔 ⏳ Sin señal clara

2025-07-08 23:09:57,799 - INFO - 📊 BITCOIN - 2025-07-08 23:09:36
💰 Precio: $108600.01
📉 RSI: 53.86 | MACD: 411.4420
🔔 ⏳ Sin señal clara

2025-07-08 23:14:51,357 - INFO - Bot iniciado.
2025-07-08 23:14:52,086 - INFO - 📨 Sistema de Telegram inicializado.
2025-07-08 23:14:52,087 - INFO - 
🔄 Ejecutando análisis: 2025-07-08 23:14:52
2025-07-08 23:14:53,035 - DEBUG - bitcoin - Último RSI: 53.40831685640192
2025-07-08 23:14:53,038 - DEBUG - bitcoin - Último MACD: 402.6000246200565
2025-07-08 23:14:53,038 - DEBUG - bitcoin - Último MACD Signal: nan
2025-07-08 23:14:53,044 - DEBUG - bitcoin - Señal generada: ⏳ Sin señal clara
2025-07-08 23:14:53,927 - DEBUG - ethereum - Último RSI: 54.42208784073678
2025-07-08 23:14:53,928 - DEBUG - ethereum - Último MACD: -5.152384911698391
2025-07-08 23:14:53,928 - DEBUG - ethereum - Último MACD Signal: nan
2025-07-08 23:14:53,930 - DEBUG - ethereum - Señal generada: ⏳ Sin señal clara
2025-07-08 23:14:54,863 - WARNING - No hay datos válidos para tether. Saltando.
2025-07-08 23:14:55,713 - DEBUG - binance-coin - Último RSI: 55.00971905759923
2025-07-08 23:14:55,715 - DEBUG - binance-coin - Último MACD: 1.5473420232004855
2025-07-08 23:14:55,715 - DEBUG - binance-coin - Último MACD Signal: nan
2025-07-08 23:14:55,720 - DEBUG - binance-coin - Señal generada: ⏳ Sin señal clara
2025-07-08 23:14:56,579 - DEBUG - bnb - Último RSI: 54.995954883813916
2025-07-08 23:14:56,582 - DEBUG - bnb - Último MACD: 1.545746581605158
2025-07-08 23:14:56,582 - DEBUG - bnb - Último MACD Signal: nan
2025-07-08 23:14:56,587 - DEBUG - bnb - Señal generada: ⏳ Sin señal clara
2025-07-08 23:14:57,450 - DEBUG - solana - Último RSI: 51.53458811938406
2025-07-08 23:14:57,452 - DEBUG - solana - Último MACD: -0.5282357935718949
2025-07-08 23:14:57,453 - DEBUG - solana - Último MACD Signal: nan
2025-07-08 23:14:57,455 - DEBUG - solana - Señal generada: ⏳ Sin señal clara
2025-07-08 23:14:58,343 - DEBUG - ripple - Último RSI: 59.89173295958639
2025-07-08 23:14:58,345 - DEBUG - ripple - Último MACD: 0.01992050669738754
2025-07-08 23:14:58,345 - DEBUG - ripple - Último MACD Signal: nan
2025-07-08 23:14:58,350 - DEBUG - ripple - Señal generada: ⏳ Sin señal clara
2025-07-08 23:14:59,206 - DEBUG - cardano - Último RSI: 46.14625146399382
2025-07-08 23:14:59,208 - DEBUG - cardano - Último MACD: -0.01514605585011719
2025-07-08 23:14:59,209 - DEBUG - cardano - Último MACD Signal: nan
2025-07-08 23:14:59,215 - DEBUG - cardano - Señal generada: ⏳ Sin señal clara
2025-07-08 23:15:00,072 - DEBUG - dogecoin - Último RSI: 50.283264341118084
2025-07-08 23:15:00,073 - DEBUG - dogecoin - Último MACD: -0.00258143343568229
2025-07-08 23:15:00,073 - DEBUG - dogecoin - Último MACD Signal: nan
2025-07-08 23:15:00,076 - DEBUG - dogecoin - Señal generada: ⏳ Sin señal clara
2025-07-08 23:15:01,115 - DEBUG - litecoin - Último RSI: 51.93334273297855
2025-07-08 23:15:01,116 - DEBUG - litecoin - Último MACD: -0.15212006605999306
2025-07-08 23:15:01,116 - DEBUG - litecoin - Último MACD Signal: nan
2025-07-08 23:15:01,117 - DEBUG - litecoin - Señal generada: ⏳ Sin señal clara
2025-07-08 23:15:02,031 - DEBUG - polkadot - Último RSI: 43.76873292164405
2025-07-08 23:15:02,036 - DEBUG - polkadot - Último MACD: -0.11304328644791273
2025-07-08 23:15:02,037 - DEBUG - polkadot - Último MACD Signal: nan
2025-07-08 23:15:02,042 - DEBUG - polkadot - Señal generada: ⏳ Sin señal clara
2025-07-08 23:15:02,919 - DEBUG - tron - Último RSI: 61.03965692227229
2025-07-08 23:15:02,922 - DEBUG - tron - Último MACD: 0.0018801290236210577
2025-07-08 23:15:02,922 - DEBUG - tron - Último MACD Signal: nan
2025-07-08 23:15:02,928 - DEBUG - tron - Señal generada: ⏳ Sin señal clara
2025-07-08 23:15:03,805 - DEBUG - chainlink - Último RSI: 53.588923355803935
2025-07-08 23:15:03,807 - DEBUG - chainlink - Último MACD: -0.0775910881780888
2025-07-08 23:15:03,807 - DEBUG - chainlink - Último MACD Signal: nan
2025-07-08 23:15:03,814 - DEBUG - chainlink - Señal generada: ⏳ Sin señal clara
2025-07-08 23:15:04,682 - DEBUG - avalanche-2 - Último RSI: 45.73336130401148
2025-07-08 23:15:04,683 - DEBUG - avalanche-2 - Último MACD: -0.45524506209254056
2025-07-08 23:15:04,683 - DEBUG - avalanche-2 - Último MACD Signal: nan
2025-07-08 23:15:04,686 - DEBUG - avalanche-2 - Señal generada: ⏳ Sin señal clara
2025-07-08 23:15:05,543 - DEBUG - stellar - Último RSI: 58.144803711045796
2025-07-08 23:15:05,545 - DEBUG - stellar - Último MACD: -0.001935083588324532
2025-07-08 23:15:05,546 - DEBUG - stellar - Último MACD Signal: nan
2025-07-08 23:15:05,548 - DEBUG - stellar - Señal generada: ⏳ Sin señal clara
2025-07-08 23:15:06,424 - DEBUG - uniswap - Último RSI: 52.870283540531005
2025-07-08 23:15:06,425 - DEBUG - uniswap - Último MACD: -0.06129647732710719
2025-07-08 23:15:06,425 - DEBUG - uniswap - Último MACD Signal: nan
2025-07-08 23:15:06,428 - DEBUG - uniswap - Señal generada: ⏳ Sin señal clara
2025-07-08 23:15:07,304 - DEBUG - aptos - Último RSI: 42.37140942850977
2025-07-08 23:15:07,307 - DEBUG - aptos - Último MACD: -0.08700668238897613
2025-07-08 23:15:07,308 - DEBUG - aptos - Último MACD Signal: nan
2025-07-08 23:15:07,313 - DEBUG - aptos - Señal generada: ⏳ Sin señal clara
2025-07-08 23:15:08,168 - DEBUG - hedera-hashgraph - Último RSI: 54.19746666974801
2025-07-08 23:15:08,169 - DEBUG - hedera-hashgraph - Último MACD: -0.000504330736501496
2025-07-08 23:15:08,169 - DEBUG - hedera-hashgraph - Último MACD Signal: nan
2025-07-08 23:15:08,171 - DEBUG - hedera-hashgraph - Señal generada: ⏳ Sin señal clara
2025-07-08 23:15:09,023 - DEBUG - arbitrum - Último RSI: 49.19913012263349
2025-07-08 23:15:09,024 - DEBUG - arbitrum - Último MACD: -0.0045486442381634795
2025-07-08 23:15:09,024 - DEBUG - arbitrum - Último MACD Signal: nan
2025-07-08 23:15:09,027 - DEBUG - arbitrum - Señal generada: ⏳ Sin señal clara
2025-07-08 23:15:09,904 - DEBUG - optimism - Último RSI: 43.06136360052916
2025-07-08 23:15:09,907 - DEBUG - optimism - Último MACD: -0.021184038803301553
2025-07-08 23:15:09,907 - DEBUG - optimism - Último MACD Signal: nan
2025-07-08 23:15:09,912 - DEBUG - optimism - Señal generada: ⏳ Sin señal clara
2025-07-08 23:15:10,801 - DEBUG - sui - Último RSI: 48.28018956637242
2025-07-08 23:15:10,802 - DEBUG - sui - Último MACD: -0.04912115692023189
2025-07-08 23:15:10,802 - DEBUG - sui - Último MACD Signal: nan
2025-07-08 23:15:10,806 - DEBUG - sui - Señal generada: ⏳ Sin señal clara
2025-07-08 23:15:11,682 - DEBUG - pepe - Último RSI: 47.05716619236754
2025-07-08 23:15:11,689 - DEBUG - pepe - Último MACD: -3.3497354926256226e-07
2025-07-08 23:15:11,689 - DEBUG - pepe - Último MACD Signal: nan
2025-07-08 23:15:11,697 - DEBUG - pepe - Señal generada: ⏳ Sin señal clara
2025-07-08 23:15:13,149 - DEBUG - floki - Último RSI: 60.92877079042025
2025-07-08 23:15:13,153 - DEBUG - floki - Último MACD: 9.376861326970671e-07
2025-07-08 23:15:13,154 - DEBUG - floki - Último MACD Signal: nan
2025-07-08 23:15:13,158 - DEBUG - floki - Señal generada: ⏳ Sin señal clara
2025-07-08 23:15:14,031 - DEBUG - shiba-inu - Último RSI: 49.86726347265167
2025-07-08 23:15:14,034 - DEBUG - shiba-inu - Último MACD: -1.394377422714044e-07
2025-07-08 23:15:14,034 - DEBUG - shiba-inu - Último MACD Signal: nan
2025-07-08 23:15:14,037 - DEBUG - shiba-inu - Señal generada: ⏳ Sin señal clara
2025-07-08 23:15:14,903 - DEBUG - the-open-network - Último RSI: 43.00106174999591
2025-07-08 23:15:14,904 - DEBUG - the-open-network - Último MACD: -0.07876142491111437
2025-07-08 23:15:14,904 - DEBUG - the-open-network - Último MACD Signal: nan
2025-07-08 23:15:14,906 - DEBUG - the-open-network - Señal generada: ⏳ Sin señal clara
2025-07-08 23:15:14,907 - WARNING - ⚠️ No se encontraron señales de Triángulo Dorado en esta ejecución.
2025-07-08 23:15:14,907 - INFO - 📊 APTOS - 2025-07-08 23:15:07
💰 Precio: $4.42
📉 RSI: 42.37 | MACD: -0.0870
🔔 ⏳ Sin señal clara

2025-07-08 23:15:14,907 - INFO - 📊 THE-OPEN-NETWORK - 2025-07-08 23:15:14
💰 Precio: $2.81
📉 RSI: 43.00 | MACD: -0.0788
🔔 ⏳ Sin señal clara

2025-07-08 23:15:14,907 - INFO - 📊 OPTIMISM - 2025-07-08 23:15:09
💰 Precio: $0.54
📉 RSI: 43.06 | MACD: -0.0212
🔔 ⏳ Sin señal clara

2025-07-08 23:15:14,907 - INFO - 📊 POLKADOT - 2025-07-08 23:15:02
💰 Precio: $3.42
📉 RSI: 43.77 | MACD: -0.1130
🔔 ⏳ Sin señal clara

2025-07-08 23:15:14,907 - INFO - 📊 AVALANCHE-2 - 2025-07-08 23:15:04
💰 Precio: $18.13
📉 RSI: 45.73 | MACD: -0.4552
🔔 ⏳ Sin señal clara

2025-07-08 23:15:14,907 - INFO - 📊 CARDANO - 2025-07-08 23:14:59
💰 Precio: $0.59
📉 RSI: 46.15 | MACD: -0.0151
🔔 ⏳ Sin señal clara

2025-07-08 23:15:14,907 - INFO - 📊 PEPE - 2025-07-08 23:15:11
💰 Precio: $0.00
📉 RSI: 47.06 | MACD: -0.0000
🔔 ⏳ Sin señal clara

2025-07-08 23:15:14,907 - INFO - 📊 SUI - 2025-07-08 23:15:10
💰 Precio: $2.89
📉 RSI: 48.28 | MACD: -0.0491
🔔 ⏳ Sin señal clara

2025-07-08 23:15:14,907 - INFO - 📊 ARBITRUM - 2025-07-08 23:15:09
💰 Precio: $0.33
📉 RSI: 49.20 | MACD: -0.0045
🔔 ⏳ Sin señal clara

2025-07-08 23:15:14,907 - INFO - 📊 SHIBA-INU - 2025-07-08 23:15:14
💰 Precio: $0.00
📉 RSI: 49.87 | MACD: -0.0000
🔔 ⏳ Sin señal clara

2025-07-08 23:15:14,907 - INFO - 📊 DOGECOIN - 2025-07-08 23:15:00
💰 Precio: $0.17
📉 RSI: 50.28 | MACD: -0.0026
🔔 ⏳ Sin señal clara

2025-07-08 23:15:14,907 - INFO - 📊 SOLANA - 2025-07-08 23:14:57
💰 Precio: $151.64
📉 RSI: 51.53 | MACD: -0.5282
🔔 ⏳ Sin señal clara

2025-07-08 23:15:14,908 - INFO - 📊 LITECOIN - 2025-07-08 23:15:01
💰 Precio: $87.66
📉 RSI: 51.93 | MACD: -0.1521
🔔 ⏳ Sin señal clara

2025-07-08 23:15:14,908 - INFO - 📊 UNISWAP - 2025-07-08 23:15:06
💰 Precio: $7.59
📉 RSI: 52.87 | MACD: -0.0613
🔔 ⏳ Sin señal clara

2025-07-08 23:15:14,908 - INFO - 📊 BITCOIN - 2025-07-08 23:14:53
💰 Precio: $108489.17
📉 RSI: 53.41 | MACD: 402.6000
🔔 ⏳ Sin señal clara

2025-07-08 23:16:18,043 - INFO - Bot iniciado.
2025-07-08 23:16:19,022 - INFO - 📨 Sistema de Telegram inicializado.
2025-07-08 23:16:19,022 - INFO - 
🔄 Ejecutando análisis: 2025-07-08 23:16:19
2025-07-08 23:16:19,967 - DEBUG - bitcoin - Último RSI: 53.19590875659577
2025-07-08 23:16:19,969 - DEBUG - bitcoin - Último MACD: 398.42794484797923
2025-07-08 23:16:19,969 - DEBUG - bitcoin - Último MACD Signal: nan
2025-07-08 23:16:19,975 - DEBUG - bitcoin - Señal generada: ⏳ Sin señal clara
2025-07-08 23:16:20,976 - DEBUG - ethereum - Último RSI: 54.08179106408377
2025-07-08 23:16:20,978 - DEBUG - ethereum - Último MACD: -5.468282347595505
2025-07-08 23:16:20,978 - DEBUG - ethereum - Último MACD Signal: nan
2025-07-08 23:16:20,984 - DEBUG - ethereum - Señal generada: ⏳ Sin señal clara
2025-07-08 23:16:21,851 - WARNING - No hay datos válidos para tether. Saltando.
2025-07-08 23:16:22,731 - DEBUG - binance-coin - Último RSI: 54.920101132273835
2025-07-08 23:16:22,733 - DEBUG - binance-coin - Último MACD: 1.5369716528300614
2025-07-08 23:16:22,734 - DEBUG - binance-coin - Último MACD Signal: nan
2025-07-08 23:16:22,739 - DEBUG - binance-coin - Señal generada: ⏳ Sin señal clara
2025-07-08 23:16:23,591 - DEBUG - bnb - Último RSI: 54.91319265534345
2025-07-08 23:16:23,594 - DEBUG - bnb - Último MACD: 1.5361739320323977
2025-07-08 23:16:23,594 - DEBUG - bnb - Último MACD Signal: nan
2025-07-08 23:16:23,599 - DEBUG - bnb - Señal generada: ⏳ Sin señal clara
2025-07-08 23:16:24,582 - DEBUG - solana - Último RSI: 51.54649159456237
2025-07-08 23:16:24,585 - DEBUG - solana - Último MACD: -0.5274380727741743
2025-07-08 23:16:24,585 - DEBUG - solana - Último MACD Signal: nan
2025-07-08 23:16:24,590 - DEBUG - solana - Señal generada: ⏳ Sin señal clara
2025-07-08 23:16:25,460 - DEBUG - ripple - Último RSI: 59.76984369710837
2025-07-08 23:16:25,462 - DEBUG - ripple - Último MACD: 0.01984871182559278
2025-07-08 23:16:25,462 - DEBUG - ripple - Último MACD Signal: nan
2025-07-08 23:16:25,468 - DEBUG - ripple - Señal generada: ⏳ Sin señal clara
2025-07-08 23:16:26,323 - DEBUG - cardano - Último RSI: 46.22767233663839
2025-07-08 23:16:26,326 - DEBUG - cardano - Último MACD: -0.015122124226185418
2025-07-08 23:16:26,326 - DEBUG - cardano - Último MACD Signal: nan
2025-07-08 23:16:26,329 - DEBUG - cardano - Señal generada: ⏳ Sin señal clara
2025-07-08 23:16:27,188 - DEBUG - dogecoin - Último RSI: 50.06772853419968
2025-07-08 23:16:27,191 - DEBUG - dogecoin - Último MACD: -0.00260057873482758
2025-07-08 23:16:27,191 - DEBUG - dogecoin - Último MACD Signal: nan
2025-07-08 23:16:27,196 - DEBUG - dogecoin - Señal generada: ⏳ Sin señal clara
2025-07-08 23:16:28,038 - DEBUG - litecoin - Último RSI: 51.81745528913835
2025-07-08 23:16:28,038 - DEBUG - litecoin - Último MACD: -0.1553109492508753
2025-07-08 23:16:28,038 - DEBUG - litecoin - Último MACD Signal: nan
2025-07-08 23:16:28,040 - DEBUG - litecoin - Señal generada: ⏳ Sin señal clara
2025-07-08 23:16:28,881 - DEBUG - polkadot - Último RSI: 43.68752031212496
2025-07-08 23:16:28,882 - DEBUG - polkadot - Último MACD: -0.11320283060745684
2025-07-08 23:16:28,882 - DEBUG - polkadot - Último MACD Signal: nan
2025-07-08 23:16:28,884 - DEBUG - polkadot - Señal generada: ⏳ Sin señal clara
2025-07-08 23:16:29,763 - DEBUG - tron - Último RSI: 60.906316686396856
2025-07-08 23:16:29,765 - DEBUG - tron - Último MACD: 0.0018721518156438188
2025-07-08 23:16:29,765 - DEBUG - tron - Último MACD Signal: nan
2025-07-08 23:16:29,770 - DEBUG - tron - Señal generada: ⏳ Sin señal clara
2025-07-08 23:16:30,722 - DEBUG - chainlink - Último RSI: 53.588923355803935
2025-07-08 23:16:30,723 - DEBUG - chainlink - Último MACD: -0.0775910881780888
2025-07-08 23:16:30,723 - DEBUG - chainlink - Último MACD Signal: nan
2025-07-08 23:16:30,724 - DEBUG - chainlink - Señal generada: ⏳ Sin señal clara
2025-07-08 23:16:31,585 - DEBUG - avalanche-2 - Último RSI: 45.73336130401148
2025-07-08 23:16:31,587 - DEBUG - avalanche-2 - Último MACD: -0.45524506209254056
2025-07-08 23:16:31,588 - DEBUG - avalanche-2 - Último MACD Signal: nan
2025-07-08 23:16:31,593 - DEBUG - avalanche-2 - Señal generada: ⏳ Sin señal clara
2025-07-08 23:16:32,452 - DEBUG - stellar - Último RSI: 58.2024201217054
2025-07-08 23:16:32,453 - DEBUG - stellar - Último MACD: -0.001927106380347321
2025-07-08 23:16:32,453 - DEBUG - stellar - Último MACD Signal: nan
2025-07-08 23:16:32,455 - DEBUG - stellar - Señal generada: ⏳ Sin señal clara
2025-07-08 23:16:33,328 - DEBUG - uniswap - Último RSI: 52.963215012351455
2025-07-08 23:16:33,334 - DEBUG - uniswap - Último MACD: -0.060817844848474856
2025-07-08 23:16:33,334 - DEBUG - uniswap - Último MACD Signal: nan
2025-07-08 23:16:33,340 - DEBUG - uniswap - Señal generada: ⏳ Sin señal clara
2025-07-08 23:16:34,198 - DEBUG - aptos - Último RSI: 42.287839542894154
2025-07-08 23:16:34,199 - DEBUG - aptos - Último MACD: -0.08724599862829319
2025-07-08 23:16:34,199 - DEBUG - aptos - Último MACD Signal: nan
2025-07-08 23:16:34,201 - DEBUG - aptos - Señal generada: ⏳ Sin señal clara
2025-07-08 23:16:35,046 - DEBUG - hedera-hashgraph - Último RSI: 54.29721566098239
2025-07-08 23:16:35,047 - DEBUG - hedera-hashgraph - Último MACD: -0.0004971512493220365
2025-07-08 23:16:35,047 - DEBUG - hedera-hashgraph - Último MACD Signal: nan
2025-07-08 23:16:35,049 - DEBUG - hedera-hashgraph - Señal generada: ⏳ Sin señal clara
2025-07-08 23:16:35,920 - DEBUG - arbitrum - Último RSI: 49.16662783568212
2025-07-08 23:16:35,923 - DEBUG - arbitrum - Último MACD: -0.004556621446140663
2025-07-08 23:16:35,923 - DEBUG - arbitrum - Último MACD Signal: nan
2025-07-08 23:16:35,928 - DEBUG - arbitrum - Señal generada: ⏳ Sin señal clara
2025-07-08 23:16:36,790 - DEBUG - optimism - Último RSI: 43.06136360052916
2025-07-08 23:16:36,791 - DEBUG - optimism - Último MACD: -0.021184038803301553
2025-07-08 23:16:36,791 - DEBUG - optimism - Último MACD Signal: nan
2025-07-08 23:16:36,793 - DEBUG - optimism - Señal generada: ⏳ Sin señal clara
2025-07-08 23:16:37,649 - DEBUG - sui - Último RSI: 48.380789718448426
2025-07-08 23:16:37,650 - DEBUG - sui - Último MACD: -0.048937681136755895
2025-07-08 23:16:37,650 - DEBUG - sui - Último MACD Signal: nan
2025-07-08 23:16:37,652 - DEBUG - sui - Señal generada: ⏳ Sin señal clara
2025-07-08 23:16:38,510 - DEBUG - pepe - Último RSI: 47.05716619236754
2025-07-08 23:16:38,512 - DEBUG - pepe - Último MACD: -3.3497354926256226e-07
2025-07-08 23:16:38,512 - DEBUG - pepe - Último MACD Signal: nan
2025-07-08 23:16:38,517 - DEBUG - pepe - Señal generada: ⏳ Sin señal clara
2025-07-08 23:16:39,361 - DEBUG - floki - Último RSI: 60.977691518990646
2025-07-08 23:16:39,362 - DEBUG - floki - Último MACD: 9.408770158879462e-07
2025-07-08 23:16:39,362 - DEBUG - floki - Último MACD Signal: nan
2025-07-08 23:16:39,364 - DEBUG - floki - Señal generada: ⏳ Sin señal clara
2025-07-08 23:16:40,252 - DEBUG - shiba-inu - Último RSI: 50.1813321586636
2025-07-08 23:16:40,254 - DEBUG - shiba-inu - Último MACD: -1.378423006759648e-07
2025-07-08 23:16:40,254 - DEBUG - shiba-inu - Último MACD Signal: nan
2025-07-08 23:16:40,257 - DEBUG - shiba-inu - Señal generada: ⏳ Sin señal clara
2025-07-08 23:16:41,129 - DEBUG - the-open-network - Último RSI: 43.08207106898273
2025-07-08 23:16:41,131 - DEBUG - the-open-network - Último MACD: -0.07868165283134232
2025-07-08 23:16:41,131 - DEBUG - the-open-network - Último MACD Signal: nan
2025-07-08 23:16:41,135 - DEBUG - the-open-network - Señal generada: ⏳ Sin señal clara
2025-07-08 23:16:41,137 - WARNING - ⚠️ No se encontraron señales de Triángulo Dorado en esta ejecución.
2025-07-08 23:16:41,137 - INFO - 📊 APTOS - 2025-07-08 23:16:34
💰 Precio: $4.42
📉 RSI: 42.29 | MACD: -0.0872
🔔 ⏳ Sin señal clara

2025-07-08 23:16:41,137 - INFO - 📊 OPTIMISM - 2025-07-08 23:16:36
💰 Precio: $0.54
📉 RSI: 43.06 | MACD: -0.0212
🔔 ⏳ Sin señal clara

2025-07-08 23:16:41,137 - INFO - 📊 THE-OPEN-NETWORK - 2025-07-08 23:16:41
💰 Precio: $2.81
📉 RSI: 43.08 | MACD: -0.0787
🔔 ⏳ Sin señal clara

2025-07-08 23:16:41,137 - INFO - 📊 POLKADOT - 2025-07-08 23:16:28
💰 Precio: $3.42
📉 RSI: 43.69 | MACD: -0.1132
🔔 ⏳ Sin señal clara

2025-07-08 23:16:41,137 - INFO - 📊 AVALANCHE-2 - 2025-07-08 23:16:31
💰 Precio: $18.13
📉 RSI: 45.73 | MACD: -0.4552
🔔 ⏳ Sin señal clara

2025-07-08 23:16:41,137 - INFO - 📊 CARDANO - 2025-07-08 23:16:26
💰 Precio: $0.59
📉 RSI: 46.23 | MACD: -0.0151
🔔 ⏳ Sin señal clara

2025-07-08 23:16:41,137 - INFO - 📊 PEPE - 2025-07-08 23:16:38
💰 Precio: $0.00
📉 RSI: 47.06 | MACD: -0.0000
🔔 ⏳ Sin señal clara

2025-07-08 23:16:41,137 - INFO - 📊 SUI - 2025-07-08 23:16:37
💰 Precio: $2.89
📉 RSI: 48.38 | MACD: -0.0489
🔔 ⏳ Sin señal clara

2025-07-08 23:16:41,137 - INFO - 📊 ARBITRUM - 2025-07-08 23:16:35
💰 Precio: $0.33
📉 RSI: 49.17 | MACD: -0.0046
🔔 ⏳ Sin señal clara

2025-07-08 23:16:41,137 - INFO - 📊 DOGECOIN - 2025-07-08 23:16:27
💰 Precio: $0.17
📉 RSI: 50.07 | MACD: -0.0026
🔔 ⏳ Sin señal clara

2025-07-08 23:16:41,137 - INFO - 📊 SHIBA-INU - 2025-07-08 23:16:40
💰 Precio: $0.00
📉 RSI: 50.18 | MACD: -0.0000
🔔 ⏳ Sin señal clara

2025-07-08 23:16:41,137 - INFO - 📊 SOLANA - 2025-07-08 23:16:24
💰 Precio: $151.65
📉 RSI: 51.55 | MACD: -0.5274
🔔 ⏳ Sin señal clara

2025-07-08 23:16:41,137 - INFO - 📊 LITECOIN - 2025-07-08 23:16:28
💰 Precio: $87.62
📉 RSI: 51.82 | MACD: -0.1553
🔔 ⏳ Sin señal clara

2025-07-08 23:16:41,137 - INFO - 📊 UNISWAP - 2025-07-08 23:16:33
💰 Precio: $7.60
📉 RSI: 52.96 | MACD: -0.0608
🔔 ⏳ Sin señal clara

2025-07-08 23:16:41,137 - INFO - 📊 BITCOIN - 2025-07-08 23:16:19
💰 Precio: $108436.87
📉 RSI: 53.20 | MACD: 398.4279
🔔 ⏳ Sin señal clara

2025-07-08 23:18:59,963 - INFO - Bot iniciado.
2025-07-08 23:19:00,670 - INFO - 📨 Sistema de Telegram inicializado.
2025-07-08 23:19:00,670 - INFO - 
🔄 Ejecutando análisis: 2025-07-08 23:19:00
2025-07-08 23:19:01,580 - DEBUG - bitcoin - Último RSI: 53.21347066905951
2025-07-08 23:19:01,581 - DEBUG - bitcoin - Último MACD: 398.7741556741821
2025-07-08 23:19:01,581 - DEBUG - bitcoin - Último MACD Signal: nan
2025-07-08 23:19:01,584 - DEBUG - bitcoin - Señal generada: ⏳ Sin señal clara
2025-07-08 23:19:02,448 - DEBUG - ethereum - Último RSI: 54.10314854361827
2025-07-08 23:19:02,450 - DEBUG - ethereum - Último MACD: -5.448339327652775
2025-07-08 23:19:02,450 - DEBUG - ethereum - Último MACD Signal: nan
2025-07-08 23:19:02,456 - DEBUG - ethereum - Señal generada: ⏳ Sin señal clara
2025-07-08 23:19:03,326 - WARNING - No hay datos válidos para tether. Saltando.
2025-07-08 23:19:04,195 - DEBUG - binance-coin - Último RSI: 55.03034953922847
2025-07-08 23:19:04,196 - DEBUG - binance-coin - Último MACD: 1.549735185593704
2025-07-08 23:19:04,196 - DEBUG - binance-coin - Último MACD Signal: nan
2025-07-08 23:19:04,198 - DEBUG - binance-coin - Señal generada: ⏳ Sin señal clara
2025-07-08 23:19:05,059 - DEBUG - bnb - Último RSI: 55.03034953922847
2025-07-08 23:19:05,061 - DEBUG - bnb - Último MACD: 1.549735185593704
2025-07-08 23:19:05,061 - DEBUG - bnb - Último MACD Signal: nan
2025-07-08 23:19:05,063 - DEBUG - bnb - Señal generada: ⏳ Sin señal clara
2025-07-08 23:19:05,927 - DEBUG - solana - Último RSI: 51.69310912270927
2025-07-08 23:19:05,930 - DEBUG - solana - Último MACD: -0.5170677024037786
2025-07-08 23:19:05,930 - DEBUG - solana - Último MACD Signal: nan
2025-07-08 23:19:05,935 - DEBUG - solana - Señal generada: ⏳ Sin señal clara
2025-07-08 23:19:07,403 - DEBUG - ripple - Último RSI: 59.58122119724147
2025-07-08 23:19:07,406 - DEBUG - ripple - Último MACD: 0.019737030913911546
2025-07-08 23:19:07,406 - DEBUG - ripple - Último MACD Signal: nan
2025-07-08 23:19:07,411 - DEBUG - ripple - Señal generada: ⏳ Sin señal clara
2025-07-08 23:19:08,278 - DEBUG - cardano - Último RSI: 45.98426713862779
2025-07-08 23:19:08,280 - DEBUG - cardano - Último MACD: -0.01519391909798029
2025-07-08 23:19:08,280 - DEBUG - cardano - Último MACD Signal: nan
2025-07-08 23:19:08,285 - DEBUG - cardano - Señal generada: ⏳ Sin señal clara
2025-07-08 23:19:09,144 - DEBUG - dogecoin - Último RSI: 49.824953490660064
2025-07-08 23:19:09,145 - DEBUG - dogecoin - Último MACD: -0.0026221171963660694
2025-07-08 23:19:09,145 - DEBUG - dogecoin - Último MACD Signal: nan
2025-07-08 23:19:09,147 - DEBUG - dogecoin - Señal generada: ⏳ Sin señal clara
2025-07-08 23:19:10,000 - DEBUG - litecoin - Último RSI: 51.73087855008264
2025-07-08 23:19:10,002 - DEBUG - litecoin - Último MACD: -0.15770411164403697
2025-07-08 23:19:10,002 - DEBUG - litecoin - Último MACD Signal: nan
2025-07-08 23:19:10,008 - DEBUG - litecoin - Señal generada: ⏳ Sin señal clara
2025-07-08 23:19:10,869 - DEBUG - polkadot - Último RSI: 43.68752031212496
2025-07-08 23:19:10,870 - DEBUG - polkadot - Último MACD: -0.11320283060745684
2025-07-08 23:19:10,870 - DEBUG - polkadot - Último MACD Signal: nan
2025-07-08 23:19:10,872 - DEBUG - polkadot - Señal generada: ⏳ Sin señal clara
2025-07-08 23:19:11,724 - DEBUG - tron - Último RSI: 60.906316686396856
2025-07-08 23:19:11,728 - DEBUG - tron - Último MACD: 0.0018721518156438188
2025-07-08 23:19:11,728 - DEBUG - tron - Último MACD Signal: nan
2025-07-08 23:19:11,733 - DEBUG - tron - Señal generada: ⏳ Sin señal clara
2025-07-08 23:19:12,603 - DEBUG - chainlink - Último RSI: 53.588923355803935
2025-07-08 23:19:12,605 - DEBUG - chainlink - Último MACD: -0.0775910881780888
2025-07-08 23:19:12,605 - DEBUG - chainlink - Último MACD Signal: nan
2025-07-08 23:19:12,607 - DEBUG - chainlink - Señal generada: ⏳ Sin señal clara
2025-07-08 23:19:13,466 - DEBUG - avalanche-2 - Último RSI: 45.73336130401148
2025-07-08 23:19:13,467 - DEBUG - avalanche-2 - Último MACD: -0.45524506209254056
2025-07-08 23:19:13,467 - DEBUG - avalanche-2 - Último MACD Signal: nan
2025-07-08 23:19:13,469 - DEBUG - avalanche-2 - Señal generada: ⏳ Sin señal clara
2025-07-08 23:19:14,322 - DEBUG - stellar - Último RSI: 58.144803711045796
2025-07-08 23:19:14,325 - DEBUG - stellar - Último MACD: -0.001935083588324532
2025-07-08 23:19:14,326 - DEBUG - stellar - Último MACD Signal: nan
2025-07-08 23:19:14,332 - DEBUG - stellar - Señal generada: ⏳ Sin señal clara
2025-07-08 23:19:15,198 - DEBUG - uniswap - Último RSI: 52.978735362419314
2025-07-08 23:19:15,199 - DEBUG - uniswap - Último MACD: -0.0607380727687028
2025-07-08 23:19:15,199 - DEBUG - uniswap - Último MACD Signal: nan
2025-07-08 23:19:15,201 - DEBUG - uniswap - Señal generada: ⏳ Sin señal clara
2025-07-08 23:19:16,052 - DEBUG - aptos - Último RSI: 42.20459866112659
2025-07-08 23:19:16,055 - DEBUG - aptos - Último MACD: -0.08748531486760847
2025-07-08 23:19:16,055 - DEBUG - aptos - Último MACD Signal: nan
2025-07-08 23:19:16,060 - DEBUG - aptos - Señal generada: ⏳ Sin señal clara
2025-07-08 23:19:16,901 - DEBUG - hedera-hashgraph - Último RSI: 54.20853178872406
2025-07-08 23:19:16,902 - DEBUG - hedera-hashgraph - Último MACD: -0.0005035330157037721
2025-07-08 23:19:16,902 - DEBUG - hedera-hashgraph - Último MACD Signal: nan
2025-07-08 23:19:16,904 - DEBUG - hedera-hashgraph - Señal generada: ⏳ Sin señal clara
2025-07-08 23:19:17,769 - DEBUG - arbitrum - Último RSI: 49.264263783754146
2025-07-08 23:19:17,770 - DEBUG - arbitrum - Último MACD: -0.004532689822209113
2025-07-08 23:19:17,770 - DEBUG - arbitrum - Último MACD Signal: nan
2025-07-08 23:19:17,775 - DEBUG - arbitrum - Señal generada: ⏳ Sin señal clara
2025-07-08 23:19:18,652 - DEBUG - optimism - Último RSI: 42.88186044426553
2025-07-08 23:19:18,655 - DEBUG - optimism - Último MACD: -0.02126381088307361
2025-07-08 23:19:18,655 - DEBUG - optimism - Último MACD Signal: nan
2025-07-08 23:19:18,660 - DEBUG - optimism - Señal generada: ⏳ Sin señal clara
2025-07-08 23:19:19,502 - DEBUG - sui - Último RSI: 48.40710222191307
2025-07-08 23:19:19,502 - DEBUG - sui - Último MACD: -0.04888981788889257
2025-07-08 23:19:19,503 - DEBUG - sui - Último MACD Signal: nan
2025-07-08 23:19:19,504 - DEBUG - sui - Señal generada: ⏳ Sin señal clara
2025-07-08 23:19:20,370 - DEBUG - pepe - Último RSI: 47.05716619236754
2025-07-08 23:19:20,373 - DEBUG - pepe - Último MACD: -3.3497354926256226e-07
2025-07-08 23:19:20,373 - DEBUG - pepe - Último MACD Signal: nan
2025-07-08 23:19:20,378 - DEBUG - pepe - Señal generada: ⏳ Sin señal clara
2025-07-08 23:19:21,245 - DEBUG - floki - Último RSI: 60.68533987607068
2025-07-08 23:19:21,247 - DEBUG - floki - Último MACD: 9.21731716742644e-07
2025-07-08 23:19:21,247 - DEBUG - floki - Último MACD Signal: nan
2025-07-08 23:19:21,252 - DEBUG - floki - Señal generada: ⏳ Sin señal clara
2025-07-08 23:19:22,116 - DEBUG - shiba-inu - Último RSI: 50.02380485951512
2025-07-08 23:19:22,117 - DEBUG - shiba-inu - Último MACD: -1.386400214736863e-07
2025-07-08 23:19:22,117 - DEBUG - shiba-inu - Último MACD Signal: nan
2025-07-08 23:19:22,119 - DEBUG - shiba-inu - Señal generada: ⏳ Sin señal clara
2025-07-08 23:19:22,980 - DEBUG - the-open-network - Último RSI: 42.427474868215796
2025-07-08 23:19:22,983 - DEBUG - the-open-network - Último MACD: -0.07931982946951921
2025-07-08 23:19:22,983 - DEBUG - the-open-network - Último MACD Signal: nan
2025-07-08 23:19:22,989 - DEBUG - the-open-network - Señal generada: ⏳ Sin señal clara
2025-07-08 23:19:22,991 - WARNING - ⚠️ No se encontraron señales de Triángulo Dorado en esta ejecución.
2025-07-08 23:19:22,991 - INFO - 📊 APTOS - 2025-07-08 23:19:16
💰 Precio: $4.42
📉 RSI: 42.20 | MACD: -0.0875
🔔 ⏳ Sin señal clara

2025-07-08 23:19:22,991 - INFO - 📊 THE-OPEN-NETWORK - 2025-07-08 23:19:22
💰 Precio: $2.81
📉 RSI: 42.43 | MACD: -0.0793
🔔 ⏳ Sin señal clara

2025-07-08 23:19:22,991 - INFO - 📊 OPTIMISM - 2025-07-08 23:19:18
💰 Precio: $0.54
📉 RSI: 42.88 | MACD: -0.0213
🔔 ⏳ Sin señal clara

2025-07-08 23:19:22,991 - INFO - 📊 POLKADOT - 2025-07-08 23:19:10
💰 Precio: $3.42
📉 RSI: 43.69 | MACD: -0.1132
🔔 ⏳ Sin señal clara

2025-07-08 23:19:22,992 - INFO - 📊 AVALANCHE-2 - 2025-07-08 23:19:13
💰 Precio: $18.13
📉 RSI: 45.73 | MACD: -0.4552
🔔 ⏳ Sin señal clara

2025-07-08 23:19:22,992 - INFO - 📊 CARDANO - 2025-07-08 23:19:08
💰 Precio: $0.59
📉 RSI: 45.98 | MACD: -0.0152
🔔 ⏳ Sin señal clara

2025-07-08 23:19:22,992 - INFO - 📊 PEPE - 2025-07-08 23:19:20
💰 Precio: $0.00
📉 RSI: 47.06 | MACD: -0.0000
🔔 ⏳ Sin señal clara

2025-07-08 23:19:22,992 - INFO - 📊 SUI - 2025-07-08 23:19:19
💰 Precio: $2.89
📉 RSI: 48.41 | MACD: -0.0489
🔔 ⏳ Sin señal clara

2025-07-08 23:19:22,992 - INFO - 📊 ARBITRUM - 2025-07-08 23:19:17
💰 Precio: $0.33
📉 RSI: 49.26 | MACD: -0.0045
🔔 ⏳ Sin señal clara

2025-07-08 23:19:22,992 - INFO - 📊 DOGECOIN - 2025-07-08 23:19:09
💰 Precio: $0.17
📉 RSI: 49.82 | MACD: -0.0026
🔔 ⏳ Sin señal clara

2025-07-08 23:19:22,992 - INFO - 📊 SHIBA-INU - 2025-07-08 23:19:22
💰 Precio: $0.00
📉 RSI: 50.02 | MACD: -0.0000
🔔 ⏳ Sin señal clara

2025-07-08 23:19:22,992 - INFO - 📊 SOLANA - 2025-07-08 23:19:05
💰 Precio: $151.78
📉 RSI: 51.69 | MACD: -0.5171
🔔 ⏳ Sin señal clara

2025-07-08 23:19:22,992 - INFO - 📊 LITECOIN - 2025-07-08 23:19:10
💰 Precio: $87.59
📉 RSI: 51.73 | MACD: -0.1577
🔔 ⏳ Sin señal clara

2025-07-08 23:19:22,992 - INFO - 📊 UNISWAP - 2025-07-08 23:19:15
💰 Precio: $7.60
📉 RSI: 52.98 | MACD: -0.0607
🔔 ⏳ Sin señal clara

2025-07-08 23:19:22,992 - INFO - 📊 BITCOIN - 2025-07-08 23:19:01
💰 Precio: $108441.21
📉 RSI: 53.21 | MACD: 398.7742
🔔 ⏳ Sin señal clara

