2025-07-08 13:41:26,979 - INFO - Bot iniciado.
2025-07-08 13:42:43,404 - INFO - Bot iniciado.
2025-07-08 13:42:44,103 - INFO - 📨 Sistema de Telegram inicializado.
2025-07-08 13:42:44,103 - INFO - 
🔄 Ejecutando análisis: 2025-07-08 13:42:44
2025-07-08 13:42:44,750 - ERROR - ❌ Error analizando bitcoin: analyze_coin() missing 2 required positional arguments: 'name' and 'data'
2025-07-08 13:42:45,275 - ERROR - ❌ Error analizando ethereum: analyze_coin() missing 2 required positional arguments: 'name' and 'data'
2025-07-08 13:42:45,777 - ERROR - ❌ Error analizando tether: analyze_coin() missing 2 required positional arguments: 'name' and 'data'
2025-07-08 13:42:46,294 - ERROR - Error al obtener datos de CoinGecko para binance-coin: 404 Client Error: Not Found for url: https://api.coingecko.com/api/v3/coins/binance-coin/market_chart?vs_currency=usd&days=30
2025-07-08 13:42:46,297 - ERROR - ❌ Error analizando binance-coin: 'price'
2025-07-08 13:42:46,589 - ERROR - Error al obtener datos de CoinGecko para bnb: 429 Client Error: Too Many Requests for url: https://api.coingecko.com/api/v3/coins/bnb/market_chart?vs_currency=usd&days=30
2025-07-08 13:42:46,592 - ERROR - ❌ Error analizando bnb: 'price'
2025-07-08 13:42:46,877 - ERROR - Error al obtener datos de CoinGecko para solana: 429 Client Error: Too Many Requests for url: https://api.coingecko.com/api/v3/coins/solana/market_chart?vs_currency=usd&days=30
2025-07-08 13:42:46,878 - ERROR - ❌ Error analizando solana: 'price'
2025-07-08 13:42:47,171 - ERROR - Error al obtener datos de CoinGecko para ripple: 429 Client Error: Too Many Requests for url: https://api.coingecko.com/api/v3/coins/ripple/market_chart?vs_currency=usd&days=30
2025-07-08 13:42:47,174 - ERROR - ❌ Error analizando ripple: 'price'
2025-07-08 13:42:47,462 - ERROR - Error al obtener datos de CoinGecko para cardano: 429 Client Error: Too Many Requests for url: https://api.coingecko.com/api/v3/coins/cardano/market_chart?vs_currency=usd&days=30
2025-07-08 13:42:47,463 - ERROR - ❌ Error analizando cardano: 'price'
2025-07-08 13:42:47,757 - ERROR - Error al obtener datos de CoinGecko para dogecoin: 429 Client Error: Too Many Requests for url: https://api.coingecko.com/api/v3/coins/dogecoin/market_chart?vs_currency=usd&days=30
2025-07-08 13:42:47,759 - ERROR - ❌ Error analizando dogecoin: 'price'
2025-07-08 13:42:48,057 - ERROR - Error al obtener datos de CoinGecko para litecoin: 429 Client Error: Too Many Requests for url: https://api.coingecko.com/api/v3/coins/litecoin/market_chart?vs_currency=usd&days=30
2025-07-08 13:42:48,058 - ERROR - ❌ Error analizando litecoin: 'price'
2025-07-08 13:42:48,343 - ERROR - Error al obtener datos de CoinGecko para polkadot: 429 Client Error: Too Many Requests for url: https://api.coingecko.com/api/v3/coins/polkadot/market_chart?vs_currency=usd&days=30
2025-07-08 13:42:48,345 - ERROR - ❌ Error analizando polkadot: 'price'
2025-07-08 13:42:48,637 - ERROR - Error al obtener datos de CoinGecko para tron: 429 Client Error: Too Many Requests for url: https://api.coingecko.com/api/v3/coins/tron/market_chart?vs_currency=usd&days=30
2025-07-08 13:42:48,639 - ERROR - ❌ Error analizando tron: 'price'
2025-07-08 13:42:48,922 - ERROR - Error al obtener datos de CoinGecko para chainlink: 429 Client Error: Too Many Requests for url: https://api.coingecko.com/api/v3/coins/chainlink/market_chart?vs_currency=usd&days=30
2025-07-08 13:42:48,925 - ERROR - ❌ Error analizando chainlink: 'price'
2025-07-08 13:42:49,209 - ERROR - Error al obtener datos de CoinGecko para avalanche-2: 429 Client Error: Too Many Requests for url: https://api.coingecko.com/api/v3/coins/avalanche-2/market_chart?vs_currency=usd&days=30
2025-07-08 13:42:49,210 - ERROR - ❌ Error analizando avalanche-2: 'price'
2025-07-08 13:42:49,496 - ERROR - Error al obtener datos de CoinGecko para stellar: 429 Client Error: Too Many Requests for url: https://api.coingecko.com/api/v3/coins/stellar/market_chart?vs_currency=usd&days=30
2025-07-08 13:42:49,498 - ERROR - ❌ Error analizando stellar: 'price'
2025-07-08 13:42:49,795 - ERROR - Error al obtener datos de CoinGecko para uniswap: 429 Client Error: Too Many Requests for url: https://api.coingecko.com/api/v3/coins/uniswap/market_chart?vs_currency=usd&days=30
2025-07-08 13:42:49,797 - ERROR - ❌ Error analizando uniswap: 'price'
2025-07-08 13:42:50,081 - ERROR - Error al obtener datos de CoinGecko para aptos: 429 Client Error: Too Many Requests for url: https://api.coingecko.com/api/v3/coins/aptos/market_chart?vs_currency=usd&days=30
2025-07-08 13:42:50,082 - ERROR - ❌ Error analizando aptos: 'price'
2025-07-08 13:42:50,372 - ERROR - Error al obtener datos de CoinGecko para hedera-hashgraph: 429 Client Error: Too Many Requests for url: https://api.coingecko.com/api/v3/coins/hedera-hashgraph/market_chart?vs_currency=usd&days=30
2025-07-08 13:42:50,373 - ERROR - ❌ Error analizando hedera-hashgraph: 'price'
2025-07-08 13:42:50,681 - ERROR - Error al obtener datos de CoinGecko para arbitrum: 429 Client Error: Too Many Requests for url: https://api.coingecko.com/api/v3/coins/arbitrum/market_chart?vs_currency=usd&days=30
2025-07-08 13:42:50,682 - ERROR - ❌ Error analizando arbitrum: 'price'
2025-07-08 13:42:50,968 - ERROR - Error al obtener datos de CoinGecko para optimism: 429 Client Error: Too Many Requests for url: https://api.coingecko.com/api/v3/coins/optimism/market_chart?vs_currency=usd&days=30
2025-07-08 13:42:50,969 - ERROR - ❌ Error analizando optimism: 'price'
2025-07-08 13:42:51,258 - ERROR - Error al obtener datos de CoinGecko para sui: 429 Client Error: Too Many Requests for url: https://api.coingecko.com/api/v3/coins/sui/market_chart?vs_currency=usd&days=30
2025-07-08 13:42:51,260 - ERROR - ❌ Error analizando sui: 'price'
2025-07-08 13:42:51,540 - ERROR - Error al obtener datos de CoinGecko para pepe: 429 Client Error: Too Many Requests for url: https://api.coingecko.com/api/v3/coins/pepe/market_chart?vs_currency=usd&days=30
2025-07-08 13:42:51,541 - ERROR - ❌ Error analizando pepe: 'price'
2025-07-08 13:42:51,859 - ERROR - Error al obtener datos de CoinGecko para floki: 429 Client Error: Too Many Requests for url: https://api.coingecko.com/api/v3/coins/floki/market_chart?vs_currency=usd&days=30
2025-07-08 13:42:51,860 - ERROR - ❌ Error analizando floki: 'price'
2025-07-08 13:42:52,151 - ERROR - Error al obtener datos de CoinGecko para shiba-inu: 429 Client Error: Too Many Requests for url: https://api.coingecko.com/api/v3/coins/shiba-inu/market_chart?vs_currency=usd&days=30
2025-07-08 13:42:52,153 - ERROR - ❌ Error analizando shiba-inu: 'price'
2025-07-08 13:42:52,448 - ERROR - Error al obtener datos de CoinGecko para the-open-network: 429 Client Error: Too Many Requests for url: https://api.coingecko.com/api/v3/coins/the-open-network/market_chart?vs_currency=usd&days=30
2025-07-08 13:42:52,449 - ERROR - ❌ Error analizando the-open-network: 'price'
2025-07-08 13:42:52,449 - WARNING - ⚠️ No se encontraron señales de Triángulo Dorado en esta ejecución.
2025-07-08 13:44:33,017 - INFO - Bot iniciado.
2025-07-08 13:44:33,868 - INFO - 📨 Sistema de Telegram inicializado.
2025-07-08 13:44:33,868 - INFO - 
🔄 Ejecutando análisis: 2025-07-08 13:44:33
2025-07-08 13:44:34,666 - ERROR - ❌ Error analizando bitcoin: analyze_coin() missing 1 required positional argument: 'data'
2025-07-08 13:44:35,237 - ERROR - ❌ Error analizando ethereum: analyze_coin() missing 1 required positional argument: 'data'
2025-07-08 13:44:35,768 - ERROR - ❌ Error analizando tether: analyze_coin() missing 1 required positional argument: 'data'
2025-07-08 13:44:36,270 - ERROR - Error al obtener datos de CoinGecko para binance-coin: 404 Client Error: Not Found for url: https://api.coingecko.com/api/v3/coins/binance-coin/market_chart?vs_currency=usd&days=30
2025-07-08 13:44:36,272 - WARNING - No hay datos válidos para binance-coin. Saltando.
2025-07-08 13:44:36,565 - ERROR - Error al obtener datos de CoinGecko para bnb: 429 Client Error: Too Many Requests for url: https://api.coingecko.com/api/v3/coins/bnb/market_chart?vs_currency=usd&days=30
2025-07-08 13:44:36,567 - WARNING - No hay datos válidos para bnb. Saltando.
2025-07-08 13:44:36,852 - ERROR - Error al obtener datos de CoinGecko para solana: 429 Client Error: Too Many Requests for url: https://api.coingecko.com/api/v3/coins/solana/market_chart?vs_currency=usd&days=30
2025-07-08 13:44:36,854 - WARNING - No hay datos válidos para solana. Saltando.
2025-07-08 13:44:37,142 - ERROR - Error al obtener datos de CoinGecko para ripple: 429 Client Error: Too Many Requests for url: https://api.coingecko.com/api/v3/coins/ripple/market_chart?vs_currency=usd&days=30
2025-07-08 13:44:37,144 - WARNING - No hay datos válidos para ripple. Saltando.
2025-07-08 13:44:37,425 - ERROR - Error al obtener datos de CoinGecko para cardano: 429 Client Error: Too Many Requests for url: https://api.coingecko.com/api/v3/coins/cardano/market_chart?vs_currency=usd&days=30
2025-07-08 13:44:37,427 - WARNING - No hay datos válidos para cardano. Saltando.
2025-07-08 13:44:37,716 - ERROR - Error al obtener datos de CoinGecko para dogecoin: 429 Client Error: Too Many Requests for url: https://api.coingecko.com/api/v3/coins/dogecoin/market_chart?vs_currency=usd&days=30
2025-07-08 13:44:37,718 - WARNING - No hay datos válidos para dogecoin. Saltando.
2025-07-08 13:44:38,011 - ERROR - Error al obtener datos de CoinGecko para litecoin: 429 Client Error: Too Many Requests for url: https://api.coingecko.com/api/v3/coins/litecoin/market_chart?vs_currency=usd&days=30
2025-07-08 13:44:38,013 - WARNING - No hay datos válidos para litecoin. Saltando.
2025-07-08 13:44:38,306 - ERROR - Error al obtener datos de CoinGecko para polkadot: 429 Client Error: Too Many Requests for url: https://api.coingecko.com/api/v3/coins/polkadot/market_chart?vs_currency=usd&days=30
2025-07-08 13:44:38,307 - WARNING - No hay datos válidos para polkadot. Saltando.
2025-07-08 13:44:38,592 - ERROR - Error al obtener datos de CoinGecko para tron: 429 Client Error: Too Many Requests for url: https://api.coingecko.com/api/v3/coins/tron/market_chart?vs_currency=usd&days=30
2025-07-08 13:44:38,593 - WARNING - No hay datos válidos para tron. Saltando.
2025-07-08 13:44:38,886 - ERROR - Error al obtener datos de CoinGecko para chainlink: 429 Client Error: Too Many Requests for url: https://api.coingecko.com/api/v3/coins/chainlink/market_chart?vs_currency=usd&days=30
2025-07-08 13:44:38,887 - WARNING - No hay datos válidos para chainlink. Saltando.
2025-07-08 13:44:39,175 - ERROR - Error al obtener datos de CoinGecko para avalanche-2: 429 Client Error: Too Many Requests for url: https://api.coingecko.com/api/v3/coins/avalanche-2/market_chart?vs_currency=usd&days=30
2025-07-08 13:44:39,176 - WARNING - No hay datos válidos para avalanche-2. Saltando.
2025-07-08 13:44:39,459 - ERROR - Error al obtener datos de CoinGecko para stellar: 429 Client Error: Too Many Requests for url: https://api.coingecko.com/api/v3/coins/stellar/market_chart?vs_currency=usd&days=30
2025-07-08 13:44:39,460 - WARNING - No hay datos válidos para stellar. Saltando.
2025-07-08 13:44:39,740 - ERROR - Error al obtener datos de CoinGecko para uniswap: 429 Client Error: Too Many Requests for url: https://api.coingecko.com/api/v3/coins/uniswap/market_chart?vs_currency=usd&days=30
2025-07-08 13:44:39,740 - WARNING - No hay datos válidos para uniswap. Saltando.
2025-07-08 13:44:40,025 - ERROR - Error al obtener datos de CoinGecko para aptos: 429 Client Error: Too Many Requests for url: https://api.coingecko.com/api/v3/coins/aptos/market_chart?vs_currency=usd&days=30
2025-07-08 13:44:40,026 - WARNING - No hay datos válidos para aptos. Saltando.
2025-07-08 13:44:40,311 - ERROR - Error al obtener datos de CoinGecko para hedera-hashgraph: 429 Client Error: Too Many Requests for url: https://api.coingecko.com/api/v3/coins/hedera-hashgraph/market_chart?vs_currency=usd&days=30
2025-07-08 13:44:40,311 - WARNING - No hay datos válidos para hedera-hashgraph. Saltando.
2025-07-08 13:44:40,592 - ERROR - Error al obtener datos de CoinGecko para arbitrum: 429 Client Error: Too Many Requests for url: https://api.coingecko.com/api/v3/coins/arbitrum/market_chart?vs_currency=usd&days=30
2025-07-08 13:44:40,594 - WARNING - No hay datos válidos para arbitrum. Saltando.
2025-07-08 13:44:40,882 - ERROR - Error al obtener datos de CoinGecko para optimism: 429 Client Error: Too Many Requests for url: https://api.coingecko.com/api/v3/coins/optimism/market_chart?vs_currency=usd&days=30
2025-07-08 13:44:40,883 - WARNING - No hay datos válidos para optimism. Saltando.
2025-07-08 13:44:41,169 - ERROR - Error al obtener datos de CoinGecko para sui: 429 Client Error: Too Many Requests for url: https://api.coingecko.com/api/v3/coins/sui/market_chart?vs_currency=usd&days=30
2025-07-08 13:44:41,170 - WARNING - No hay datos válidos para sui. Saltando.
2025-07-08 13:44:41,467 - ERROR - Error al obtener datos de CoinGecko para pepe: 429 Client Error: Too Many Requests for url: https://api.coingecko.com/api/v3/coins/pepe/market_chart?vs_currency=usd&days=30
2025-07-08 13:44:41,468 - WARNING - No hay datos válidos para pepe. Saltando.
2025-07-08 13:44:41,754 - ERROR - Error al obtener datos de CoinGecko para floki: 429 Client Error: Too Many Requests for url: https://api.coingecko.com/api/v3/coins/floki/market_chart?vs_currency=usd&days=30
2025-07-08 13:44:41,756 - WARNING - No hay datos válidos para floki. Saltando.
2025-07-08 13:44:42,046 - ERROR - Error al obtener datos de CoinGecko para shiba-inu: 429 Client Error: Too Many Requests for url: https://api.coingecko.com/api/v3/coins/shiba-inu/market_chart?vs_currency=usd&days=30
2025-07-08 13:44:42,047 - WARNING - No hay datos válidos para shiba-inu. Saltando.
2025-07-08 13:44:42,342 - ERROR - Error al obtener datos de CoinGecko para the-open-network: 429 Client Error: Too Many Requests for url: https://api.coingecko.com/api/v3/coins/the-open-network/market_chart?vs_currency=usd&days=30
2025-07-08 13:44:42,343 - WARNING - No hay datos válidos para the-open-network. Saltando.
2025-07-08 13:44:42,343 - WARNING - ⚠️ No se encontraron señales de Triángulo Dorado en esta ejecución.
2025-07-08 13:46:10,901 - INFO - Bot iniciado.
2025-07-08 13:46:11,635 - INFO - 📨 Sistema de Telegram inicializado.
2025-07-08 13:46:11,636 - INFO - 
🔄 Ejecutando análisis: 2025-07-08 13:46:11
2025-07-08 13:46:12,516 - ERROR - ❌ Error analizando bitcoin: El DataFrame debe contener la columna 'close'
2025-07-08 13:46:13,037 - ERROR - ❌ Error analizando ethereum: El DataFrame debe contener la columna 'close'
2025-07-08 13:46:13,530 - ERROR - ❌ Error analizando tether: El DataFrame debe contener la columna 'close'
2025-07-08 13:46:14,051 - ERROR - Error al obtener datos de CoinGecko para binance-coin: 404 Client Error: Not Found for url: https://api.coingecko.com/api/v3/coins/binance-coin/market_chart?vs_currency=usd&days=30
2025-07-08 13:46:14,053 - WARNING - No hay datos válidos para binance-coin. Saltando.
2025-07-08 13:46:14,339 - ERROR - Error al obtener datos de CoinGecko para bnb: 429 Client Error: Too Many Requests for url: https://api.coingecko.com/api/v3/coins/bnb/market_chart?vs_currency=usd&days=30
2025-07-08 13:46:14,341 - WARNING - No hay datos válidos para bnb. Saltando.
2025-07-08 13:46:14,635 - ERROR - Error al obtener datos de CoinGecko para solana: 429 Client Error: Too Many Requests for url: https://api.coingecko.com/api/v3/coins/solana/market_chart?vs_currency=usd&days=30
2025-07-08 13:46:14,636 - WARNING - No hay datos válidos para solana. Saltando.
2025-07-08 13:46:14,919 - ERROR - Error al obtener datos de CoinGecko para ripple: 429 Client Error: Too Many Requests for url: https://api.coingecko.com/api/v3/coins/ripple/market_chart?vs_currency=usd&days=30
2025-07-08 13:46:14,920 - WARNING - No hay datos válidos para ripple. Saltando.
2025-07-08 13:46:15,209 - ERROR - Error al obtener datos de CoinGecko para cardano: 429 Client Error: Too Many Requests for url: https://api.coingecko.com/api/v3/coins/cardano/market_chart?vs_currency=usd&days=30
2025-07-08 13:46:15,210 - WARNING - No hay datos válidos para cardano. Saltando.
2025-07-08 13:46:15,514 - ERROR - Error al obtener datos de CoinGecko para dogecoin: 429 Client Error: Too Many Requests for url: https://api.coingecko.com/api/v3/coins/dogecoin/market_chart?vs_currency=usd&days=30
2025-07-08 13:46:15,514 - WARNING - No hay datos válidos para dogecoin. Saltando.
2025-07-08 13:46:15,795 - ERROR - Error al obtener datos de CoinGecko para litecoin: 429 Client Error: Too Many Requests for url: https://api.coingecko.com/api/v3/coins/litecoin/market_chart?vs_currency=usd&days=30
2025-07-08 13:46:15,795 - WARNING - No hay datos válidos para litecoin. Saltando.
2025-07-08 13:46:16,082 - ERROR - Error al obtener datos de CoinGecko para polkadot: 429 Client Error: Too Many Requests for url: https://api.coingecko.com/api/v3/coins/polkadot/market_chart?vs_currency=usd&days=30
2025-07-08 13:46:16,083 - WARNING - No hay datos válidos para polkadot. Saltando.
2025-07-08 13:46:16,369 - ERROR - Error al obtener datos de CoinGecko para tron: 429 Client Error: Too Many Requests for url: https://api.coingecko.com/api/v3/coins/tron/market_chart?vs_currency=usd&days=30
2025-07-08 13:46:16,369 - WARNING - No hay datos válidos para tron. Saltando.
2025-07-08 13:46:16,650 - ERROR - Error al obtener datos de CoinGecko para chainlink: 429 Client Error: Too Many Requests for url: https://api.coingecko.com/api/v3/coins/chainlink/market_chart?vs_currency=usd&days=30
2025-07-08 13:46:16,651 - WARNING - No hay datos válidos para chainlink. Saltando.
2025-07-08 13:46:16,938 - ERROR - Error al obtener datos de CoinGecko para avalanche-2: 429 Client Error: Too Many Requests for url: https://api.coingecko.com/api/v3/coins/avalanche-2/market_chart?vs_currency=usd&days=30
2025-07-08 13:46:16,940 - WARNING - No hay datos válidos para avalanche-2. Saltando.
2025-07-08 13:46:17,230 - ERROR - Error al obtener datos de CoinGecko para stellar: 429 Client Error: Too Many Requests for url: https://api.coingecko.com/api/v3/coins/stellar/market_chart?vs_currency=usd&days=30
2025-07-08 13:46:17,233 - WARNING - No hay datos válidos para stellar. Saltando.
2025-07-08 13:46:17,528 - ERROR - Error al obtener datos de CoinGecko para uniswap: 429 Client Error: Too Many Requests for url: https://api.coingecko.com/api/v3/coins/uniswap/market_chart?vs_currency=usd&days=30
2025-07-08 13:46:17,530 - WARNING - No hay datos válidos para uniswap. Saltando.
2025-07-08 13:46:17,820 - ERROR - Error al obtener datos de CoinGecko para aptos: 429 Client Error: Too Many Requests for url: https://api.coingecko.com/api/v3/coins/aptos/market_chart?vs_currency=usd&days=30
2025-07-08 13:46:17,822 - WARNING - No hay datos válidos para aptos. Saltando.
2025-07-08 13:46:18,108 - ERROR - Error al obtener datos de CoinGecko para hedera-hashgraph: 429 Client Error: Too Many Requests for url: https://api.coingecko.com/api/v3/coins/hedera-hashgraph/market_chart?vs_currency=usd&days=30
2025-07-08 13:46:18,109 - WARNING - No hay datos válidos para hedera-hashgraph. Saltando.
2025-07-08 13:46:18,393 - ERROR - Error al obtener datos de CoinGecko para arbitrum: 429 Client Error: Too Many Requests for url: https://api.coingecko.com/api/v3/coins/arbitrum/market_chart?vs_currency=usd&days=30
2025-07-08 13:46:18,394 - WARNING - No hay datos válidos para arbitrum. Saltando.
2025-07-08 13:46:18,691 - ERROR - Error al obtener datos de CoinGecko para optimism: 429 Client Error: Too Many Requests for url: https://api.coingecko.com/api/v3/coins/optimism/market_chart?vs_currency=usd&days=30
2025-07-08 13:46:18,693 - WARNING - No hay datos válidos para optimism. Saltando.
2025-07-08 13:46:18,985 - ERROR - Error al obtener datos de CoinGecko para sui: 429 Client Error: Too Many Requests for url: https://api.coingecko.com/api/v3/coins/sui/market_chart?vs_currency=usd&days=30
2025-07-08 13:46:18,988 - WARNING - No hay datos válidos para sui. Saltando.
2025-07-08 13:46:19,279 - ERROR - Error al obtener datos de CoinGecko para pepe: 429 Client Error: Too Many Requests for url: https://api.coingecko.com/api/v3/coins/pepe/market_chart?vs_currency=usd&days=30
2025-07-08 13:46:19,281 - WARNING - No hay datos válidos para pepe. Saltando.
2025-07-08 13:46:19,575 - ERROR - Error al obtener datos de CoinGecko para floki: 429 Client Error: Too Many Requests for url: https://api.coingecko.com/api/v3/coins/floki/market_chart?vs_currency=usd&days=30
2025-07-08 13:46:19,576 - WARNING - No hay datos válidos para floki. Saltando.
2025-07-08 13:46:19,865 - ERROR - Error al obtener datos de CoinGecko para shiba-inu: 429 Client Error: Too Many Requests for url: https://api.coingecko.com/api/v3/coins/shiba-inu/market_chart?vs_currency=usd&days=30
2025-07-08 13:46:19,866 - WARNING - No hay datos válidos para shiba-inu. Saltando.
2025-07-08 13:46:20,157 - ERROR - Error al obtener datos de CoinGecko para the-open-network: 429 Client Error: Too Many Requests for url: https://api.coingecko.com/api/v3/coins/the-open-network/market_chart?vs_currency=usd&days=30
2025-07-08 13:46:20,159 - WARNING - No hay datos válidos para the-open-network. Saltando.
2025-07-08 13:46:20,159 - WARNING - ⚠️ No se encontraron señales de Triángulo Dorado en esta ejecución.
2025-07-08 13:49:09,475 - INFO - Bot iniciado.
2025-07-08 13:49:10,172 - INFO - 📨 Sistema de Telegram inicializado.
2025-07-08 13:49:10,172 - INFO - 
🔄 Ejecutando análisis: 2025-07-08 13:49:10
2025-07-08 13:49:11,115 - WARNING - No hay datos válidos para bitcoin. Saltando.
2025-07-08 13:49:11,977 - WARNING - No hay datos válidos para ethereum. Saltando.
2025-07-08 13:49:12,845 - WARNING - No hay datos válidos para tether. Saltando.
2025-07-08 13:49:13,710 - WARNING - No hay datos válidos para binance-coin. Saltando.
2025-07-08 13:49:14,585 - WARNING - No hay datos válidos para bnb. Saltando.
2025-07-08 13:49:15,452 - WARNING - No hay datos válidos para solana. Saltando.
2025-07-08 13:49:16,374 - WARNING - No hay datos válidos para ripple. Saltando.
2025-07-08 13:49:17,224 - WARNING - No hay datos válidos para cardano. Saltando.
2025-07-08 13:49:18,073 - WARNING - No hay datos válidos para dogecoin. Saltando.
2025-07-08 13:49:19,037 - WARNING - No hay datos válidos para litecoin. Saltando.
2025-07-08 13:49:19,955 - WARNING - No hay datos válidos para polkadot. Saltando.
2025-07-08 13:49:20,860 - WARNING - No hay datos válidos para tron. Saltando.
2025-07-08 13:49:21,883 - WARNING - No hay datos válidos para chainlink. Saltando.
2025-07-08 13:49:22,906 - WARNING - No hay datos válidos para avalanche-2. Saltando.
2025-07-08 13:49:23,931 - WARNING - No hay datos válidos para stellar. Saltando.
2025-07-08 13:49:25,466 - WARNING - No hay datos válidos para uniswap. Saltando.
2025-07-08 13:49:26,490 - WARNING - No hay datos válidos para aptos. Saltando.
2025-07-08 13:49:27,414 - WARNING - No hay datos válidos para hedera-hashgraph. Saltando.
2025-07-08 13:49:28,362 - WARNING - No hay datos válidos para arbitrum. Saltando.
2025-07-08 13:49:29,232 - WARNING - No hay datos válidos para optimism. Saltando.
2025-07-08 13:49:30,105 - WARNING - No hay datos válidos para sui. Saltando.
2025-07-08 13:49:30,959 - WARNING - No hay datos válidos para pepe. Saltando.
2025-07-08 13:49:31,824 - WARNING - No hay datos válidos para floki. Saltando.
2025-07-08 13:49:32,840 - WARNING - No hay datos válidos para shiba-inu. Saltando.
2025-07-08 13:49:33,791 - WARNING - No hay datos válidos para the-open-network. Saltando.
2025-07-08 13:49:33,792 - WARNING - ⚠️ No se encontraron señales de Triángulo Dorado en esta ejecución.
2025-07-08 13:52:28,583 - INFO - Bot iniciado.
2025-07-08 13:52:29,284 - INFO - 📨 Sistema de Telegram inicializado.
2025-07-08 13:52:29,285 - INFO - 
🔄 Ejecutando análisis: 2025-07-08 13:52:29
2025-07-08 13:52:30,210 - DEBUG - bitcoin - Último RSI: 55.558620859952924
2025-07-08 13:52:30,212 - DEBUG - bitcoin - Último MACD: 400.08404013454856
2025-07-08 13:52:30,212 - DEBUG - bitcoin - Último MACD Signal: nan
2025-07-08 13:52:30,217 - DEBUG - bitcoin - Señal generada: ⏳ Sin señal clara
2025-07-08 13:52:30,217 - ERROR - ❌ Error analizando bitcoin: too many values to unpack (expected 2)
2025-07-08 13:52:31,083 - DEBUG - ethereum - Último RSI: 57.524446030068646
2025-07-08 13:52:31,086 - DEBUG - ethereum - Último MACD: 2.581973383971672
2025-07-08 13:52:31,086 - DEBUG - ethereum - Último MACD Signal: nan
2025-07-08 13:52:31,090 - DEBUG - ethereum - Señal generada: ⏳ Sin señal clara
2025-07-08 13:52:31,091 - ERROR - ❌ Error analizando ethereum: too many values to unpack (expected 2)
2025-07-08 13:52:32,143 - WARNING - No hay datos válidos para tether. Saltando.
2025-07-08 13:52:33,002 - DEBUG - binance-coin - Último RSI: 55.6243510580951
2025-07-08 13:52:33,004 - DEBUG - binance-coin - Último MACD: 2.0575896816599197
2025-07-08 13:52:33,004 - DEBUG - binance-coin - Último MACD Signal: nan
2025-07-08 13:52:33,008 - DEBUG - binance-coin - Señal generada: ⏳ Sin señal clara
2025-07-08 13:52:33,008 - ERROR - ❌ Error analizando binance-coin: too many values to unpack (expected 2)
2025-07-08 13:52:33,884 - DEBUG - bnb - Último RSI: 55.61804945881811
2025-07-08 13:52:33,886 - DEBUG - bnb - Último MACD: 2.0567919608621423
2025-07-08 13:52:33,886 - DEBUG - bnb - Último MACD Signal: nan
2025-07-08 13:52:33,887 - DEBUG - bnb - Señal generada: ⏳ Sin señal clara
2025-07-08 13:52:33,887 - ERROR - ❌ Error analizando bnb: too many values to unpack (expected 2)
2025-07-08 13:52:34,776 - DEBUG - solana - Último RSI: 52.48507335658362
2025-07-08 13:52:34,776 - DEBUG - solana - Último MACD: -0.3362981818716264
2025-07-08 13:52:34,776 - DEBUG - solana - Último MACD Signal: nan
2025-07-08 13:52:34,778 - DEBUG - solana - Señal generada: ⏳ Sin señal clara
2025-07-08 13:52:34,778 - ERROR - ❌ Error analizando solana: too many values to unpack (expected 2)
2025-07-08 13:52:35,743 - DEBUG - ripple - Último RSI: 59.72554279295667
2025-07-08 13:52:35,745 - DEBUG - ripple - Último MACD: 0.0135347655303657
2025-07-08 13:52:35,745 - DEBUG - ripple - Último MACD Signal: nan
2025-07-08 13:52:35,750 - DEBUG - ripple - Señal generada: ⏳ Sin señal clara
2025-07-08 13:52:35,750 - ERROR - ❌ Error analizando ripple: too many values to unpack (expected 2)
2025-07-08 13:52:36,621 - DEBUG - cardano - Último RSI: 47.553737947178064
2025-07-08 13:52:36,623 - DEBUG - cardano - Último MACD: -0.015548798208934067
2025-07-08 13:52:36,623 - DEBUG - cardano - Último MACD Signal: nan
2025-07-08 13:52:36,627 - DEBUG - cardano - Señal generada: ⏳ Sin señal clara
2025-07-08 13:52:36,627 - ERROR - ❌ Error analizando cardano: too many values to unpack (expected 2)
2025-07-08 13:52:37,533 - DEBUG - dogecoin - Último RSI: 50.82929561486274
2025-07-08 13:52:37,536 - DEBUG - dogecoin - Último MACD: -0.0027165873406874985
2025-07-08 13:52:37,536 - DEBUG - dogecoin - Último MACD Signal: nan
2025-07-08 13:52:37,540 - DEBUG - dogecoin - Señal generada: ⏳ Sin señal clara
2025-07-08 13:52:37,540 - ERROR - ❌ Error analizando dogecoin: too many values to unpack (expected 2)
2025-07-08 13:52:38,425 - DEBUG - litecoin - Último RSI: 52.26185392508896
2025-07-08 13:52:38,427 - DEBUG - litecoin - Último MACD: -0.015415342660588749
2025-07-08 13:52:38,428 - DEBUG - litecoin - Último MACD Signal: nan
2025-07-08 13:52:38,431 - DEBUG - litecoin - Señal generada: ⏳ Sin señal clara
2025-07-08 13:52:38,432 - ERROR - ❌ Error analizando litecoin: too many values to unpack (expected 2)
2025-07-08 13:52:39,423 - DEBUG - polkadot - Último RSI: 45.7190769724709
2025-07-08 13:52:39,425 - DEBUG - polkadot - Último MACD: -0.10757519753533362
2025-07-08 13:52:39,425 - DEBUG - polkadot - Último MACD Signal: nan
2025-07-08 13:52:39,429 - DEBUG - polkadot - Señal generada: ⏳ Sin señal clara
2025-07-08 13:52:39,429 - ERROR - ❌ Error analizando polkadot: too many values to unpack (expected 2)
2025-07-08 13:52:40,441 - DEBUG - tron - Último RSI: 59.600542797831196
2025-07-08 13:52:40,443 - DEBUG - tron - Último MACD: 0.0020643116869467626
2025-07-08 13:52:40,443 - DEBUG - tron - Último MACD Signal: nan
2025-07-08 13:52:40,446 - DEBUG - tron - Señal generada: ⏳ Sin señal clara
2025-07-08 13:52:40,447 - ERROR - ❌ Error analizando tron: too many values to unpack (expected 2)
2025-07-08 13:52:41,465 - DEBUG - chainlink - Último RSI: 54.5802950220874
2025-07-08 13:52:41,467 - DEBUG - chainlink - Último MACD: -0.026252111236853892
2025-07-08 13:52:41,467 - DEBUG - chainlink - Último MACD Signal: nan
2025-07-08 13:52:41,471 - DEBUG - chainlink - Señal generada: ⏳ Sin señal clara
2025-07-08 13:52:41,472 - ERROR - ❌ Error analizando chainlink: too many values to unpack (expected 2)
2025-07-08 13:52:42,337 - DEBUG - avalanche-2 - Último RSI: 47.89660038884325
2025-07-08 13:52:42,339 - DEBUG - avalanche-2 - Último MACD: -0.4334970466985837
2025-07-08 13:52:42,339 - DEBUG - avalanche-2 - Último MACD Signal: nan
2025-07-08 13:52:42,343 - DEBUG - avalanche-2 - Señal generada: ⏳ Sin señal clara
2025-07-08 13:52:42,343 - ERROR - ❌ Error analizando avalanche-2: too many values to unpack (expected 2)
2025-07-08 13:52:43,214 - DEBUG - stellar - Último RSI: 57.39560733024013
2025-07-08 13:52:43,216 - DEBUG - stellar - Último MACD: -0.0029597945895119826
2025-07-08 13:52:43,216 - DEBUG - stellar - Último MACD Signal: nan
2025-07-08 13:52:43,221 - DEBUG - stellar - Señal generada: ⏳ Sin señal clara
2025-07-08 13:52:43,221 - ERROR - ❌ Error analizando stellar: too many values to unpack (expected 2)
2025-07-08 13:52:44,129 - DEBUG - uniswap - Último RSI: 58.16244100348758
2025-07-08 13:52:44,131 - DEBUG - uniswap - Último MACD: 0.09977204287274777
2025-07-08 13:52:44,132 - DEBUG - uniswap - Último MACD Signal: nan
2025-07-08 13:52:44,136 - DEBUG - uniswap - Señal generada: ⏳ Sin señal clara
2025-07-08 13:52:44,136 - ERROR - ❌ Error analizando uniswap: too many values to unpack (expected 2)
2025-07-08 13:52:45,152 - DEBUG - aptos - Último RSI: 44.48407019090392
2025-07-08 13:52:45,154 - DEBUG - aptos - Último MACD: -0.06348543890798819
2025-07-08 13:52:45,155 - DEBUG - aptos - Último MACD Signal: nan
2025-07-08 13:52:45,156 - DEBUG - aptos - Señal generada: ⏳ Sin señal clara
2025-07-08 13:52:45,156 - ERROR - ❌ Error analizando aptos: too many values to unpack (expected 2)
2025-07-08 13:52:46,068 - DEBUG - hedera-hashgraph - Último RSI: 55.51498292166939
2025-07-08 13:52:46,070 - DEBUG - hedera-hashgraph - Último MACD: -0.0007333399066415669
2025-07-08 13:52:46,070 - DEBUG - hedera-hashgraph - Último MACD Signal: nan
2025-07-08 13:52:46,073 - DEBUG - hedera-hashgraph - Señal generada: ⏳ Sin señal clara
2025-07-08 13:52:46,073 - ERROR - ❌ Error analizando hedera-hashgraph: too many values to unpack (expected 2)
2025-07-08 13:52:47,096 - DEBUG - arbitrum - Último RSI: 52.71763385566028
2025-07-08 13:52:47,098 - DEBUG - arbitrum - Último MACD: -0.0005329899112962999
2025-07-08 13:52:47,098 - DEBUG - arbitrum - Último MACD Signal: nan
2025-07-08 13:52:47,103 - DEBUG - arbitrum - Señal generada: ⏳ Sin señal clara
2025-07-08 13:52:47,104 - ERROR - ❌ Error analizando arbitrum: too many values to unpack (expected 2)
2025-07-08 13:52:48,020 - DEBUG - optimism - Último RSI: 46.44624519626448
2025-07-08 13:52:48,022 - DEBUG - optimism - Último MACD: -0.015122516286801502
2025-07-08 13:52:48,023 - DEBUG - optimism - Último MACD Signal: nan
2025-07-08 13:52:48,026 - DEBUG - optimism - Señal generada: ⏳ Sin señal clara
2025-07-08 13:52:48,027 - ERROR - ❌ Error analizando optimism: too many values to unpack (expected 2)
2025-07-08 13:52:48,906 - DEBUG - sui - Último RSI: 50.2043825500507
2025-07-08 13:52:48,908 - DEBUG - sui - Último MACD: -0.04804442557495614
2025-07-08 13:52:48,909 - DEBUG - sui - Último MACD Signal: nan
2025-07-08 13:52:48,912 - DEBUG - sui - Señal generada: ⏳ Sin señal clara
2025-07-08 13:52:48,913 - ERROR - ❌ Error analizando sui: too many values to unpack (expected 2)
2025-07-08 13:52:49,970 - DEBUG - pepe - Último RSI: 49.5449408658566
2025-07-08 13:52:49,972 - DEBUG - pepe - Último MACD: -3.244480261099933e-07
2025-07-08 13:52:49,972 - DEBUG - pepe - Último MACD Signal: nan
2025-07-08 13:52:49,976 - DEBUG - pepe - Señal generada: ⏳ Sin señal clara
2025-07-08 13:52:49,976 - ERROR - ❌ Error analizando pepe: too many values to unpack (expected 2)
2025-07-08 13:52:50,990 - DEBUG - floki - Último RSI: 62.350560467693754
2025-07-08 13:52:50,992 - DEBUG - floki - Último MACD: 6.348906238362443e-07
2025-07-08 13:52:50,992 - DEBUG - floki - Último MACD Signal: nan
2025-07-08 13:52:50,996 - DEBUG - floki - Señal generada: ⏳ Sin señal clara
2025-07-08 13:52:50,997 - ERROR - ❌ Error analizando floki: too many values to unpack (expected 2)
2025-07-08 13:52:52,011 - DEBUG - shiba-inu - Último RSI: 51.774129758770975
2025-07-08 13:52:52,012 - DEBUG - shiba-inu - Último MACD: -1.3516069889233178e-07
2025-07-08 13:52:52,012 - DEBUG - shiba-inu - Último MACD Signal: nan
2025-07-08 13:52:52,016 - DEBUG - shiba-inu - Señal generada: ⏳ Sin señal clara
2025-07-08 13:52:52,016 - ERROR - ❌ Error analizando shiba-inu: too many values to unpack (expected 2)
2025-07-08 13:52:52,899 - DEBUG - the-open-network - Último RSI: 41.01347645335417
2025-07-08 13:52:52,901 - DEBUG - the-open-network - Último MACD: -0.08179853118540725
2025-07-08 13:52:52,901 - DEBUG - the-open-network - Último MACD Signal: nan
2025-07-08 13:52:52,905 - DEBUG - the-open-network - Señal generada: ⏳ Sin señal clara
2025-07-08 13:52:52,905 - ERROR - ❌ Error analizando the-open-network: too many values to unpack (expected 2)
2025-07-08 13:52:52,906 - WARNING - ⚠️ No se encontraron señales de Triángulo Dorado en esta ejecución.
2025-07-08 22:27:00,963 - INFO - Bot iniciado.
2025-07-08 22:27:01,641 - INFO - 📨 Sistema de Telegram inicializado.
2025-07-08 22:27:01,642 - INFO - 
🔄 Ejecutando análisis: 2025-07-08 22:27:01
2025-07-08 22:27:02,571 - DEBUG - bitcoin - Último RSI: 54.46725432717952
2025-07-08 22:27:02,572 - DEBUG - bitcoin - Último MACD: 422.9139847340266
2025-07-08 22:27:02,572 - DEBUG - bitcoin - Último MACD Signal: nan
2025-07-08 22:27:02,576 - DEBUG - bitcoin - Señal generada: ⏳ Sin señal clara
2025-07-08 22:27:02,576 - ERROR - ❌ Error analizando bitcoin: 'ema50'
2025-07-08 22:27:03,434 - DEBUG - ethereum - Último RSI: 54.91597382763974
2025-07-08 22:27:03,436 - DEBUG - ethereum - Último MACD: -4.700874940187987
2025-07-08 22:27:03,437 - DEBUG - ethereum - Último MACD Signal: nan
2025-07-08 22:27:03,440 - DEBUG - ethereum - Señal generada: ⏳ Sin señal clara
2025-07-08 22:27:03,441 - ERROR - ❌ Error analizando ethereum: 'ema50'
2025-07-08 22:27:04,306 - WARNING - No hay datos válidos para tether. Saltando.
2025-07-08 22:27:05,297 - DEBUG - binance-coin - Último RSI: 54.96150757520757
2025-07-08 22:27:05,299 - DEBUG - binance-coin - Último MACD: 1.5417579776164985
2025-07-08 22:27:05,299 - DEBUG - binance-coin - Último MACD Signal: nan
2025-07-08 22:27:05,303 - DEBUG - binance-coin - Señal generada: ⏳ Sin señal clara
2025-07-08 22:27:05,303 - ERROR - ❌ Error analizando binance-coin: 'ema50'
2025-07-08 22:27:06,170 - DEBUG - bnb - Último RSI: 54.95461178446189
2025-07-08 22:27:06,172 - DEBUG - bnb - Último MACD: 1.540960256818721
2025-07-08 22:27:06,172 - DEBUG - bnb - Último MACD Signal: nan
2025-07-08 22:27:06,176 - DEBUG - bnb - Señal generada: ⏳ Sin señal clara
2025-07-08 22:27:06,176 - ERROR - ❌ Error analizando bnb: 'ema50'
2025-07-08 22:27:07,144 - DEBUG - solana - Último RSI: 51.47515311338963
2025-07-08 22:27:07,146 - DEBUG - solana - Último MACD: -0.5322243975604692
2025-07-08 22:27:07,146 - DEBUG - solana - Último MACD Signal: nan
2025-07-08 22:27:07,150 - DEBUG - solana - Señal generada: ⏳ Sin señal clara
2025-07-08 22:27:07,150 - ERROR - ❌ Error analizando solana: 'ema50'
2025-07-08 22:27:08,063 - DEBUG - ripple - Último RSI: 59.93247326446713
2025-07-08 22:27:08,065 - DEBUG - ripple - Último MACD: 0.01994443832131898
2025-07-08 22:27:08,065 - DEBUG - ripple - Último MACD Signal: nan
2025-07-08 22:27:08,066 - DEBUG - ripple - Señal generada: ⏳ Sin señal clara
2025-07-08 22:27:08,067 - ERROR - ❌ Error analizando ripple: 'ema50'
2025-07-08 22:27:09,003 - DEBUG - cardano - Último RSI: 46.4187763454556
2025-07-08 22:27:09,006 - DEBUG - cardano - Último MACD: -0.015066283770345024
2025-07-08 22:27:09,006 - DEBUG - cardano - Último MACD Signal: nan
2025-07-08 22:27:09,010 - DEBUG - cardano - Señal generada: ⏳ Sin señal clara
2025-07-08 22:27:09,011 - ERROR - ❌ Error analizando cardano: 'ema50'
2025-07-08 22:27:09,898 - DEBUG - dogecoin - Último RSI: 50.12182411263832
2025-07-08 22:27:09,901 - DEBUG - dogecoin - Último MACD: -0.0025957924100412644
2025-07-08 22:27:09,901 - DEBUG - dogecoin - Último MACD Signal: nan
2025-07-08 22:27:09,905 - DEBUG - dogecoin - Señal generada: ⏳ Sin señal clara
2025-07-08 22:27:09,905 - ERROR - ❌ Error analizando dogecoin: 'ema50'
2025-07-08 22:27:10,932 - DEBUG - litecoin - Último RSI: 51.359031733672104
2025-07-08 22:27:10,934 - DEBUG - litecoin - Último MACD: -0.16807448201440423
2025-07-08 22:27:10,935 - DEBUG - litecoin - Último MACD Signal: nan
2025-07-08 22:27:10,939 - DEBUG - litecoin - Señal generada: ⏳ Sin señal clara
2025-07-08 22:27:10,939 - ERROR - ❌ Error analizando litecoin: 'ema50'
2025-07-08 22:27:11,955 - DEBUG - polkadot - Último RSI: 43.891119554999825
2025-07-08 22:27:11,956 - DEBUG - polkadot - Último MACD: -0.11280397020859656
2025-07-08 22:27:11,957 - DEBUG - polkadot - Último MACD Signal: nan
2025-07-08 22:27:11,960 - DEBUG - polkadot - Señal generada: ⏳ Sin señal clara
2025-07-08 22:27:11,961 - ERROR - ❌ Error analizando polkadot: 'ema50'
2025-07-08 22:27:12,898 - DEBUG - tron - Último RSI: 61.03965692227229
2025-07-08 22:27:12,900 - DEBUG - tron - Último MACD: 0.0018801290236210577
2025-07-08 22:27:12,900 - DEBUG - tron - Último MACD Signal: nan
2025-07-08 22:27:12,903 - DEBUG - tron - Señal generada: ⏳ Sin señal clara
2025-07-08 22:27:12,903 - ERROR - ❌ Error analizando tron: 'ema50'
2025-07-08 22:27:13,822 - DEBUG - chainlink - Último RSI: 53.98437558447234
2025-07-08 22:27:13,824 - DEBUG - chainlink - Último MACD: -0.07519792578492535
2025-07-08 22:27:13,824 - DEBUG - chainlink - Último MACD Signal: nan
2025-07-08 22:27:13,829 - DEBUG - chainlink - Señal generada: ⏳ Sin señal clara
2025-07-08 22:27:13,829 - ERROR - ❌ Error analizando chainlink: 'ema50'
2025-07-08 22:27:14,668 - DEBUG - avalanche-2 - Último RSI: 45.65926914389582
2025-07-08 22:27:14,669 - DEBUG - avalanche-2 - Último MACD: -0.4560427828902611
2025-07-08 22:27:14,670 - DEBUG - avalanche-2 - Último MACD Signal: nan
2025-07-08 22:27:14,675 - DEBUG - avalanche-2 - Señal generada: ⏳ Sin señal clara
2025-07-08 22:27:14,675 - ERROR - ❌ Error analizando avalanche-2: 'ema50'
2025-07-08 22:27:15,563 - DEBUG - stellar - Último RSI: 56.923274107318285
2025-07-08 22:27:15,564 - DEBUG - stellar - Último MACD: -0.002078673331914277
2025-07-08 22:27:15,565 - DEBUG - stellar - Último MACD Signal: nan
2025-07-08 22:27:15,567 - DEBUG - stellar - Señal generada: ⏳ Sin señal clara
2025-07-08 22:27:15,567 - ERROR - ❌ Error analizando stellar: 'ema50'
2025-07-08 22:27:16,436 - DEBUG - uniswap - Último RSI: 52.82393999350685
2025-07-08 22:27:16,439 - DEBUG - uniswap - Último MACD: -0.06153579356642336
2025-07-08 22:27:16,439 - DEBUG - uniswap - Último MACD Signal: nan
2025-07-08 22:27:16,444 - DEBUG - uniswap - Señal generada: ⏳ Sin señal clara
2025-07-08 22:27:16,444 - ERROR - ❌ Error analizando uniswap: 'ema50'
2025-07-08 22:27:17,487 - DEBUG - aptos - Último RSI: 42.09411925327955
2025-07-08 22:27:17,489 - DEBUG - aptos - Último MACD: -0.08780440318669669
2025-07-08 22:27:17,489 - DEBUG - aptos - Último MACD Signal: nan
2025-07-08 22:27:17,492 - DEBUG - aptos - Señal generada: ⏳ Sin señal clara
2025-07-08 22:27:17,493 - ERROR - ❌ Error analizando aptos: 'ema50'
2025-07-08 22:27:18,403 - DEBUG - hedera-hashgraph - Último RSI: 54.66612465473386
2025-07-08 22:27:18,406 - DEBUG - hedera-hashgraph - Último MACD: -0.0004708264629972314
2025-07-08 22:27:18,406 - DEBUG - hedera-hashgraph - Último MACD Signal: nan
2025-07-08 22:27:18,409 - DEBUG - hedera-hashgraph - Señal generada: ⏳ Sin señal clara
2025-07-08 22:27:18,409 - ERROR - ❌ Error analizando hedera-hashgraph: 'ema50'
2025-07-08 22:27:19,428 - DEBUG - arbitrum - Último RSI: 49.231675410193716
2025-07-08 22:27:19,431 - DEBUG - arbitrum - Último MACD: -0.004540667030186241
2025-07-08 22:27:19,431 - DEBUG - arbitrum - Último MACD Signal: nan
2025-07-08 22:27:19,435 - DEBUG - arbitrum - Señal generada: ⏳ Sin señal clara
2025-07-08 22:27:19,436 - ERROR - ❌ Error analizando arbitrum: 'ema50'
2025-07-08 22:27:20,452 - DEBUG - optimism - Último RSI: 43.06136360052916
2025-07-08 22:27:20,455 - DEBUG - optimism - Último MACD: -0.021184038803301553
2025-07-08 22:27:20,455 - DEBUG - optimism - Último MACD Signal: nan
2025-07-08 22:27:20,458 - DEBUG - optimism - Señal generada: ⏳ Sin señal clara
2025-07-08 22:27:20,459 - ERROR - ❌ Error analizando optimism: 'ema50'
2025-07-08 22:27:21,390 - DEBUG - sui - Último RSI: 48.44662468487688
2025-07-08 22:27:21,390 - DEBUG - sui - Último MACD: -0.04881802301709737
2025-07-08 22:27:21,390 - DEBUG - sui - Último MACD Signal: nan
2025-07-08 22:27:21,392 - DEBUG - sui - Señal generada: ⏳ Sin señal clara
2025-07-08 22:27:21,393 - ERROR - ❌ Error analizando sui: 'ema50'
2025-07-08 22:27:22,257 - DEBUG - pepe - Último RSI: 46.95174219476694
2025-07-08 22:27:22,258 - DEBUG - pepe - Último MACD: -3.3577127006028206e-07
2025-07-08 22:27:22,258 - DEBUG - pepe - Último MACD Signal: nan
2025-07-08 22:27:22,259 - DEBUG - pepe - Señal generada: ⏳ Sin señal clara
2025-07-08 22:27:22,259 - ERROR - ❌ Error analizando pepe: 'ema50'
2025-07-08 22:27:23,116 - DEBUG - floki - Último RSI: 59.520106032293114
2025-07-08 22:27:23,119 - DEBUG - floki - Último MACD: 8.435550785660024e-07
2025-07-08 22:27:23,119 - DEBUG - floki - Último MACD Signal: nan
2025-07-08 22:27:23,124 - DEBUG - floki - Señal generada: ⏳ Sin señal clara
2025-07-08 22:27:23,124 - ERROR - ❌ Error analizando floki: 'ema50'
2025-07-08 22:27:24,142 - DEBUG - shiba-inu - Último RSI: 49.71169877118934
2025-07-08 22:27:24,144 - DEBUG - shiba-inu - Último MACD: -1.4023546306912588e-07
2025-07-08 22:27:24,145 - DEBUG - shiba-inu - Último MACD Signal: nan
2025-07-08 22:27:24,149 - DEBUG - shiba-inu - Señal generada: ⏳ Sin señal clara
2025-07-08 22:27:24,149 - ERROR - ❌ Error analizando shiba-inu: 'ema50'
2025-07-08 22:27:25,025 - DEBUG - the-open-network - Último RSI: 42.83834935064363
2025-07-08 22:27:25,028 - DEBUG - the-open-network - Último MACD: -0.07892096907065893
2025-07-08 22:27:25,028 - DEBUG - the-open-network - Último MACD Signal: nan
2025-07-08 22:27:25,032 - DEBUG - the-open-network - Señal generada: ⏳ Sin señal clara
2025-07-08 22:27:25,032 - ERROR - ❌ Error analizando the-open-network: 'ema50'
2025-07-08 22:27:25,033 - WARNING - ⚠️ No se encontraron señales de Triángulo Dorado en esta ejecución.
2025-07-08 22:30:32,427 - INFO - Bot iniciado.
2025-07-08 22:30:33,089 - INFO - 📨 Sistema de Telegram inicializado.
2025-07-08 22:30:33,089 - INFO - 
🔄 Ejecutando análisis: 2025-07-08 22:30:33
2025-07-08 22:30:34,025 - DEBUG - bitcoin - Último RSI: 54.28209414847336
2025-07-08 22:30:34,027 - DEBUG - bitcoin - Último MACD: 419.4191699192015
2025-07-08 22:30:34,027 - DEBUG - bitcoin - Último MACD Signal: nan
2025-07-08 22:30:34,032 - DEBUG - bitcoin - Señal generada: ⏳ Sin señal clara
2025-07-08 22:30:34,032 - ERROR - ❌ Error analizando bitcoin: 'dict' object has no attribute 'empty'
2025-07-08 22:30:34,901 - DEBUG - ethereum - Último RSI: 54.97414897934202
2025-07-08 22:30:34,904 - DEBUG - ethereum - Último MACD: -4.648225367538544
2025-07-08 22:30:34,904 - DEBUG - ethereum - Último MACD Signal: nan
2025-07-08 22:30:34,910 - DEBUG - ethereum - Señal generada: ⏳ Sin señal clara
2025-07-08 22:30:34,910 - ERROR - ❌ Error analizando ethereum: 'dict' object has no attribute 'empty'
2025-07-08 22:30:35,773 - WARNING - No hay datos válidos para tether. Saltando.
2025-07-08 22:30:36,755 - DEBUG - binance-coin - Último RSI: 54.93391173672538
2025-07-08 22:30:36,757 - DEBUG - binance-coin - Último MACD: 1.5385670944256162
2025-07-08 22:30:36,757 - DEBUG - binance-coin - Último MACD Signal: nan
2025-07-08 22:30:36,764 - DEBUG - binance-coin - Señal generada: ⏳ Sin señal clara
2025-07-08 22:30:36,764 - ERROR - ❌ Error analizando binance-coin: 'dict' object has no attribute 'empty'
2025-07-08 22:30:37,642 - DEBUG - bnb - Último RSI: 54.93391173672538
2025-07-08 22:30:37,644 - DEBUG - bnb - Último MACD: 1.5385670944256162
2025-07-08 22:30:37,644 - DEBUG - bnb - Último MACD Signal: nan
2025-07-08 22:30:37,649 - DEBUG - bnb - Señal generada: ⏳ Sin señal clara
2025-07-08 22:30:37,649 - ERROR - ❌ Error analizando bnb: 'dict' object has no attribute 'empty'
2025-07-08 22:30:38,511 - DEBUG - solana - Último RSI: 51.79311480054007
2025-07-08 22:30:38,513 - DEBUG - solana - Último MACD: -0.509888215224322
2025-07-08 22:30:38,513 - DEBUG - solana - Último MACD Signal: nan
2025-07-08 22:30:38,519 - DEBUG - solana - Señal generada: ⏳ Sin señal clara
2025-07-08 22:30:38,520 - ERROR - ❌ Error analizando solana: 'dict' object has no attribute 'empty'
2025-07-08 22:30:39,364 - DEBUG - ripple - Último RSI: 59.918887005818405
2025-07-08 22:30:39,364 - DEBUG - ripple - Último MACD: 0.01993646111334213
2025-07-08 22:30:39,365 - DEBUG - ripple - Último MACD Signal: nan
2025-07-08 22:30:39,367 - DEBUG - ripple - Señal generada: ⏳ Sin señal clara
2025-07-08 22:30:39,367 - ERROR - ❌ Error analizando ripple: 'dict' object has no attribute 'empty'
2025-07-08 22:30:40,231 - DEBUG - cardano - Último RSI: 46.44620597706526
2025-07-08 22:30:40,234 - DEBUG - cardano - Último MACD: -0.01505830656236784
2025-07-08 22:30:40,234 - DEBUG - cardano - Último MACD Signal: nan
2025-07-08 22:30:40,239 - DEBUG - cardano - Señal generada: ⏳ Sin señal clara
2025-07-08 22:30:40,239 - ERROR - ❌ Error analizando cardano: 'dict' object has no attribute 'empty'
2025-07-08 22:30:41,773 - DEBUG - dogecoin - Último RSI: 50.15779026108824
2025-07-08 22:30:41,775 - DEBUG - dogecoin - Último MACD: -0.002592601526850369
2025-07-08 22:30:41,776 - DEBUG - dogecoin - Último MACD Signal: nan
2025-07-08 22:30:41,780 - DEBUG - dogecoin - Señal generada: ⏳ Sin señal clara
2025-07-08 22:30:41,781 - ERROR - ❌ Error analizando dogecoin: 'dict' object has no attribute 'empty'
2025-07-08 22:30:42,791 - DEBUG - litecoin - Último RSI: 51.44436727464654
2025-07-08 22:30:42,792 - DEBUG - litecoin - Último MACD: -0.16568131962125676
2025-07-08 22:30:42,792 - DEBUG - litecoin - Último MACD Signal: nan
2025-07-08 22:30:42,793 - DEBUG - litecoin - Señal generada: ⏳ Sin señal clara
2025-07-08 22:30:42,794 - ERROR - ❌ Error analizando litecoin: 'dict' object has no attribute 'empty'
2025-07-08 22:30:43,828 - DEBUG - polkadot - Último RSI: 43.850248032718156
2025-07-08 22:30:43,831 - DEBUG - polkadot - Último MACD: -0.11288374228836862
2025-07-08 22:30:43,831 - DEBUG - polkadot - Último MACD Signal: nan
2025-07-08 22:30:43,836 - DEBUG - polkadot - Señal generada: ⏳ Sin señal clara
2025-07-08 22:30:43,836 - ERROR - ❌ Error analizando polkadot: 'dict' object has no attribute 'empty'
2025-07-08 22:30:44,845 - DEBUG - tron - Último RSI: 61.17209065967332
2025-07-08 22:30:44,848 - DEBUG - tron - Último MACD: 0.001888106231598241
2025-07-08 22:30:44,848 - DEBUG - tron - Último MACD Signal: nan
2025-07-08 22:30:44,853 - DEBUG - tron - Señal generada: ⏳ Sin señal clara
2025-07-08 22:30:44,854 - ERROR - ❌ Error analizando tron: 'dict' object has no attribute 'empty'
2025-07-08 22:30:45,765 - DEBUG - chainlink - Último RSI: 53.85191128028242
2025-07-08 22:30:45,768 - DEBUG - chainlink - Último MACD: -0.07599564658264768
2025-07-08 22:30:45,768 - DEBUG - chainlink - Último MACD Signal: nan
2025-07-08 22:30:45,773 - DEBUG - chainlink - Señal generada: ⏳ Sin señal clara
2025-07-08 22:30:45,773 - ERROR - ❌ Error analizando chainlink: 'dict' object has no attribute 'empty'
2025-07-08 22:30:46,688 - DEBUG - avalanche-2 - Último RSI: 45.80769431646354
2025-07-08 22:30:46,690 - DEBUG - avalanche-2 - Último MACD: -0.45444734129482
2025-07-08 22:30:46,690 - DEBUG - avalanche-2 - Último MACD Signal: nan
2025-07-08 22:30:46,695 - DEBUG - avalanche-2 - Señal generada: ⏳ Sin señal clara
2025-07-08 22:30:46,696 - ERROR - ❌ Error analizando avalanche-2: 'dict' object has no attribute 'empty'
2025-07-08 22:30:47,633 - DEBUG - stellar - Último RSI: 56.923274107318285
2025-07-08 22:30:47,635 - DEBUG - stellar - Último MACD: -0.002078673331914277
2025-07-08 22:30:47,635 - DEBUG - stellar - Último MACD Signal: nan
2025-07-08 22:30:47,640 - DEBUG - stellar - Señal generada: ⏳ Sin señal clara
2025-07-08 22:30:47,640 - ERROR - ❌ Error analizando stellar: 'dict' object has no attribute 'empty'
2025-07-08 22:30:48,634 - DEBUG - uniswap - Último RSI: 52.93220157676399
2025-07-08 22:30:48,637 - DEBUG - uniswap - Último MACD: -0.06097738900801897
2025-07-08 22:30:48,637 - DEBUG - uniswap - Último MACD Signal: nan
2025-07-08 22:30:48,642 - DEBUG - uniswap - Señal generada: ⏳ Sin señal clara
2025-07-08 22:30:48,643 - ERROR - ❌ Error analizando uniswap: 'dict' object has no attribute 'empty'
2025-07-08 22:30:49,576 - DEBUG - aptos - Último RSI: 42.06658971817177
2025-07-08 22:30:49,579 - DEBUG - aptos - Último MACD: -0.08788417526646874
2025-07-08 22:30:49,580 - DEBUG - aptos - Último MACD Signal: nan
2025-07-08 22:30:49,586 - DEBUG - aptos - Señal generada: ⏳ Sin señal clara
2025-07-08 22:30:49,587 - ERROR - ❌ Error analizando aptos: 'dict' object has no attribute 'empty'
2025-07-08 22:30:50,465 - DEBUG - hedera-hashgraph - Último RSI: 54.798962799157806
2025-07-08 22:30:50,467 - DEBUG - hedera-hashgraph - Último MACD: -0.00046045609262687637
2025-07-08 22:30:50,467 - DEBUG - hedera-hashgraph - Último MACD Signal: nan
2025-07-08 22:30:50,473 - DEBUG - hedera-hashgraph - Señal generada: ⏳ Sin señal clara
2025-07-08 22:30:50,474 - ERROR - ❌ Error analizando hedera-hashgraph: 'dict' object has no attribute 'empty'
2025-07-08 22:30:51,415 - DEBUG - arbitrum - Último RSI: 49.231675410193716
2025-07-08 22:30:51,416 - DEBUG - arbitrum - Último MACD: -0.004540667030186241
2025-07-08 22:30:51,416 - DEBUG - arbitrum - Último MACD Signal: nan
2025-07-08 22:30:51,420 - DEBUG - arbitrum - Señal generada: ⏳ Sin señal clara
2025-07-08 22:30:51,420 - ERROR - ❌ Error analizando arbitrum: 'dict' object has no attribute 'empty'
2025-07-08 22:30:52,425 - DEBUG - optimism - Último RSI: 43.24237587175296
2025-07-08 22:30:52,427 - DEBUG - optimism - Último MACD: -0.021104266723529386
2025-07-08 22:30:52,427 - DEBUG - optimism - Último MACD Signal: nan
2025-07-08 22:30:52,431 - DEBUG - optimism - Señal generada: ⏳ Sin señal clara
2025-07-08 22:30:52,431 - ERROR - ❌ Error analizando optimism: 'dict' object has no attribute 'empty'
2025-07-08 22:30:54,060 - DEBUG - sui - Último RSI: 48.543507386115714
2025-07-08 22:30:54,062 - DEBUG - sui - Último MACD: -0.04864252444159911
2025-07-08 22:30:54,062 - DEBUG - sui - Último MACD Signal: nan
2025-07-08 22:30:54,068 - DEBUG - sui - Señal generada: ⏳ Sin señal clara
2025-07-08 22:30:54,069 - ERROR - ❌ Error analizando sui: 'dict' object has no attribute 'empty'
2025-07-08 22:30:55,085 - DEBUG - pepe - Último RSI: 47.16306468699149
2025-07-08 22:30:55,088 - DEBUG - pepe - Último MACD: -3.341758284648408e-07
2025-07-08 22:30:55,088 - DEBUG - pepe - Último MACD Signal: nan
2025-07-08 22:30:55,093 - DEBUG - pepe - Señal generada: ⏳ Sin señal clara
2025-07-08 22:30:55,094 - ERROR - ❌ Error analizando pepe: 'dict' object has no attribute 'empty'
2025-07-08 22:30:56,109 - DEBUG - floki - Último RSI: 59.754260309950446
2025-07-08 22:30:56,112 - DEBUG - floki - Último MACD: 8.595094945204119e-07
2025-07-08 22:30:56,112 - DEBUG - floki - Último MACD Signal: nan
2025-07-08 22:30:56,116 - DEBUG - floki - Señal generada: ⏳ Sin señal clara
2025-07-08 22:30:56,117 - ERROR - ❌ Error analizando floki: 'dict' object has no attribute 'empty'
2025-07-08 22:30:56,982 - DEBUG - shiba-inu - Último RSI: 49.86726347265167
2025-07-08 22:30:56,984 - DEBUG - shiba-inu - Último MACD: -1.394377422714044e-07
2025-07-08 22:30:56,984 - DEBUG - shiba-inu - Último MACD Signal: nan
2025-07-08 22:30:56,990 - DEBUG - shiba-inu - Señal generada: ⏳ Sin señal clara
2025-07-08 22:30:56,990 - ERROR - ❌ Error analizando shiba-inu: 'dict' object has no attribute 'empty'
2025-07-08 22:30:57,862 - DEBUG - the-open-network - Último RSI: 43.08207106898273
2025-07-08 22:30:57,865 - DEBUG - the-open-network - Último MACD: -0.07868165283134232
2025-07-08 22:30:57,865 - DEBUG - the-open-network - Último MACD Signal: nan
2025-07-08 22:30:57,870 - DEBUG - the-open-network - Señal generada: ⏳ Sin señal clara
2025-07-08 22:30:57,870 - ERROR - ❌ Error analizando the-open-network: 'dict' object has no attribute 'empty'
2025-07-08 22:30:57,871 - WARNING - ⚠️ No se encontraron señales de Triángulo Dorado en esta ejecución.
2025-07-08 22:30:57,871 - INFO - 📊 APTOS - 2025-07-08 22:30:49
💰 Precio: $4.41
📉 RSI: 42.07 | MACD: -0.0879
🔔 ⏳ Sin señal clara

2025-07-08 22:30:57,871 - INFO - 📊 THE-OPEN-NETWORK - 2025-07-08 22:30:57
💰 Precio: $2.81
📉 RSI: 43.08 | MACD: -0.0787
🔔 ⏳ Sin señal clara

2025-07-08 22:30:57,871 - INFO - 📊 OPTIMISM - 2025-07-08 22:30:52
💰 Precio: $0.54
📉 RSI: 43.24 | MACD: -0.0211
🔔 ⏳ Sin señal clara

2025-07-08 22:30:57,871 - INFO - 📊 POLKADOT - 2025-07-08 22:30:43
💰 Precio: $3.42
📉 RSI: 43.85 | MACD: -0.1129
🔔 ⏳ Sin señal clara

2025-07-08 22:30:57,871 - INFO - 📊 AVALANCHE-2 - 2025-07-08 22:30:46
💰 Precio: $18.14
📉 RSI: 45.81 | MACD: -0.4544
🔔 ⏳ Sin señal clara

2025-07-08 22:30:57,871 - INFO - 📊 CARDANO - 2025-07-08 22:30:40
💰 Precio: $0.59
📉 RSI: 46.45 | MACD: -0.0151
🔔 ⏳ Sin señal clara

2025-07-08 22:30:57,871 - INFO - 📊 PEPE - 2025-07-08 22:30:55
💰 Precio: $0.00
📉 RSI: 47.16 | MACD: -0.0000
🔔 ⏳ Sin señal clara

2025-07-08 22:30:57,871 - INFO - 📊 SUI - 2025-07-08 22:30:54
💰 Precio: $2.89
📉 RSI: 48.54 | MACD: -0.0486
🔔 ⏳ Sin señal clara

2025-07-08 22:30:57,871 - INFO - 📊 ARBITRUM - 2025-07-08 22:30:51
💰 Precio: $0.33
📉 RSI: 49.23 | MACD: -0.0045
🔔 ⏳ Sin señal clara

2025-07-08 22:30:57,871 - INFO - 📊 SHIBA-INU - 2025-07-08 22:30:56
💰 Precio: $0.00
📉 RSI: 49.87 | MACD: -0.0000
🔔 ⏳ Sin señal clara

2025-07-08 22:30:57,871 - INFO - 📊 DOGECOIN - 2025-07-08 22:30:41
💰 Precio: $0.17
📉 RSI: 50.16 | MACD: -0.0026
🔔 ⏳ Sin señal clara

2025-07-08 22:30:57,871 - INFO - 📊 LITECOIN - 2025-07-08 22:30:42
💰 Precio: $87.49
📉 RSI: 51.44 | MACD: -0.1657
🔔 ⏳ Sin señal clara

2025-07-08 22:30:57,871 - INFO - 📊 SOLANA - 2025-07-08 22:30:38
💰 Precio: $151.87
📉 RSI: 51.79 | MACD: -0.5099
🔔 ⏳ Sin señal clara

2025-07-08 22:30:57,871 - INFO - 📊 UNISWAP - 2025-07-08 22:30:48
💰 Precio: $7.60
📉 RSI: 52.93 | MACD: -0.0610
🔔 ⏳ Sin señal clara

2025-07-08 22:30:57,871 - INFO - 📊 CHAINLINK - 2025-07-08 22:30:45
💰 Precio: $13.88
📉 RSI: 53.85 | MACD: -0.0760
🔔 ⏳ Sin señal clara

2025-07-08 22:33:35,758 - INFO - Bot iniciado.
2025-07-08 22:33:36,806 - INFO - 📨 Sistema de Telegram inicializado.
2025-07-08 22:33:36,806 - INFO - 
🔄 Ejecutando análisis: 2025-07-08 22:33:36
2025-07-08 22:33:37,743 - DEBUG - bitcoin - Último RSI: 54.509780852702235
2025-07-08 22:33:37,745 - DEBUG - bitcoin - Último MACD: 423.713300973337
2025-07-08 22:33:37,745 - DEBUG - bitcoin - Último MACD Signal: nan
2025-07-08 22:33:37,749 - DEBUG - bitcoin - Señal generada: ⏳ Sin señal clara
2025-07-08 22:33:37,749 - ERROR - ❌ Error analizando bitcoin: expected str, bytes or os.PathLike object, not list
2025-07-08 22:33:38,923 - DEBUG - ethereum - Último RSI: 55.1458645110387
2025-07-08 22:33:38,925 - DEBUG - ethereum - Último MACD: -4.493467532780869
2025-07-08 22:33:38,926 - DEBUG - ethereum - Último MACD Signal: nan
2025-07-08 22:33:38,932 - DEBUG - ethereum - Señal generada: ⏳ Sin señal clara
2025-07-08 22:33:38,932 - ERROR - ❌ Error analizando ethereum: expected str, bytes or os.PathLike object, not list
2025-07-08 22:33:39,792 - WARNING - No hay datos válidos para tether. Saltando.
2025-07-08 22:33:40,686 - DEBUG - binance-coin - Último RSI: 55.140060009842216
2025-07-08 22:33:40,689 - DEBUG - binance-coin - Último MACD: 1.562498718357233
2025-07-08 22:33:40,689 - DEBUG - binance-coin - Último MACD Signal: nan
2025-07-08 22:33:40,694 - DEBUG - binance-coin - Señal generada: ⏳ Sin señal clara
2025-07-08 22:33:40,695 - ERROR - ❌ Error analizando binance-coin: expected str, bytes or os.PathLike object, not list
2025-07-08 22:33:41,665 - DEBUG - bnb - Último RSI: 55.05782743433751
2025-07-08 22:33:41,667 - DEBUG - bnb - Último MACD: 1.5529260687845863
2025-07-08 22:33:41,667 - DEBUG - bnb - Último MACD Signal: nan
2025-07-08 22:33:41,669 - DEBUG - bnb - Señal generada: ⏳ Sin señal clara
2025-07-08 22:33:41,669 - ERROR - ❌ Error analizando bnb: expected str, bytes or os.PathLike object, not list
2025-07-08 22:33:42,572 - DEBUG - solana - Último RSI: 51.87061118632449
2025-07-08 22:33:42,573 - DEBUG - solana - Último MACD: -0.5043041696402781
2025-07-08 22:33:42,573 - DEBUG - solana - Último MACD Signal: nan
2025-07-08 22:33:42,576 - DEBUG - solana - Señal generada: ⏳ Sin señal clara
2025-07-08 22:33:42,576 - ERROR - ❌ Error analizando solana: expected str, bytes or os.PathLike object, not list
2025-07-08 22:33:43,452 - DEBUG - ripple - Último RSI: 59.93247326446713
2025-07-08 22:33:43,454 - DEBUG - ripple - Último MACD: 0.01994443832131898
2025-07-08 22:33:43,454 - DEBUG - ripple - Último MACD Signal: nan
2025-07-08 22:33:43,458 - DEBUG - ripple - Señal generada: ⏳ Sin señal clara
2025-07-08 22:33:43,459 - ERROR - ❌ Error analizando ripple: expected str, bytes or os.PathLike object, not list
2025-07-08 22:33:45,239 - DEBUG - cardano - Último RSI: 46.722295840643206
2025-07-08 22:33:45,242 - DEBUG - cardano - Último MACD: -0.014978534482595673
2025-07-08 22:33:45,242 - DEBUG - cardano - Último MACD Signal: nan
2025-07-08 22:33:45,247 - DEBUG - cardano - Señal generada: ⏳ Sin señal clara
2025-07-08 22:33:45,248 - ERROR - ❌ Error analizando cardano: expected str, bytes or os.PathLike object, not list
2025-07-08 22:33:46,269 - DEBUG - dogecoin - Último RSI: 50.2653781646277
2025-07-08 22:33:46,272 - DEBUG - dogecoin - Último MACD: -0.0025830288772777377
2025-07-08 22:33:46,272 - DEBUG - dogecoin - Último MACD Signal: nan
2025-07-08 22:33:46,277 - DEBUG - dogecoin - Señal generada: ⏳ Sin señal clara
2025-07-08 22:33:46,277 - ERROR - ❌ Error analizando dogecoin: expected str, bytes or os.PathLike object, not list
2025-07-08 22:33:47,422 - DEBUG - litecoin - Último RSI: 51.99148105535811
2025-07-08 22:33:47,425 - DEBUG - litecoin - Último MACD: -0.15052462446455195
2025-07-08 22:33:47,425 - DEBUG - litecoin - Último MACD Signal: nan
2025-07-08 22:33:47,430 - DEBUG - litecoin - Señal generada: ⏳ Sin señal clara
2025-07-08 22:33:47,430 - ERROR - ❌ Error analizando litecoin: expected str, bytes or os.PathLike object, not list
2025-07-08 22:33:48,346 - DEBUG - polkadot - Último RSI: 43.93206733864224
2025-07-08 22:33:48,348 - DEBUG - polkadot - Último MACD: -0.1127241981288245
2025-07-08 22:33:48,349 - DEBUG - polkadot - Último MACD Signal: nan
2025-07-08 22:33:48,352 - DEBUG - polkadot - Señal generada: ⏳ Sin señal clara
2025-07-08 22:33:48,352 - ERROR - ❌ Error analizando polkadot: expected str, bytes or os.PathLike object, not list
2025-07-08 22:33:49,266 - DEBUG - tron - Último RSI: 61.17209065967332
2025-07-08 22:33:49,268 - DEBUG - tron - Último MACD: 0.001888106231598241
2025-07-08 22:33:49,268 - DEBUG - tron - Último MACD Signal: nan
2025-07-08 22:33:49,273 - DEBUG - tron - Señal generada: ⏳ Sin señal clara
2025-07-08 22:33:49,273 - ERROR - ❌ Error analizando tron: expected str, bytes or os.PathLike object, not list
2025-07-08 22:33:50,491 - DEBUG - chainlink - Último RSI: 54.117493163886486
2025-07-08 22:33:50,493 - DEBUG - chainlink - Último MACD: -0.07440020498720479
2025-07-08 22:33:50,494 - DEBUG - chainlink - Último MACD Signal: nan
2025-07-08 22:33:50,500 - DEBUG - chainlink - Señal generada: ⏳ Sin señal clara
2025-07-08 22:33:50,500 - ERROR - ❌ Error analizando chainlink: expected str, bytes or os.PathLike object, not list
2025-07-08 22:33:51,515 - DEBUG - avalanche-2 - Último RSI: 45.88226935757659
2025-07-08 22:33:51,516 - DEBUG - avalanche-2 - Último MACD: -0.45364962049709945
2025-07-08 22:33:51,516 - DEBUG - avalanche-2 - Último MACD Signal: nan
2025-07-08 22:33:51,521 - DEBUG - avalanche-2 - Señal generada: ⏳ Sin señal clara
2025-07-08 22:33:51,521 - ERROR - ❌ Error analizando avalanche-2: expected str, bytes or os.PathLike object, not list
2025-07-08 22:33:52,440 - DEBUG - stellar - Último RSI: 57.319429799026516
2025-07-08 22:33:52,443 - DEBUG - stellar - Último MACD: -0.002038787292028249
2025-07-08 22:33:52,443 - DEBUG - stellar - Último MACD Signal: nan
2025-07-08 22:33:52,448 - DEBUG - stellar - Señal generada: ⏳ Sin señal clara
2025-07-08 22:33:52,448 - ERROR - ❌ Error analizando stellar: expected str, bytes or os.PathLike object, not list
2025-07-08 22:33:53,595 - DEBUG - uniswap - Último RSI: 53.16569156843121
2025-07-08 22:33:53,597 - DEBUG - uniswap - Último MACD: -0.05978080781143813
2025-07-08 22:33:53,597 - DEBUG - uniswap - Último MACD Signal: nan
2025-07-08 22:33:53,602 - DEBUG - uniswap - Señal generada: ⏳ Sin señal clara
2025-07-08 22:33:53,603 - ERROR - ❌ Error analizando uniswap: expected str, bytes or os.PathLike object, not list
2025-07-08 22:33:54,691 - DEBUG - aptos - Último RSI: 42.09411925327955
2025-07-08 22:33:54,693 - DEBUG - aptos - Último MACD: -0.08780440318669669
2025-07-08 22:33:54,694 - DEBUG - aptos - Último MACD Signal: nan
2025-07-08 22:33:54,699 - DEBUG - aptos - Señal generada: ⏳ Sin señal clara
2025-07-08 22:33:54,699 - ERROR - ❌ Error analizando aptos: expected str, bytes or os.PathLike object, not list
2025-07-08 22:33:55,715 - DEBUG - hedera-hashgraph - Último RSI: 54.91034006269738
2025-07-08 22:33:55,717 - DEBUG - hedera-hashgraph - Último MACD: -0.00045088344305421746
2025-07-08 22:33:55,717 - DEBUG - hedera-hashgraph - Último MACD Signal: nan
2025-07-08 22:33:55,722 - DEBUG - hedera-hashgraph - Señal generada: ⏳ Sin señal clara
2025-07-08 22:33:55,723 - ERROR - ❌ Error analizando hedera-hashgraph: expected str, bytes or os.PathLike object, not list
2025-07-08 22:33:56,607 - DEBUG - arbitrum - Último RSI: 49.19913012263349
2025-07-08 22:33:56,609 - DEBUG - arbitrum - Último MACD: -0.0045486442381634795
2025-07-08 22:33:56,610 - DEBUG - arbitrum - Último MACD Signal: nan
2025-07-08 22:33:56,615 - DEBUG - arbitrum - Señal generada: ⏳ Sin señal clara
2025-07-08 22:33:56,615 - ERROR - ❌ Error analizando arbitrum: expected str, bytes or os.PathLike object, not list
2025-07-08 22:33:57,658 - DEBUG - optimism - Último RSI: 43.06136360052916
2025-07-08 22:33:57,659 - DEBUG - optimism - Último MACD: -0.021184038803301553
2025-07-08 22:33:57,659 - DEBUG - optimism - Último MACD Signal: nan
2025-07-08 22:33:57,662 - DEBUG - optimism - Señal generada: ⏳ Sin señal clara
2025-07-08 22:33:57,663 - ERROR - ❌ Error analizando optimism: expected str, bytes or os.PathLike object, not list
2025-07-08 22:33:58,685 - DEBUG - sui - Último RSI: 48.637837164524115
2025-07-08 22:33:58,688 - DEBUG - sui - Último MACD: -0.048475003074077705
2025-07-08 22:33:58,689 - DEBUG - sui - Último MACD Signal: nan
2025-07-08 22:33:58,694 - DEBUG - sui - Señal generada: ⏳ Sin señal clara
2025-07-08 22:33:58,695 - ERROR - ❌ Error analizando sui: expected str, bytes or os.PathLike object, not list
2025-07-08 22:33:59,727 - DEBUG - pepe - Último RSI: 47.05716619236754
2025-07-08 22:33:59,728 - DEBUG - pepe - Último MACD: -3.3497354926256226e-07
2025-07-08 22:33:59,729 - DEBUG - pepe - Último MACD Signal: nan
2025-07-08 22:33:59,732 - DEBUG - pepe - Señal generada: ⏳ Sin señal clara
2025-07-08 22:33:59,733 - ERROR - ❌ Error analizando pepe: expected str, bytes or os.PathLike object, not list
2025-07-08 22:34:00,605 - DEBUG - floki - Último RSI: 59.860231865265604
2025-07-08 22:34:00,608 - DEBUG - floki - Último MACD: 8.666889816999002e-07
2025-07-08 22:34:00,608 - DEBUG - floki - Último MACD Signal: nan
2025-07-08 22:34:00,613 - DEBUG - floki - Señal generada: ⏳ Sin señal clara
2025-07-08 22:34:00,613 - ERROR - ❌ Error analizando floki: expected str, bytes or os.PathLike object, not list
2025-07-08 22:34:01,676 - DEBUG - shiba-inu - Último RSI: 50.1813321586636
2025-07-08 22:34:01,678 - DEBUG - shiba-inu - Último MACD: -1.378423006759648e-07
2025-07-08 22:34:01,678 - DEBUG - shiba-inu - Último MACD Signal: nan
2025-07-08 22:34:01,684 - DEBUG - shiba-inu - Señal generada: ⏳ Sin señal clara
2025-07-08 22:34:01,685 - ERROR - ❌ Error analizando shiba-inu: expected str, bytes or os.PathLike object, not list
2025-07-08 22:34:02,624 - DEBUG - the-open-network - Último RSI: 43.16285044698174
2025-07-08 22:34:02,626 - DEBUG - the-open-network - Último MACD: -0.07860188075157026
2025-07-08 22:34:02,626 - DEBUG - the-open-network - Último MACD Signal: nan
2025-07-08 22:34:02,630 - DEBUG - the-open-network - Señal generada: ⏳ Sin señal clara
2025-07-08 22:34:02,630 - ERROR - ❌ Error analizando the-open-network: expected str, bytes or os.PathLike object, not list
2025-07-08 22:34:02,630 - WARNING - ⚠️ No se encontraron señales de Triángulo Dorado en esta ejecución.
2025-07-08 22:34:02,631 - INFO - 📊 APTOS - 2025-07-08 22:33:54
💰 Precio: $4.41
📉 RSI: 42.09 | MACD: -0.0878
🔔 ⏳ Sin señal clara

2025-07-08 22:34:02,631 - INFO - 📊 OPTIMISM - 2025-07-08 22:33:57
💰 Precio: $0.54
📉 RSI: 43.06 | MACD: -0.0212
🔔 ⏳ Sin señal clara

2025-07-08 22:34:02,631 - INFO - 📊 THE-OPEN-NETWORK - 2025-07-08 22:34:02
💰 Precio: $2.81
📉 RSI: 43.16 | MACD: -0.0786
🔔 ⏳ Sin señal clara

2025-07-08 22:34:02,631 - INFO - 📊 POLKADOT - 2025-07-08 22:33:48
💰 Precio: $3.43
📉 RSI: 43.93 | MACD: -0.1127
🔔 ⏳ Sin señal clara

2025-07-08 22:34:02,631 - INFO - 📊 AVALANCHE-2 - 2025-07-08 22:33:51
💰 Precio: $18.15
📉 RSI: 45.88 | MACD: -0.4536
🔔 ⏳ Sin señal clara

2025-07-08 22:34:02,631 - INFO - 📊 CARDANO - 2025-07-08 22:33:45
💰 Precio: $0.59
📉 RSI: 46.72 | MACD: -0.0150
🔔 ⏳ Sin señal clara

2025-07-08 22:34:02,631 - INFO - 📊 PEPE - 2025-07-08 22:33:59
💰 Precio: $0.00
📉 RSI: 47.06 | MACD: -0.0000
🔔 ⏳ Sin señal clara

2025-07-08 22:34:02,631 - INFO - 📊 SUI - 2025-07-08 22:33:58
💰 Precio: $2.90
📉 RSI: 48.64 | MACD: -0.0485
🔔 ⏳ Sin señal clara

2025-07-08 22:34:02,631 - INFO - 📊 ARBITRUM - 2025-07-08 22:33:56
💰 Precio: $0.33
📉 RSI: 49.20 | MACD: -0.0045
🔔 ⏳ Sin señal clara

2025-07-08 22:34:02,631 - INFO - 📊 SHIBA-INU - 2025-07-08 22:34:01
💰 Precio: $0.00
📉 RSI: 50.18 | MACD: -0.0000
🔔 ⏳ Sin señal clara

2025-07-08 22:34:02,631 - INFO - 📊 DOGECOIN - 2025-07-08 22:33:46
💰 Precio: $0.17
📉 RSI: 50.27 | MACD: -0.0026
🔔 ⏳ Sin señal clara

2025-07-08 22:34:02,631 - INFO - 📊 SOLANA - 2025-07-08 22:33:42
💰 Precio: $151.94
📉 RSI: 51.87 | MACD: -0.5043
🔔 ⏳ Sin señal clara

2025-07-08 22:34:02,631 - INFO - 📊 LITECOIN - 2025-07-08 22:33:47
💰 Precio: $87.68
📉 RSI: 51.99 | MACD: -0.1505
🔔 ⏳ Sin señal clara

2025-07-08 22:34:02,631 - INFO - 📊 UNISWAP - 2025-07-08 22:33:53
💰 Precio: $7.61
📉 RSI: 53.17 | MACD: -0.0598
🔔 ⏳ Sin señal clara

2025-07-08 22:34:02,631 - INFO - 📊 CHAINLINK - 2025-07-08 22:33:50
💰 Precio: $13.90
📉 RSI: 54.12 | MACD: -0.0744
🔔 ⏳ Sin señal clara

2025-07-08 22:35:40,385 - INFO - Bot iniciado.
2025-07-08 22:35:41,066 - INFO - 📨 Sistema de Telegram inicializado.
2025-07-08 22:35:41,066 - INFO - 
🔄 Ejecutando análisis: 2025-07-08 22:35:41
2025-07-08 22:35:41,978 - DEBUG - bitcoin - Último RSI: 54.32500690603612
2025-07-08 22:35:41,980 - DEBUG - bitcoin - Último MACD: 420.2312496912782
2025-07-08 22:35:41,980 - DEBUG - bitcoin - Último MACD Signal: nan
2025-07-08 22:35:41,986 - DEBUG - bitcoin - Señal generada: ⏳ Sin señal clara
2025-07-08 22:35:43,031 - DEBUG - ethereum - Último RSI: 55.08909763871456
2025-07-08 22:35:43,032 - DEBUG - ethereum - Último MACD: -4.544521663834985
2025-07-08 22:35:43,032 - DEBUG - ethereum - Último MACD Signal: nan
2025-07-08 22:35:43,042 - DEBUG - ethereum - Señal generada: ⏳ Sin señal clara
2025-07-08 22:35:43,895 - WARNING - No hay datos válidos para tether. Saltando.
2025-07-08 22:35:44,780 - DEBUG - binance-coin - Último RSI: 55.08527177020626
2025-07-08 22:35:44,781 - DEBUG - binance-coin - Último MACD: 1.5561169519754685
2025-07-08 22:35:44,781 - DEBUG - binance-coin - Último MACD Signal: nan
2025-07-08 22:35:44,783 - DEBUG - binance-coin - Señal generada: ⏳ Sin señal clara
2025-07-08 22:35:45,663 - DEBUG - bnb - Último RSI: 55.07841382905516
2025-07-08 22:35:45,665 - DEBUG - bnb - Último MACD: 1.555319231177691
2025-07-08 22:35:45,665 - DEBUG - bnb - Último MACD Signal: nan
2025-07-08 22:35:45,667 - DEBUG - bnb - Señal generada: ⏳ Sin señal clara
2025-07-08 22:35:46,544 - DEBUG - solana - Último RSI: 51.85955553246079
2025-07-08 22:35:46,546 - DEBUG - solana - Último MACD: -0.5051018904379703
2025-07-08 22:35:46,546 - DEBUG - solana - Último MACD Signal: nan
2025-07-08 22:35:46,551 - DEBUG - solana - Señal generada: ⏳ Sin señal clara
2025-07-08 22:35:47,424 - DEBUG - ripple - Último RSI: 59.90530690558689
2025-07-08 22:35:47,427 - DEBUG - ripple - Último MACD: 0.019928483905364835
2025-07-08 22:35:47,427 - DEBUG - ripple - Último MACD Signal: nan
2025-07-08 22:35:47,432 - DEBUG - ripple - Señal generada: ⏳ Sin señal clara
2025-07-08 22:35:48,310 - DEBUG - cardano - Último RSI: 46.63912485166696
2025-07-08 22:35:48,313 - DEBUG - cardano - Último MACD: -0.015002466106527446
2025-07-08 22:35:48,313 - DEBUG - cardano - Último MACD Signal: nan
2025-07-08 22:35:48,319 - DEBUG - cardano - Señal generada: ⏳ Sin señal clara
2025-07-08 22:35:49,183 - DEBUG - dogecoin - Último RSI: 50.31899812715783
2025-07-08 22:35:49,185 - DEBUG - dogecoin - Último MACD: -0.0025782425524913943
2025-07-08 22:35:49,185 - DEBUG - dogecoin - Último MACD Signal: nan
2025-07-08 22:35:49,191 - DEBUG - dogecoin - Señal generada: ⏳ Sin señal clara
2025-07-08 22:35:50,059 - DEBUG - litecoin - Último RSI: 51.84637863576057
2025-07-08 22:35:50,060 - DEBUG - litecoin - Último MACD: -0.15451322845315474
2025-07-08 22:35:50,060 - DEBUG - litecoin - Último MACD Signal: nan
2025-07-08 22:35:50,062 - DEBUG - litecoin - Señal generada: ⏳ Sin señal clara
2025-07-08 22:35:50,928 - DEBUG - polkadot - Último RSI: 43.809452558951165
2025-07-08 22:35:50,929 - DEBUG - polkadot - Último MACD: -0.11296351436814067
2025-07-08 22:35:50,929 - DEBUG - polkadot - Último MACD Signal: nan
2025-07-08 22:35:50,931 - DEBUG - polkadot - Señal generada: ⏳ Sin señal clara
2025-07-08 22:35:51,783 - DEBUG - tron - Último RSI: 61.17209065967332
2025-07-08 22:35:51,784 - DEBUG - tron - Último MACD: 0.001888106231598241
2025-07-08 22:35:51,784 - DEBUG - tron - Último MACD Signal: nan
2025-07-08 22:35:51,786 - DEBUG - tron - Señal generada: ⏳ Sin señal clara
2025-07-08 22:35:52,651 - DEBUG - chainlink - Último RSI: 53.98437558447234
2025-07-08 22:35:52,652 - DEBUG - chainlink - Último MACD: -0.07519792578492535
2025-07-08 22:35:52,652 - DEBUG - chainlink - Último MACD Signal: nan
2025-07-08 22:35:52,655 - DEBUG - chainlink - Señal generada: ⏳ Sin señal clara
2025-07-08 22:35:53,513 - DEBUG - avalanche-2 - Último RSI: 45.80769431646354
2025-07-08 22:35:53,515 - DEBUG - avalanche-2 - Último MACD: -0.45444734129482
2025-07-08 22:35:53,515 - DEBUG - avalanche-2 - Último MACD Signal: nan
2025-07-08 22:35:53,521 - DEBUG - avalanche-2 - Señal generada: ⏳ Sin señal clara
2025-07-08 22:35:54,386 - DEBUG - stellar - Último RSI: 57.23975814858767
2025-07-08 22:35:54,387 - DEBUG - stellar - Último MACD: -0.0020467645000054324
2025-07-08 22:35:54,387 - DEBUG - stellar - Último MACD Signal: nan
2025-07-08 22:35:54,388 - DEBUG - stellar - Señal generada: ⏳ Sin señal clara
2025-07-08 22:35:55,263 - DEBUG - uniswap - Último RSI: 53.16569156843121
2025-07-08 22:35:55,265 - DEBUG - uniswap - Último MACD: -0.05978080781143813
2025-07-08 22:35:55,265 - DEBUG - uniswap - Último MACD Signal: nan
2025-07-08 22:35:55,271 - DEBUG - uniswap - Señal generada: ⏳ Sin señal clara
2025-07-08 22:35:56,133 - DEBUG - aptos - Último RSI: 42.09411925327955
2025-07-08 22:35:56,134 - DEBUG - aptos - Último MACD: -0.08780440318669669
2025-07-08 22:35:56,134 - DEBUG - aptos - Último MACD Signal: nan
2025-07-08 22:35:56,137 - DEBUG - aptos - Señal generada: ⏳ Sin señal clara
2025-07-08 22:35:57,016 - DEBUG - hedera-hashgraph - Último RSI: 54.80826524928003
2025-07-08 22:35:57,017 - DEBUG - hedera-hashgraph - Último MACD: -0.0004596583718291525
2025-07-08 22:35:57,017 - DEBUG - hedera-hashgraph - Último MACD Signal: nan
2025-07-08 22:35:57,019 - DEBUG - hedera-hashgraph - Señal generada: ⏳ Sin señal clara
2025-07-08 22:35:57,882 - DEBUG - arbitrum - Último RSI: 49.29689532893241
2025-07-08 22:35:57,884 - DEBUG - arbitrum - Último MACD: -0.004524712614231874
2025-07-08 22:35:57,884 - DEBUG - arbitrum - Último MACD Signal: nan
2025-07-08 22:35:57,889 - DEBUG - arbitrum - Señal generada: ⏳ Sin señal clara
2025-07-08 22:35:58,762 - DEBUG - optimism - Último RSI: 43.24237587175296
2025-07-08 22:35:58,763 - DEBUG - optimism - Último MACD: -0.021104266723529386
2025-07-08 22:35:58,764 - DEBUG - optimism - Último MACD Signal: nan
2025-07-08 22:35:58,768 - DEBUG - optimism - Señal generada: ⏳ Sin señal clara
2025-07-08 22:35:59,641 - DEBUG - sui - Último RSI: 48.57883360076485
2025-07-08 22:35:59,642 - DEBUG - sui - Último MACD: -0.0485787067777812
2025-07-08 22:35:59,642 - DEBUG - sui - Último MACD Signal: nan
2025-07-08 22:35:59,643 - DEBUG - sui - Señal generada: ⏳ Sin señal clara
2025-07-08 22:36:00,496 - DEBUG - pepe - Último RSI: 47.16306468699149
2025-07-08 22:36:00,497 - DEBUG - pepe - Último MACD: -3.341758284648408e-07
2025-07-08 22:36:00,497 - DEBUG - pepe - Último MACD Signal: nan
2025-07-08 22:36:00,499 - DEBUG - pepe - Señal generada: ⏳ Sin señal clara
2025-07-08 22:36:01,380 - DEBUG - floki - Último RSI: 59.87202968905835
2025-07-08 22:36:01,381 - DEBUG - floki - Último MACD: 8.674867024976302e-07
2025-07-08 22:36:01,381 - DEBUG - floki - Último MACD Signal: nan
2025-07-08 22:36:01,383 - DEBUG - floki - Señal generada: ⏳ Sin señal clara
2025-07-08 22:36:02,251 - DEBUG - shiba-inu - Último RSI: 50.02380485951512
2025-07-08 22:36:02,252 - DEBUG - shiba-inu - Último MACD: -1.386400214736863e-07
2025-07-08 22:36:02,252 - DEBUG - shiba-inu - Último MACD Signal: nan
2025-07-08 22:36:02,254 - DEBUG - shiba-inu - Señal generada: ⏳ Sin señal clara
2025-07-08 22:36:03,146 - DEBUG - the-open-network - Último RSI: 43.00106174999591
2025-07-08 22:36:03,146 - DEBUG - the-open-network - Último MACD: -0.07876142491111437
2025-07-08 22:36:03,146 - DEBUG - the-open-network - Último MACD Signal: nan
2025-07-08 22:36:03,148 - DEBUG - the-open-network - Señal generada: ⏳ Sin señal clara
2025-07-08 22:36:03,149 - WARNING - ⚠️ No se encontraron señales de Triángulo Dorado en esta ejecución.
2025-07-08 22:36:03,149 - INFO - 📊 APTOS - 2025-07-08 22:35:56
💰 Precio: $4.41
📉 RSI: 42.09 | MACD: -0.0878
🔔 ⏳ Sin señal clara

2025-07-08 22:36:03,150 - INFO - 📊 THE-OPEN-NETWORK - 2025-07-08 22:36:03
💰 Precio: $2.81
📉 RSI: 43.00 | MACD: -0.0788
🔔 ⏳ Sin señal clara

2025-07-08 22:36:03,150 - INFO - 📊 OPTIMISM - 2025-07-08 22:35:58
💰 Precio: $0.54
📉 RSI: 43.24 | MACD: -0.0211
🔔 ⏳ Sin señal clara

2025-07-08 22:36:03,150 - INFO - 📊 POLKADOT - 2025-07-08 22:35:50
💰 Precio: $3.42
📉 RSI: 43.81 | MACD: -0.1130
🔔 ⏳ Sin señal clara

2025-07-08 22:36:03,150 - INFO - 📊 AVALANCHE-2 - 2025-07-08 22:35:53
💰 Precio: $18.14
📉 RSI: 45.81 | MACD: -0.4544
🔔 ⏳ Sin señal clara

2025-07-08 22:36:03,150 - INFO - 📊 CARDANO - 2025-07-08 22:35:48
💰 Precio: $0.59
📉 RSI: 46.64 | MACD: -0.0150
🔔 ⏳ Sin señal clara

2025-07-08 22:36:03,150 - INFO - 📊 PEPE - 2025-07-08 22:36:00
💰 Precio: $0.00
📉 RSI: 47.16 | MACD: -0.0000
🔔 ⏳ Sin señal clara

2025-07-08 22:36:03,150 - INFO - 📊 SUI - 2025-07-08 22:35:59
💰 Precio: $2.89
📉 RSI: 48.58 | MACD: -0.0486
🔔 ⏳ Sin señal clara

2025-07-08 22:36:03,150 - INFO - 📊 ARBITRUM - 2025-07-08 22:35:57
💰 Precio: $0.33
📉 RSI: 49.30 | MACD: -0.0045
🔔 ⏳ Sin señal clara

2025-07-08 22:36:03,150 - INFO - 📊 SHIBA-INU - 2025-07-08 22:36:02
💰 Precio: $0.00
📉 RSI: 50.02 | MACD: -0.0000
🔔 ⏳ Sin señal clara

2025-07-08 22:36:03,150 - INFO - 📊 DOGECOIN - 2025-07-08 22:35:49
💰 Precio: $0.17
📉 RSI: 50.32 | MACD: -0.0026
🔔 ⏳ Sin señal clara

2025-07-08 22:36:03,150 - INFO - 📊 LITECOIN - 2025-07-08 22:35:50
💰 Precio: $87.63
📉 RSI: 51.85 | MACD: -0.1545
🔔 ⏳ Sin señal clara

2025-07-08 22:36:03,150 - INFO - 📊 SOLANA - 2025-07-08 22:35:46
💰 Precio: $151.93
📉 RSI: 51.86 | MACD: -0.5051
🔔 ⏳ Sin señal clara

2025-07-08 22:36:03,150 - INFO - 📊 UNISWAP - 2025-07-08 22:35:55
💰 Precio: $7.61
📉 RSI: 53.17 | MACD: -0.0598
🔔 ⏳ Sin señal clara

2025-07-08 22:36:03,150 - INFO - 📊 CHAINLINK - 2025-07-08 22:35:52
💰 Precio: $13.89
📉 RSI: 53.98 | MACD: -0.0752
🔔 ⏳ Sin señal clara

2025-07-08 23:26:39,658 - INFO - Bot iniciado.
2025-07-08 23:26:40,434 - INFO - 📨 Sistema de Telegram inicializado.
2025-07-08 23:26:40,434 - INFO - 
🔄 Ejecutando análisis: 2025-07-08 23:26:40
2025-07-08 23:26:41,375 - DEBUG - bitcoin - Último RSI: 53.101419489280254
2025-07-08 23:26:41,378 - DEBUG - bitcoin - Último MACD: 396.5612781813106
2025-07-08 23:26:41,378 - DEBUG - bitcoin - Último MACD Signal: nan
2025-07-08 23:26:41,384 - DEBUG - bitcoin - Señal generada: ⏳ Sin señal clara
2025-07-08 23:26:42,333 - DEBUG - ethereum - Último RSI: 54.21533808954174
2025-07-08 23:26:42,336 - DEBUG - ethereum - Último MACD: -5.343837903151325
2025-07-08 23:26:42,336 - DEBUG - ethereum - Último MACD Signal: nan
2025-07-08 23:26:42,342 - DEBUG - ethereum - Señal generada: ⏳ Sin señal clara
2025-07-08 23:26:43,218 - WARNING - No hay datos válidos para tether. Saltando.
2025-07-08 23:26:44,072 - DEBUG - binance-coin - Último RSI: 54.90628206064572
2025-07-08 23:26:44,073 - DEBUG - binance-coin - Último MACD: 1.5353762112346203
2025-07-08 23:26:44,073 - DEBUG - binance-coin - Último MACD Signal: nan
2025-07-08 23:26:44,075 - DEBUG - binance-coin - Señal generada: ⏳ Sin señal clara
2025-07-08 23:26:45,016 - DEBUG - bnb - Último RSI: 54.90628206064572
2025-07-08 23:26:45,017 - DEBUG - bnb - Último MACD: 1.5353762112346203
2025-07-08 23:26:45,017 - DEBUG - bnb - Último MACD Signal: nan
2025-07-08 23:26:45,021 - DEBUG - bnb - Señal generada: ⏳ Sin señal clara
2025-07-08 23:26:45,948 - DEBUG - solana - Último RSI: 51.72649041964005
2025-07-08 23:26:45,948 - DEBUG - solana - Último MACD: -0.514674540010617
2025-07-08 23:26:45,948 - DEBUG - solana - Último MACD Signal: nan
2025-07-08 23:26:45,950 - DEBUG - solana - Señal generada: ⏳ Sin señal clara
2025-07-08 23:26:46,803 - DEBUG - ripple - Último RSI: 59.51414421156576
2025-07-08 23:26:46,804 - DEBUG - ripple - Último MACD: 0.019697144874025962
2025-07-08 23:26:46,804 - DEBUG - ripple - Último MACD Signal: nan
2025-07-08 23:26:46,808 - DEBUG - ripple - Señal generada: ⏳ Sin señal clara
2025-07-08 23:26:47,757 - DEBUG - cardano - Último RSI: 45.98426713862779
2025-07-08 23:26:47,759 - DEBUG - cardano - Último MACD: -0.01519391909798029
2025-07-08 23:26:47,760 - DEBUG - cardano - Último MACD Signal: nan
2025-07-08 23:26:47,764 - DEBUG - cardano - Señal generada: ⏳ Sin señal clara
2025-07-08 23:26:48,690 - DEBUG - dogecoin - Último RSI: 49.76239565603617
2025-07-08 23:26:48,693 - DEBUG - dogecoin - Último MACD: -0.002627701241950109
2025-07-08 23:26:48,693 - DEBUG - dogecoin - Último MACD Signal: nan
2025-07-08 23:26:48,698 - DEBUG - dogecoin - Señal generada: ⏳ Sin señal clara
2025-07-08 23:26:50,183 - DEBUG - litecoin - Último RSI: 51.70208389134121
2025-07-08 23:26:50,184 - DEBUG - litecoin - Último MACD: -0.15850183244175753
2025-07-08 23:26:50,184 - DEBUG - litecoin - Último MACD Signal: nan
2025-07-08 23:26:50,186 - DEBUG - litecoin - Señal generada: ⏳ Sin señal clara
2025-07-08 23:26:51,062 - DEBUG - polkadot - Último RSI: 43.728088909529696
2025-07-08 23:26:51,065 - DEBUG - polkadot - Último MACD: -0.11312305852768478
2025-07-08 23:26:51,065 - DEBUG - polkadot - Último MACD Signal: nan
2025-07-08 23:26:51,069 - DEBUG - polkadot - Señal generada: ⏳ Sin señal clara
2025-07-08 23:26:51,941 - DEBUG - tron - Último RSI: 61.17209065967332
2025-07-08 23:26:51,943 - DEBUG - tron - Último MACD: 0.001888106231598241
2025-07-08 23:26:51,943 - DEBUG - tron - Último MACD Signal: nan
2025-07-08 23:26:51,947 - DEBUG - tron - Señal generada: ⏳ Sin señal clara
2025-07-08 23:26:52,882 - DEBUG - chainlink - Último RSI: 53.72009545416034
2025-07-08 23:26:52,884 - DEBUG - chainlink - Último MACD: -0.07679336738036646
2025-07-08 23:26:52,884 - DEBUG - chainlink - Último MACD Signal: nan
2025-07-08 23:26:52,890 - DEBUG - chainlink - Señal generada: ⏳ Sin señal clara
2025-07-08 23:26:53,813 - DEBUG - avalanche-2 - Último RSI: 45.80769431646354
2025-07-08 23:26:53,814 - DEBUG - avalanche-2 - Último MACD: -0.45444734129482
2025-07-08 23:26:53,814 - DEBUG - avalanche-2 - Último MACD Signal: nan
2025-07-08 23:26:53,815 - DEBUG - avalanche-2 - Señal generada: ⏳ Sin señal clara
2025-07-08 23:26:54,664 - DEBUG - stellar - Último RSI: 58.08702823696104
2025-07-08 23:26:54,665 - DEBUG - stellar - Último MACD: -0.0019430607963017432
2025-07-08 23:26:54,665 - DEBUG - stellar - Último MACD Signal: nan
2025-07-08 23:26:54,667 - DEBUG - stellar - Señal generada: ⏳ Sin señal clara
2025-07-08 23:26:55,546 - DEBUG - uniswap - Último RSI: 52.76227483112594
2025-07-08 23:26:55,549 - DEBUG - uniswap - Último MACD: -0.06185488188551158
2025-07-08 23:26:55,549 - DEBUG - uniswap - Último MACD Signal: nan
2025-07-08 23:26:55,554 - DEBUG - uniswap - Señal generada: ⏳ Sin señal clara
2025-07-08 23:26:56,436 - DEBUG - aptos - Último RSI: 42.23230918574156
2025-07-08 23:26:56,439 - DEBUG - aptos - Último MACD: -0.08740554278783641
2025-07-08 23:26:56,439 - DEBUG - aptos - Último MACD Signal: nan
2025-07-08 23:26:56,444 - DEBUG - aptos - Señal generada: ⏳ Sin señal clara
2025-07-08 23:26:57,319 - DEBUG - hedera-hashgraph - Último RSI: 54.27501750065588
2025-07-08 23:26:57,321 - DEBUG - hedera-hashgraph - Último MACD: -0.0004987466909174565
2025-07-08 23:26:57,321 - DEBUG - hedera-hashgraph - Último MACD Signal: nan
2025-07-08 23:26:57,325 - DEBUG - hedera-hashgraph - Señal generada: ⏳ Sin señal clara
2025-07-08 23:26:58,200 - DEBUG - arbitrum - Último RSI: 49.231675410193716
2025-07-08 23:26:58,200 - DEBUG - arbitrum - Último MACD: -0.004540667030186241
2025-07-08 23:26:58,200 - DEBUG - arbitrum - Último MACD Signal: nan
2025-07-08 23:26:58,202 - DEBUG - arbitrum - Señal generada: ⏳ Sin señal clara
2025-07-08 23:26:59,125 - DEBUG - optimism - Último RSI: 42.70384760887311
2025-07-08 23:26:59,127 - DEBUG - optimism - Último MACD: -0.021343582962845553
2025-07-08 23:26:59,127 - DEBUG - optimism - Último MACD Signal: nan
2025-07-08 23:26:59,132 - DEBUG - optimism - Señal generada: ⏳ Sin señal clara
2025-07-08 23:27:00,005 - DEBUG - sui - Último RSI: 48.65185114532908
2025-07-08 23:27:00,009 - DEBUG - sui - Último MACD: -0.04845107145014582
2025-07-08 23:27:00,009 - DEBUG - sui - Último MACD Signal: nan
2025-07-08 23:27:00,014 - DEBUG - sui - Señal generada: ⏳ Sin señal clara
2025-07-08 23:27:00,960 - DEBUG - pepe - Último RSI: 47.05716619236754
2025-07-08 23:27:00,962 - DEBUG - pepe - Último MACD: -3.3497354926256226e-07
2025-07-08 23:27:00,962 - DEBUG - pepe - Último MACD Signal: nan
2025-07-08 23:27:00,967 - DEBUG - pepe - Señal generada: ⏳ Sin señal clara
2025-07-08 23:27:01,834 - DEBUG - floki - Último RSI: 60.24008303172703
2025-07-08 23:27:01,835 - DEBUG - floki - Último MACD: 8.922160472269743e-07
2025-07-08 23:27:01,835 - DEBUG - floki - Último MACD Signal: nan
2025-07-08 23:27:01,836 - DEBUG - floki - Señal generada: ⏳ Sin señal clara
2025-07-08 23:27:02,732 - DEBUG - shiba-inu - Último RSI: 50.02380485951512
2025-07-08 23:27:02,734 - DEBUG - shiba-inu - Último MACD: -1.386400214736863e-07
2025-07-08 23:27:02,734 - DEBUG - shiba-inu - Último MACD Signal: nan
2025-07-08 23:27:02,739 - DEBUG - shiba-inu - Señal generada: ⏳ Sin señal clara
2025-07-08 23:27:03,609 - DEBUG - the-open-network - Último RSI: 42.427474868215796
2025-07-08 23:27:03,611 - DEBUG - the-open-network - Último MACD: -0.07931982946951921
2025-07-08 23:27:03,611 - DEBUG - the-open-network - Último MACD Signal: nan
2025-07-08 23:27:03,617 - DEBUG - the-open-network - Señal generada: ⏳ Sin señal clara
2025-07-08 23:27:03,620 - WARNING - ⚠️ No se encontraron señales de Triángulo Dorado en esta ejecución.
2025-07-08 23:27:03,620 - INFO - 📊 APTOS - 2025-07-08 23:26:56
💰 Precio: $4.42
📉 RSI: 42.23 | MACD: -0.0874
🔔 ⏳ Sin señal clara

2025-07-08 23:27:03,620 - INFO - 📊 THE-OPEN-NETWORK - 2025-07-08 23:27:03
💰 Precio: $2.81
📉 RSI: 42.43 | MACD: -0.0793
🔔 ⏳ Sin señal clara

2025-07-08 23:27:03,620 - INFO - 📊 OPTIMISM - 2025-07-08 23:26:59
💰 Precio: $0.54
📉 RSI: 42.70 | MACD: -0.0213
🔔 ⏳ Sin señal clara

2025-07-08 23:27:03,620 - INFO - 📊 POLKADOT - 2025-07-08 23:26:51
💰 Precio: $3.42
📉 RSI: 43.73 | MACD: -0.1131
🔔 ⏳ Sin señal clara

2025-07-08 23:27:03,620 - INFO - 📊 AVALANCHE-2 - 2025-07-08 23:26:53
💰 Precio: $18.14
📉 RSI: 45.81 | MACD: -0.4544
🔔 ⏳ Sin señal clara

2025-07-08 23:27:03,620 - INFO - 📊 CARDANO - 2025-07-08 23:26:47
💰 Precio: $0.59
📉 RSI: 45.98 | MACD: -0.0152
🔔 ⏳ Sin señal clara

2025-07-08 23:27:03,620 - INFO - 📊 PEPE - 2025-07-08 23:27:00
💰 Precio: $0.00
📉 RSI: 47.06 | MACD: -0.0000
🔔 ⏳ Sin señal clara

2025-07-08 23:27:03,620 - INFO - 📊 SUI - 2025-07-08 23:27:00
💰 Precio: $2.90
📉 RSI: 48.65 | MACD: -0.0485
🔔 ⏳ Sin señal clara

2025-07-08 23:27:03,620 - INFO - 📊 ARBITRUM - 2025-07-08 23:26:58
💰 Precio: $0.33
📉 RSI: 49.23 | MACD: -0.0045
🔔 ⏳ Sin señal clara

2025-07-08 23:27:03,620 - INFO - 📊 DOGECOIN - 2025-07-08 23:26:48
💰 Precio: $0.17
📉 RSI: 49.76 | MACD: -0.0026
🔔 ⏳ Sin señal clara

2025-07-08 23:27:03,620 - INFO - 📊 SHIBA-INU - 2025-07-08 23:27:02
💰 Precio: $0.00
📉 RSI: 50.02 | MACD: -0.0000
🔔 ⏳ Sin señal clara

2025-07-08 23:27:03,620 - INFO - 📊 LITECOIN - 2025-07-08 23:26:50
💰 Precio: $87.58
📉 RSI: 51.70 | MACD: -0.1585
🔔 ⏳ Sin señal clara

2025-07-08 23:27:03,620 - INFO - 📊 SOLANA - 2025-07-08 23:26:45
💰 Precio: $151.81
📉 RSI: 51.73 | MACD: -0.5147
🔔 ⏳ Sin señal clara

2025-07-08 23:27:03,620 - INFO - 📊 UNISWAP - 2025-07-08 23:26:55
💰 Precio: $7.58
📉 RSI: 52.76 | MACD: -0.0619
🔔 ⏳ Sin señal clara

2025-07-08 23:27:03,621 - INFO - 📊 BITCOIN - 2025-07-08 23:26:41
💰 Precio: $108413.47
📉 RSI: 53.10 | MACD: 396.5613
🔔 ⏳ Sin señal clara

2025-07-28 21:33:40,801 - INFO - 🚀 Iniciando Bot de Inversión...
2025-07-28 21:33:40,801 - INFO - 
🔄 Ejecutando análisis: 2025-07-28 21:33:40
2025-07-28 21:33:41,177 - INFO - Obteniendo las 100 principales criptomonedas...
2025-07-28 21:33:41,178 - INFO - Obteniendo las 100 criptomonedas principales desde CoinGecko...
2025-07-28 21:33:42,747 - ERROR - ❌ Error procesando BTC: 'ema200'
2025-07-28 21:33:43,943 - ERROR - ❌ Error procesando ETH: 'ema200'
2025-07-28 21:33:45,172 - ERROR - ❌ Error procesando XRP: 'ema200'
2025-07-28 21:33:46,006 - WARNING - No se obtuvieron klines para USDTUSDT. Saltando.
2025-07-28 21:33:47,324 - ERROR - ❌ Error procesando BNB: 'ema200'
2025-07-28 21:33:48,501 - ERROR - ❌ Error procesando SOL: 'ema200'
2025-07-28 21:33:49,680 - ERROR - ❌ Error procesando USDC: 'ema200'
2025-07-28 21:33:51,009 - ERROR - ❌ Error procesando DOGE: 'ema200'
2025-07-28 21:33:51,845 - WARNING - No se obtuvieron klines para STETHUSDT. Saltando.
2025-07-28 21:33:53,015 - ERROR - ❌ Error procesando TRX: 'ema200'
2025-07-28 21:33:54,194 - ERROR - ❌ Error procesando ADA: 'ema200'
2025-07-28 21:33:55,041 - WARNING - No se obtuvieron klines para WSTETHUSDT. Saltando.
2025-07-28 21:33:56,223 - ERROR - ❌ Error procesando WBTC: 'ema200'
2025-07-28 21:33:57,065 - WARNING - No se obtuvieron klines para HYPEUSDT. Saltando.
2025-07-28 21:33:58,297 - ERROR - ❌ Error procesando SUI: 'ema200'
2025-07-28 21:33:59,612 - ERROR - ❌ Error procesando XLM: 'ema200'
2025-07-28 21:34:00,840 - ERROR - ❌ Error procesando LINK: 'ema200'
2025-07-28 21:34:02,172 - ERROR - ❌ Error procesando WBETH: 'ema200'
2025-07-28 21:34:03,504 - ERROR - ❌ Error procesando BCH: 'ema200'
2025-07-28 21:34:04,832 - ERROR - ❌ Error procesando HBAR: 'ema200'
2025-07-28 21:34:05,679 - WARNING - No se obtuvieron klines para WEETHUSDT. Saltando.
2025-07-28 21:34:06,887 - ERROR - ❌ Error procesando AVAX: 'ema200'
2025-07-28 21:34:07,728 - WARNING - No se obtuvieron klines para WETHUSDT. Saltando.
2025-07-28 21:34:08,903 - ERROR - ❌ Error procesando LTC: 'ema200'
2025-07-28 21:34:09,811 - WARNING - No se obtuvieron klines para LEOUSDT. Saltando.
2025-07-28 21:34:10,988 - ERROR - ❌ Error procesando TON: 'ema200'
2025-07-28 21:34:12,281 - ERROR - ❌ Error procesando SHIB: 'ema200'
2025-07-28 21:34:13,216 - WARNING - No se obtuvieron klines para USDEUSDT. Saltando.
2025-07-28 21:34:14,389 - WARNING - No se obtuvieron klines para USDSUSDT. Saltando.
2025-07-28 21:34:15,237 - WARNING - No se obtuvieron klines para BSC-USDUSDT. Saltando.
2025-07-28 21:34:16,080 - WARNING - No se obtuvieron klines para WBTUSDT. Saltando.
2025-07-28 21:34:17,004 - WARNING - No se obtuvieron klines para CBBTCUSDT. Saltando.
2025-07-28 21:34:18,245 - ERROR - ❌ Error procesando UNI: 'ema200'
2025-07-28 21:34:19,495 - ERROR - ❌ Error procesando DOT: 'ema200'
2025-07-28 21:34:20,731 - WARNING - No se obtuvieron klines para XMRUSDT. Saltando.
2025-07-28 21:34:21,579 - WARNING - No se obtuvieron klines para BGBUSDT. Saltando.
2025-07-28 21:34:22,867 - ERROR - ❌ Error procesando PEPE: 'ema200'
2025-07-28 21:34:23,764 - WARNING - No se obtuvieron klines para CROUSDT. Saltando.
2025-07-28 21:34:25,030 - ERROR - ❌ Error procesando AAVE: 'ema200'
2025-07-28 21:34:25,862 - WARNING - No se obtuvieron klines para SUSDEUSDT. Saltando.
2025-07-28 21:34:27,070 - ERROR - ❌ Error procesando ENA: 'ema200'
2025-07-28 21:34:28,249 - ERROR - ❌ Error procesando TAO: 'ema200'
2025-07-28 21:34:29,399 - WARNING - No se obtuvieron klines para DAIUSDT. Saltando.
2025-07-28 21:34:30,230 - WARNING - No se obtuvieron klines para PIUSDT. Saltando.
2025-07-28 21:34:31,398 - ERROR - ❌ Error procesando NEAR: 'ema200'
2025-07-28 21:34:32,581 - ERROR - ❌ Error procesando ETC: 'ema200'
2025-07-28 21:34:33,912 - ERROR - ❌ Error procesando ONDO: 'ema200'
2025-07-28 21:34:35,139 - ERROR - ❌ Error procesando ICP: 'ema200'
2025-07-28 21:34:36,051 - WARNING - No se obtuvieron klines para JITOSOLUSDT. Saltando.
2025-07-28 21:34:36,893 - WARNING - No se obtuvieron klines para OKBUSDT. Saltando.
2025-07-28 21:34:38,116 - ERROR - ❌ Error procesando APT: 'ema200'
2025-07-28 21:34:38,961 - WARNING - No se obtuvieron klines para MNTUSDT. Saltando.
2025-07-28 21:34:39,812 - WARNING - No se obtuvieron klines para KASUSDT. Saltando.
2025-07-28 21:34:41,189 - ERROR - ❌ Error procesando PENGU: 'ema200'
2025-07-28 21:34:42,521 - ERROR - ❌ Error procesando BONK: 'ema200'
2025-07-28 21:34:43,426 - WARNING - No se obtuvieron klines para BUIDLUSDT. Saltando.
2025-07-28 21:34:44,772 - ERROR - ❌ Error procesando ALGO: 'ema200'
2025-07-28 21:34:45,610 - WARNING - No se obtuvieron klines para WETHUSDT. Saltando.
2025-07-28 21:34:46,819 - ERROR - ❌ Error procesando ARB: 'ema200'
2025-07-28 21:34:48,151 - ERROR - ❌ Error procesando USD1: 'ema200'
2025-07-28 21:34:49,058 - WARNING - No se obtuvieron klines para GTUSDT. Saltando.
2025-07-28 21:34:50,403 - ERROR - ❌ Error procesando ATOM: 'ema200'
2025-07-28 21:34:51,735 - ERROR - ❌ Error procesando VET: 'ema200'
2025-07-28 21:34:52,986 - ERROR - ❌ Error procesando RENDER: 'ema200'
2025-07-28 21:34:54,289 - ERROR - ❌ Error procesando POL: 'ema200'
2025-07-28 21:34:55,474 - ERROR - ❌ Error procesando WLD: 'ema200'
2025-07-28 21:34:56,429 - WARNING - No se obtuvieron klines para FTNUSDT. Saltando.
2025-07-28 21:34:57,268 - WARNING - No se obtuvieron klines para SPXUSDT. Saltando.
2025-07-28 21:34:58,598 - ERROR - ❌ Error procesando TRUMP: 'ema200'
2025-07-28 21:34:59,504 - WARNING - No se obtuvieron klines para SKYUSDT. Saltando.
2025-07-28 21:35:00,848 - ERROR - ❌ Error procesando FET: 'ema200'
2025-07-28 21:35:02,079 - ERROR - ❌ Error procesando SEI: 'ema200'
2025-07-28 21:35:03,405 - ERROR - ❌ Error procesando BNSOL: 'ema200'
2025-07-28 21:35:04,315 - WARNING - No se obtuvieron klines para RETHUSDT. Saltando.
2025-07-28 21:35:05,567 - ERROR - ❌ Error procesando FIL: 'ema200'
2025-07-28 21:35:05,581 - WARNING - 🛑 Ejecución del bot interrumpida por el usuario.
2025-07-28 21:37:09,728 - INFO - 🚀 Iniciando Bot de Inversión...
2025-07-28 21:37:09,729 - INFO - 
🔄 Ejecutando análisis: 2025-07-28 21:37:09
2025-07-28 21:37:10,098 - INFO - Obteniendo las 100 principales criptomonedas...
2025-07-28 21:37:10,098 - INFO - Obteniendo las 100 criptomonedas principales desde CoinGecko...
2025-07-28 21:37:14,877 - WARNING - No se obtuvieron klines para USDTUSDT. Saltando.
2025-07-28 21:37:20,443 - WARNING - No se obtuvieron klines para STETHUSDT. Saltando.
2025-07-28 21:37:23,645 - WARNING - No se obtuvieron klines para WSTETHUSDT. Saltando.
2025-07-28 21:37:25,639 - WARNING - No se obtuvieron klines para HYPEUSDT. Saltando.
2025-07-28 21:37:33,543 - WARNING - No se obtuvieron klines para WEETHUSDT. Saltando.
2025-07-28 21:37:35,550 - WARNING - No se obtuvieron klines para WETHUSDT. Saltando.
2025-07-28 21:37:37,554 - WARNING - No se obtuvieron klines para LEOUSDT. Saltando.
2025-07-28 21:37:40,767 - WARNING - No se obtuvieron klines para USDEUSDT. Saltando.
2025-07-28 21:37:41,927 - WARNING - No se obtuvieron klines para USDSUSDT. Saltando.
2025-07-28 21:37:42,765 - WARNING - No se obtuvieron klines para BSC-USDUSDT. Saltando.
2025-07-28 21:37:43,597 - WARNING - No se obtuvieron klines para WBTUSDT. Saltando.
2025-07-28 21:37:44,441 - WARNING - No se obtuvieron klines para CBBTCUSDT. Saltando.
2025-07-28 21:37:48,005 - WARNING - No se obtuvieron klines para XMRUSDT. Saltando.
2025-07-28 21:37:48,844 - WARNING - No se obtuvieron klines para BGBUSDT. Saltando.
2025-07-28 21:37:50,900 - WARNING - No se obtuvieron klines para CROUSDT. Saltando.
2025-07-28 21:37:52,917 - WARNING - No se obtuvieron klines para SUSDEUSDT. Saltando.
2025-07-28 21:37:56,501 - WARNING - No se obtuvieron klines para DAIUSDT. Saltando.
2025-07-28 21:37:57,340 - WARNING - No se obtuvieron klines para PIUSDT. Saltando.
2025-07-28 21:38:03,004 - WARNING - No se obtuvieron klines para JITOSOLUSDT. Saltando.
2025-07-28 21:38:03,833 - WARNING - No se obtuvieron klines para OKBUSDT. Saltando.
2025-07-28 21:38:05,841 - WARNING - No se obtuvieron klines para MNTUSDT. Saltando.
2025-07-28 21:38:06,687 - WARNING - No se obtuvieron klines para KASUSDT. Saltando.
2025-07-28 21:38:09,965 - WARNING - No se obtuvieron klines para BUIDLUSDT. Saltando.
2025-07-28 21:38:11,985 - WARNING - No se obtuvieron klines para WETHUSDT. Saltando.
2025-07-28 21:38:15,159 - WARNING - No se obtuvieron klines para GTUSDT. Saltando.
2025-07-28 21:38:22,001 - WARNING - No se obtuvieron klines para FTNUSDT. Saltando.
2025-07-28 21:38:22,847 - WARNING - No se obtuvieron klines para SPXUSDT. Saltando.
2025-07-28 21:38:24,882 - WARNING - No se obtuvieron klines para SKYUSDT. Saltando.
2025-07-28 21:38:29,225 - WARNING - No se obtuvieron klines para RETHUSDT. Saltando.
2025-07-28 21:38:32,401 - WARNING - No se obtuvieron klines para FLRUSDT. Saltando.
2025-07-28 21:38:33,232 - WARNING - No se obtuvieron klines para RSETHUSDT. Saltando.
2025-07-28 21:38:34,075 - WARNING - No se obtuvieron klines para LBTCUSDT. Saltando.
2025-07-28 21:38:34,979 - WARNING - No se obtuvieron klines para SUSDSUSDT. Saltando.
2025-07-28 21:38:37,025 - WARNING - No se obtuvieron klines para IPUSDT. Saltando.
2025-07-28 21:38:37,865 - WARNING - No se obtuvieron klines para JLPUSDT. Saltando.
2025-07-28 21:38:38,692 - WARNING - No se obtuvieron klines para KCSUSDT. Saltando.
2025-07-28 21:38:39,520 - WARNING - No se obtuvieron klines para XDCUSDT. Saltando.
2025-07-28 21:38:40,354 - WARNING - No se obtuvieron klines para USDTBUSDT. Saltando.
2025-07-28 21:38:41,197 - WARNING - No se obtuvieron klines para OSETHUSDT. Saltando.
2025-07-28 21:38:43,302 - WARNING - No se obtuvieron klines para METHUSDT. Saltando.
2025-07-28 21:38:46,543 - WARNING - No se obtuvieron klines para LSETHUSDT. Saltando.
2025-07-28 21:38:48,569 - WARNING - No se obtuvieron klines para USDT0USDT. Saltando.
2025-07-28 21:38:51,754 - WARNING - No se obtuvieron klines para EZETHUSDT. Saltando.
2025-07-28 21:38:53,826 - WARNING - No se obtuvieron klines para USDTUSDT. Saltando.
2025-07-28 21:38:54,662 - WARNING - No se obtuvieron klines para USDFUSDT. Saltando.
2025-07-28 21:38:54,663 - INFO - --- Top 20 Señales Encontradas ---
2025-07-28 21:38:54,664 - INFO - 📊 APT: Precio=$4.66, RSI=43.30, Señal='Datos Insuficientes'
2025-07-28 21:38:54,664 - INFO - 📊 TRUMP: Precio=$9.68, RSI=46.54, Señal='Datos Insuficientes'
2025-07-28 21:38:54,664 - INFO - 📊 AAVE: Precio=$290.08, RSI=46.68, Señal='Datos Insuficientes'
2025-07-28 21:38:54,664 - INFO - 📊 FDUSD: Precio=$1.00, RSI=47.19, Señal='Datos Insuficientes'
2025-07-28 21:38:54,664 - INFO - 📊 PEPE: Precio=$0.00, RSI=47.44, Señal='Datos Insuficientes'
2025-07-28 21:38:54,664 - INFO - 📊 FET: Precio=$0.73, RSI=48.16, Señal='Datos Insuficientes'
2025-07-28 21:38:54,664 - INFO - 📊 SHIB: Precio=$0.00, RSI=48.31, Señal='Datos Insuficientes'
2025-07-28 21:38:54,665 - INFO - 📊 DOT: Precio=$3.98, RSI=48.82, Señal='Datos Insuficientes'
2025-07-28 21:38:54,665 - INFO - 📊 VET: Precio=$0.02, RSI=48.88, Señal='Datos Insuficientes'
2025-07-28 21:38:54,665 - INFO - 📊 ATOM: Precio=$4.63, RSI=49.70, Señal='Datos Insuficientes'
2025-07-28 21:38:54,665 - INFO - 📊 FIL: Precio=$2.61, RSI=49.74, Señal='Datos Insuficientes'
2025-07-28 21:38:54,665 - INFO - 📊 TIA: Precio=$1.90, RSI=49.91, Señal='Datos Insuficientes'
2025-07-28 21:38:54,665 - INFO - 📊 TAO: Precio=$403.40, RSI=50.80, Señal='Datos Insuficientes'
2025-07-28 21:38:54,665 - INFO - 📊 STX: Precio=$0.79, RSI=51.05, Señal='Datos Insuficientes'
2025-07-28 21:38:54,665 - INFO - 📊 ICP: Precio=$5.56, RSI=51.33, Señal='Datos Insuficientes'
2025-07-28 21:38:54,666 - INFO - 📊 POL: Precio=$0.23, RSI=51.34, Señal='Datos Insuficientes'
2025-07-28 21:38:54,666 - INFO - 📊 WLD: Precio=$1.12, RSI=51.47, Señal='Datos Insuficientes'
2025-07-28 21:38:54,666 - INFO - 📊 SEI: Precio=$0.32, RSI=51.53, Señal='Datos Insuficientes'
2025-07-28 21:38:54,666 - INFO - 📊 NEAR: Precio=$2.74, RSI=53.22, Señal='Datos Insuficientes'
2025-07-28 21:38:54,666 - INFO - 📊 RENDER: Precio=$4.07, RSI=53.53, Señal='Datos Insuficientes'
2025-07-28 21:38:54,700 - INFO - Resultados exportados exitosamente a: reports/top_signals_2025-07-28_21-38-54.csv
2025-07-28 21:38:54,709 - INFO - ✅ Ciclo del bot completado exitosamente.
